{"C:\\PROJECT\\GIAODICHGAME\\apps\\api\\src\\app.module.ts": {"path":"C:\\PROJECT\\GIAODICHGAME\\apps\\api\\src\\app.module.ts","statementMap":{"0":{"start":{"line":1,"column":0},"end":{"line":1,"column":40}},"1":{"start":{"line":2,"column":0},"end":{"line":2,"column":46}},"2":{"start":{"line":3,"column":0},"end":{"line":3,"column":50}},"3":{"start":{"line":4,"column":0},"end":{"line":4,"column":52}},"4":{"start":{"line":5,"column":0},"end":{"line":5,"column":60}},"5":{"start":{"line":6,"column":0},"end":{"line":6,"column":51}},"6":{"start":{"line":7,"column":0},"end":{"line":7,"column":62}},"7":{"start":{"line":8,"column":0},"end":{"line":8,"column":48}},"8":{"start":{"line":9,"column":0},"end":{"line":9,"column":51}},"9":{"start":{"line":10,"column":0},"end":{"line":10,"column":54}},"10":{"start":{"line":11,"column":0},"end":{"line":11,"column":51}},"11":{"start":{"line":12,"column":0},"end":{"line":12,"column":60}},"12":{"start":{"line":13,"column":0},"end":{"line":13,"column":54}},"13":{"start":{"line":14,"column":0},"end":{"line":14,"column":75}},"14":{"start":{"line":15,"column":0},"end":{"line":15,"column":54}},"15":{"start":{"line":16,"column":0},"end":{"line":16,"column":60}},"16":{"start":{"line":17,"column":0},"end":{"line":17,"column":45}},"17":{"start":{"line":18,"column":0},"end":{"line":18,"column":45}},"18":{"start":{"line":19,"column":0},"end":{"line":19,"column":51}},"19":{"start":{"line":51,"column":7},"end":{"line":51,"column":null}},"20":{"start":{"line":51,"column":13},"end":{"line":51,"column":22}},"21":{"start":{"line":51,"column":13},"end":{"line":51,"column":null}}},"fnMap":{},"branchMap":{},"s":{"0":0,"1":0,"2":0,"3":0,"4":0,"5":0,"6":0,"7":0,"8":0,"9":0,"10":0,"11":0,"12":0,"13":0,"14":0,"15":0,"16":0,"17":0,"18":0,"19":0,"20":0,"21":0},"f":{},"b":{}}
,"C:\\PROJECT\\GIAODICHGAME\\apps\\api\\src\\main.ts": {"path":"C:\\PROJECT\\GIAODICHGAME\\apps\\api\\src\\main.ts","statementMap":{"0":{"start":{"line":1,"column":0},"end":{"line":1,"column":43}},"1":{"start":{"line":2,"column":0},"end":{"line":2,"column":48}},"2":{"start":{"line":3,"column":0},"end":{"line":3,"column":41}},"3":{"start":{"line":6,"column":14},"end":{"line":6,"column":49}},"4":{"start":{"line":9,"column":2},"end":{"line":15,"column":4}},"5":{"start":{"line":18,"column":2},"end":{"line":21,"column":5}},"6":{"start":{"line":24,"column":2},"end":{"line":24,"column":29}},"7":{"start":{"line":26,"column":15},"end":{"line":26,"column":39}},"8":{"start":{"line":27,"column":2},"end":{"line":27,"column":25}},"9":{"start":{"line":28,"column":2},"end":{"line":28,"column":71}},"10":{"start":{"line":31,"column":0},"end":{"line":31,"column":17}}},"fnMap":{"0":{"name":"bootstrap","decl":{"start":{"line":5,"column":15},"end":{"line":5,"column":24}},"loc":{"start":{"line":5,"column":24},"end":{"line":29,"column":1}}}},"branchMap":{"0":{"loc":{"start":{"line":19,"column":12},"end":{"line":19,"column":63}},"type":"binary-expr","locations":[{"start":{"line":19,"column":12},"end":{"line":19,"column":36}},{"start":{"line":19,"column":40},"end":{"line":19,"column":63}}]},"1":{"loc":{"start":{"line":26,"column":15},"end":{"line":26,"column":39}},"type":"binary-expr","locations":[{"start":{"line":26,"column":15},"end":{"line":26,"column":31}},{"start":{"line":26,"column":35},"end":{"line":26,"column":39}}]}},"s":{"0":0,"1":0,"2":0,"3":0,"4":0,"5":0,"6":0,"7":0,"8":0,"9":0,"10":0},"f":{"0":0},"b":{"0":[0,0],"1":[0,0]}}
,"C:\\PROJECT\\GIAODICHGAME\\apps\\api\\src\\admin\\admin.controller.ts": {"path":"C:\\PROJECT\\GIAODICHGAME\\apps\\api\\src\\admin\\admin.controller.ts","statementMap":{"0":{"start":{"line":1,"column":0},"end":{"line":1,"column":null}},"1":{"start":{"line":11,"column":0},"end":{"line":11,"column":62}},"2":{"start":{"line":12,"column":0},"end":{"line":12,"column":63}},"3":{"start":{"line":13,"column":0},"end":{"line":13,"column":70}},"4":{"start":{"line":14,"column":0},"end":{"line":14,"column":88}},"5":{"start":{"line":15,"column":0},"end":{"line":15,"column":47}},"6":{"start":{"line":19,"column":7},"end":{"line":65,"column":null}},"7":{"start":{"line":20,"column":22},"end":{"line":20,"column":36}},"8":{"start":{"line":27,"column":4},"end":{"line":27,"column":40}},"9":{"start":{"line":40,"column":4},"end":{"line":45,"column":7}},"10":{"start":{"line":51,"column":4},"end":{"line":51,"column":45}},"11":{"start":{"line":57,"column":4},"end":{"line":57,"column":41}},"12":{"start":{"line":63,"column":4},"end":{"line":63,"column":43}},"13":{"start":{"line":19,"column":13},"end":{"line":19,"column":28}},"14":{"start":{"line":26,"column":2},"end":{"line":28,"column":null}},"15":{"start":{"line":34,"column":2},"end":{"line":46,"column":null}},"16":{"start":{"line":50,"column":2},"end":{"line":52,"column":null}},"17":{"start":{"line":56,"column":2},"end":{"line":58,"column":null}},"18":{"start":{"line":62,"column":2},"end":{"line":64,"column":null}},"19":{"start":{"line":19,"column":13},"end":{"line":65,"column":null}}},"fnMap":{"0":{"name":"(anonymous_4)","decl":{"start":{"line":20,"column":2},"end":{"line":20,"column":22}},"loc":{"start":{"line":20,"column":48},"end":{"line":20,"column":52}}},"1":{"name":"(anonymous_5)","decl":{"start":{"line":26,"column":2},"end":{"line":26,"column":10}},"loc":{"start":{"line":26,"column":10},"end":{"line":28,"column":3}}},"2":{"name":"(anonymous_6)","decl":{"start":{"line":34,"column":2},"end":{"line":34,"column":10}},"loc":{"start":{"line":38,"column":40},"end":{"line":46,"column":3}}},"3":{"name":"(anonymous_7)","decl":{"start":{"line":50,"column":2},"end":{"line":50,"column":13}},"loc":{"start":{"line":50,"column":51},"end":{"line":52,"column":3}}},"4":{"name":"(anonymous_8)","decl":{"start":{"line":56,"column":2},"end":{"line":56,"column":9}},"loc":{"start":{"line":56,"column":47},"end":{"line":58,"column":3}}},"5":{"name":"(anonymous_9)","decl":{"start":{"line":62,"column":2},"end":{"line":62,"column":11}},"loc":{"start":{"line":62,"column":49},"end":{"line":64,"column":3}}}},"branchMap":{"0":{"loc":{"start":{"line":41,"column":12},"end":{"line":41,"column":37}},"type":"cond-expr","locations":[{"start":{"line":41,"column":19},"end":{"line":41,"column":33}},{"start":{"line":41,"column":36},"end":{"line":41,"column":37}}]},"1":{"loc":{"start":{"line":42,"column":13},"end":{"line":42,"column":41}},"type":"cond-expr","locations":[{"start":{"line":42,"column":21},"end":{"line":42,"column":36}},{"start":{"line":42,"column":39},"end":{"line":42,"column":41}}]},"2":{"loc":{"start":{"line":44,"column":16},"end":{"line":44,"column":85}},"type":"cond-expr","locations":[{"start":{"line":44,"column":38},"end":{"line":44,"column":42}},{"start":{"line":44,"column":45},"end":{"line":44,"column":85}}]},"3":{"loc":{"start":{"line":44,"column":45},"end":{"line":44,"column":85}},"type":"cond-expr","locations":[{"start":{"line":44,"column":68},"end":{"line":44,"column":73}},{"start":{"line":44,"column":76},"end":{"line":44,"column":85}}]},"4":{"loc":{"start":{"line":20,"column":36},"end":{"line":20,"column":51}},"type":"cond-expr","locations":[{"start":{"line":20,"column":48},"end":{"line":20,"column":51}},{"start":{"line":20,"column":48},"end":{"line":20,"column":51}}]},"5":{"loc":{"start":{"line":20,"column":36},"end":{"line":20,"column":48}},"type":"binary-expr","locations":[{"start":{"line":20,"column":36},"end":{"line":20,"column":51}},{"start":{"line":20,"column":36},"end":{"line":20,"column":48}}]}},"s":{"0":0,"1":0,"2":0,"3":0,"4":0,"5":0,"6":0,"7":0,"8":0,"9":0,"10":0,"11":0,"12":0,"13":0,"14":0,"15":0,"16":0,"17":0,"18":0,"19":0},"f":{"0":0,"1":0,"2":0,"3":0,"4":0,"5":0},"b":{"0":[0,0],"1":[0,0],"2":[0,0],"3":[0,0],"4":[0,0],"5":[0,0]}}
,"C:\\PROJECT\\GIAODICHGAME\\apps\\api\\src\\admin\\admin.module.ts": {"path":"C:\\PROJECT\\GIAODICHGAME\\apps\\api\\src\\admin\\admin.module.ts","statementMap":{"0":{"start":{"line":1,"column":0},"end":{"line":1,"column":40}},"1":{"start":{"line":2,"column":0},"end":{"line":2,"column":53}},"2":{"start":{"line":3,"column":0},"end":{"line":3,"column":47}},"3":{"start":{"line":4,"column":0},"end":{"line":4,"column":61}},"4":{"start":{"line":5,"column":0},"end":{"line":5,"column":55}},"5":{"start":{"line":13,"column":7},"end":{"line":13,"column":null}},"6":{"start":{"line":13,"column":13},"end":{"line":13,"column":24}},"7":{"start":{"line":13,"column":13},"end":{"line":13,"column":null}}},"fnMap":{},"branchMap":{},"s":{"0":0,"1":0,"2":0,"3":0,"4":0,"5":0,"6":0,"7":0},"f":{},"b":{}}
,"C:\\PROJECT\\GIAODICHGAME\\apps\\api\\src\\admin\\admin.service.ts": {"path":"C:\\PROJECT\\GIAODICHGAME\\apps\\api\\src\\admin\\admin.service.ts","statementMap":{"0":{"start":{"line":1,"column":0},"end":{"line":1,"column":71}},"1":{"start":{"line":3,"column":0},"end":{"line":3,"column":56}},"2":{"start":{"line":4,"column":0},"end":{"line":4,"column":45}},"3":{"start":{"line":5,"column":0},"end":{"line":5,"column":54}},"4":{"start":{"line":26,"column":7},"end":{"line":277,"column":null}},"5":{"start":{"line":27,"column":39},"end":{"line":27,"column":43}},"6":{"start":{"line":32,"column":25},"end":{"line":34,"column":25}},"7":{"start":{"line":36,"column":26},"end":{"line":38,"column":26}},"8":{"start":{"line":40,"column":28},"end":{"line":42,"column":34}},"9":{"start":{"line":44,"column":27},"end":{"line":53,"column":null}},"10":{"start":{"line":56,"column":28},"end":{"line":58,"column":28}},"11":{"start":{"line":60,"column":29},"end":{"line":63,"column":53}},"12":{"start":{"line":65,"column":4},"end":{"line":72,"column":6}},"13":{"start":{"line":78,"column":17},"end":{"line":78,"column":32}},"14":{"start":{"line":79,"column":18},"end":{"line":79,"column":35}},"15":{"start":{"line":80,"column":19},"end":{"line":80,"column":37}},"16":{"start":{"line":82,"column":23},"end":{"line":82,"column":25}},"17":{"start":{"line":84,"column":4},"end":{"line":88,"column":5}},"18":{"start":{"line":85,"column":6},"end":{"line":87,"column":8}},"19":{"start":{"line":90,"column":4},"end":{"line":92,"column":5}},"20":{"start":{"line":91,"column":6},"end":{"line":91,"column":65}},"21":{"start":{"line":94,"column":24},"end":{"line":96,"column":17}},"22":{"start":{"line":98,"column":27},"end":{"line":117,"column":6}},"23":{"start":{"line":119,"column":4},"end":{"line":127,"column":6}},"24":{"start":{"line":131,"column":17},"end":{"line":133,"column":6}},"25":{"start":{"line":135,"column":4},"end":{"line":137,"column":5}},"26":{"start":{"line":136,"column":6},"end":{"line":136,"column":52}},"27":{"start":{"line":140,"column":18},"end":{"line":147,"column":49}},"28":{"start":{"line":150,"column":27},"end":{"line":153,"column":50}},"29":{"start":{"line":155,"column":25},"end":{"line":158,"column":47}},"30":{"start":{"line":160,"column":4},"end":{"line":167,"column":6}},"31":{"start":{"line":171,"column":17},"end":{"line":173,"column":6}},"32":{"start":{"line":174,"column":4},"end":{"line":176,"column":5}},"33":{"start":{"line":175,"column":6},"end":{"line":175,"column":52}},"34":{"start":{"line":178,"column":4},"end":{"line":180,"column":42}},"35":{"start":{"line":182,"column":4},"end":{"line":182,"column":31}},"36":{"start":{"line":186,"column":17},"end":{"line":188,"column":6}},"37":{"start":{"line":189,"column":4},"end":{"line":191,"column":5}},"38":{"start":{"line":190,"column":6},"end":{"line":190,"column":52}},"39":{"start":{"line":193,"column":4},"end":{"line":195,"column":42}},"40":{"start":{"line":197,"column":4},"end":{"line":197,"column":30}},"41":{"start":{"line":203,"column":4},"end":{"line":208,"column":7}},"42":{"start":{"line":212,"column":17},"end":{"line":214,"column":6}},"43":{"start":{"line":215,"column":4},"end":{"line":217,"column":5}},"44":{"start":{"line":216,"column":6},"end":{"line":216,"column":52}},"45":{"start":{"line":219,"column":23},"end":{"line":223,"column":18}},"46":{"start":{"line":225,"column":4},"end":{"line":225,"column":20}},"47":{"start":{"line":229,"column":4},"end":{"line":235,"column":8}},"48":{"start":{"line":241,"column":4},"end":{"line":244,"column":7}},"49":{"start":{"line":248,"column":18},"end":{"line":250,"column":6}},"50":{"start":{"line":251,"column":4},"end":{"line":253,"column":5}},"51":{"start":{"line":252,"column":6},"end":{"line":252,"column":61}},"52":{"start":{"line":255,"column":4},"end":{"line":275,"column":7}},"53":{"start":{"line":257,"column":6},"end":{"line":262,"column":48}},"54":{"start":{"line":265,"column":6},"end":{"line":272,"column":9}},"55":{"start":{"line":274,"column":6},"end":{"line":274,"column":50}},"56":{"start":{"line":26,"column":13},"end":{"line":26,"column":25}},"57":{"start":{"line":26,"column":13},"end":{"line":277,"column":null}}},"fnMap":{"0":{"name":"(anonymous_13)","decl":{"start":{"line":27,"column":2},"end":{"line":27,"column":15}},"loc":{"start":{"line":27,"column":45},"end":{"line":27,"column":50}}},"1":{"name":"(anonymous_14)","decl":{"start":{"line":31,"column":2},"end":{"line":31,"column":7}},"loc":{"start":{"line":31,"column":16},"end":{"line":73,"column":3}}},"2":{"name":"(anonymous_15)","decl":{"start":{"line":77,"column":2},"end":{"line":77,"column":7}},"loc":{"start":{"line":77,"column":37},"end":{"line":128,"column":3}}},"3":{"name":"(anonymous_16)","decl":{"start":{"line":130,"column":2},"end":{"line":130,"column":7}},"loc":{"start":{"line":130,"column":34},"end":{"line":168,"column":3}}},"4":{"name":"(anonymous_17)","decl":{"start":{"line":170,"column":2},"end":{"line":170,"column":7}},"loc":{"start":{"line":170,"column":30},"end":{"line":183,"column":3}}},"5":{"name":"(anonymous_18)","decl":{"start":{"line":185,"column":2},"end":{"line":185,"column":7}},"loc":{"start":{"line":185,"column":32},"end":{"line":198,"column":3}}},"6":{"name":"(anonymous_19)","decl":{"start":{"line":202,"column":2},"end":{"line":202,"column":7}},"loc":{"start":{"line":202,"column":35},"end":{"line":209,"column":3}}},"7":{"name":"(anonymous_20)","decl":{"start":{"line":211,"column":2},"end":{"line":211,"column":7}},"loc":{"start":{"line":211,"column":66},"end":{"line":226,"column":3}}},"8":{"name":"(anonymous_21)","decl":{"start":{"line":228,"column":2},"end":{"line":228,"column":7}},"loc":{"start":{"line":228,"column":49},"end":{"line":236,"column":3}}},"9":{"name":"(anonymous_22)","decl":{"start":{"line":240,"column":2},"end":{"line":240,"column":7}},"loc":{"start":{"line":240,"column":24},"end":{"line":245,"column":3}}},"10":{"name":"(anonymous_23)","decl":{"start":{"line":247,"column":2},"end":{"line":247,"column":7}},"loc":{"start":{"line":247,"column":48},"end":{"line":276,"column":3}}},"11":{"name":"(anonymous_24)","decl":{"start":{"line":255,"column":31},"end":{"line":255,"column":36}},"loc":{"start":{"line":255,"column":44},"end":{"line":275,"column":5}}}},"branchMap":{"0":{"loc":{"start":{"line":66,"column":18},"end":{"line":66,"column":40}},"type":"binary-expr","locations":[{"start":{"line":66,"column":18},"end":{"line":66,"column":35}},{"start":{"line":66,"column":39},"end":{"line":66,"column":40}}]},"1":{"loc":{"start":{"line":67,"column":19},"end":{"line":67,"column":42}},"type":"binary-expr","locations":[{"start":{"line":67,"column":19},"end":{"line":67,"column":37}},{"start":{"line":67,"column":41},"end":{"line":67,"column":42}}]},"2":{"loc":{"start":{"line":68,"column":21},"end":{"line":68,"column":46}},"type":"binary-expr","locations":[{"start":{"line":68,"column":21},"end":{"line":68,"column":41}},{"start":{"line":68,"column":45},"end":{"line":68,"column":46}}]},"3":{"loc":{"start":{"line":69,"column":31},"end":{"line":69,"column":57}},"type":"binary-expr","locations":[{"start":{"line":69,"column":31},"end":{"line":69,"column":50}},{"start":{"line":69,"column":54},"end":{"line":69,"column":57}}]},"4":{"loc":{"start":{"line":70,"column":21},"end":{"line":70,"column":46}},"type":"binary-expr","locations":[{"start":{"line":70,"column":21},"end":{"line":70,"column":41}},{"start":{"line":70,"column":45},"end":{"line":70,"column":46}}]},"5":{"loc":{"start":{"line":71,"column":22},"end":{"line":71,"column":48}},"type":"binary-expr","locations":[{"start":{"line":71,"column":22},"end":{"line":71,"column":43}},{"start":{"line":71,"column":47},"end":{"line":71,"column":48}}]},"6":{"loc":{"start":{"line":78,"column":17},"end":{"line":78,"column":32}},"type":"binary-expr","locations":[{"start":{"line":78,"column":17},"end":{"line":78,"column":27}},{"start":{"line":78,"column":31},"end":{"line":78,"column":32}}]},"7":{"loc":{"start":{"line":79,"column":18},"end":{"line":79,"column":35}},"type":"binary-expr","locations":[{"start":{"line":79,"column":18},"end":{"line":79,"column":29}},{"start":{"line":79,"column":33},"end":{"line":79,"column":35}}]},"8":{"loc":{"start":{"line":84,"column":4},"end":{"line":88,"column":5}},"type":"if","locations":[{"start":{"line":84,"column":4},"end":{"line":88,"column":5}},{"start":{},"end":{}}]},"9":{"loc":{"start":{"line":90,"column":4},"end":{"line":92,"column":5}},"type":"if","locations":[{"start":{"line":90,"column":4},"end":{"line":92,"column":5}},{"start":{},"end":{}}]},"10":{"loc":{"start":{"line":94,"column":24},"end":{"line":96,"column":17}},"type":"cond-expr","locations":[{"start":{"line":95,"column":8},"end":{"line":95,"column":26}},{"start":{"line":96,"column":8},"end":{"line":96,"column":17}}]},"11":{"loc":{"start":{"line":124,"column":15},"end":{"line":124,"column":35}},"type":"binary-expr","locations":[{"start":{"line":124,"column":15},"end":{"line":124,"column":30}},{"start":{"line":124,"column":34},"end":{"line":124,"column":35}}]},"12":{"loc":{"start":{"line":125,"column":31},"end":{"line":125,"column":51}},"type":"binary-expr","locations":[{"start":{"line":125,"column":31},"end":{"line":125,"column":46}},{"start":{"line":125,"column":50},"end":{"line":125,"column":51}}]},"13":{"loc":{"start":{"line":135,"column":4},"end":{"line":137,"column":5}},"type":"if","locations":[{"start":{"line":135,"column":4},"end":{"line":137,"column":5}},{"start":{},"end":{}}]},"14":{"loc":{"start":{"line":164,"column":23},"end":{"line":164,"column":47}},"type":"binary-expr","locations":[{"start":{"line":164,"column":23},"end":{"line":164,"column":42}},{"start":{"line":164,"column":46},"end":{"line":164,"column":47}}]},"15":{"loc":{"start":{"line":165,"column":21},"end":{"line":165,"column":43}},"type":"binary-expr","locations":[{"start":{"line":165,"column":21},"end":{"line":165,"column":38}},{"start":{"line":165,"column":42},"end":{"line":165,"column":43}}]},"16":{"loc":{"start":{"line":174,"column":4},"end":{"line":176,"column":5}},"type":"if","locations":[{"start":{"line":174,"column":4},"end":{"line":176,"column":5}},{"start":{},"end":{}}]},"17":{"loc":{"start":{"line":189,"column":4},"end":{"line":191,"column":5}},"type":"if","locations":[{"start":{"line":189,"column":4},"end":{"line":191,"column":5}},{"start":{},"end":{}}]},"18":{"loc":{"start":{"line":215,"column":4},"end":{"line":217,"column":5}},"type":"if","locations":[{"start":{"line":215,"column":4},"end":{"line":217,"column":5}},{"start":{},"end":{}}]},"19":{"loc":{"start":{"line":251,"column":4},"end":{"line":253,"column":5}},"type":"if","locations":[{"start":{"line":251,"column":4},"end":{"line":253,"column":5}},{"start":{},"end":{}}]},"20":{"loc":{"start":{"line":27,"column":43},"end":{"line":27,"column":49}},"type":"cond-expr","locations":[{"start":{"line":27,"column":45},"end":{"line":27,"column":49}},{"start":{"line":27,"column":45},"end":{"line":27,"column":49}}]},"21":{"loc":{"start":{"line":27,"column":43},"end":{"line":27,"column":45}},"type":"binary-expr","locations":[{"start":{"line":27,"column":43},"end":{"line":27,"column":49}},{"start":{"line":27,"column":43},"end":{"line":27,"column":45}}]}},"s":{"0":0,"1":0,"2":0,"3":0,"4":0,"5":0,"6":0,"7":0,"8":0,"9":0,"10":0,"11":0,"12":0,"13":0,"14":0,"15":0,"16":0,"17":0,"18":0,"19":0,"20":0,"21":0,"22":0,"23":0,"24":0,"25":0,"26":0,"27":0,"28":0,"29":0,"30":0,"31":0,"32":0,"33":0,"34":0,"35":0,"36":0,"37":0,"38":0,"39":0,"40":0,"41":0,"42":0,"43":0,"44":0,"45":0,"46":0,"47":0,"48":0,"49":0,"50":0,"51":0,"52":0,"53":0,"54":0,"55":0,"56":0,"57":0},"f":{"0":0,"1":0,"2":0,"3":0,"4":0,"5":0,"6":0,"7":0,"8":0,"9":0,"10":0,"11":0},"b":{"0":[0,0],"1":[0,0],"2":[0,0],"3":[0,0],"4":[0,0],"5":[0,0],"6":[0,0],"7":[0,0],"8":[0,0],"9":[0,0],"10":[0,0],"11":[0,0],"12":[0,0],"13":[0,0],"14":[0,0],"15":[0,0],"16":[0,0],"17":[0,0],"18":[0,0],"19":[0,0],"20":[0,0],"21":[0,0]}}
,"C:\\PROJECT\\GIAODICHGAME\\apps\\api\\src\\auth\\auth.controller.ts": {"path":"C:\\PROJECT\\GIAODICHGAME\\apps\\api\\src\\auth\\auth.controller.ts","statementMap":{"0":{"start":{"line":1,"column":0},"end":{"line":1,"column":null}},"1":{"start":{"line":10,"column":0},"end":{"line":10,"column":45}},"2":{"start":{"line":11,"column":0},"end":{"line":11,"column":45}},"3":{"start":{"line":12,"column":0},"end":{"line":12,"column":45}},"4":{"start":{"line":13,"column":0},"end":{"line":13,"column":49}},"5":{"start":{"line":14,"column":0},"end":{"line":14,"column":63}},"6":{"start":{"line":15,"column":0},"end":{"line":15,"column":63}},"7":{"start":{"line":16,"column":0},"end":{"line":16,"column":null}},"8":{"start":{"line":24,"column":7},"end":{"line":65,"column":null}},"9":{"start":{"line":25,"column":31},"end":{"line":25,"column":44}},"10":{"start":{"line":31,"column":4},"end":{"line":31,"column":42}},"11":{"start":{"line":40,"column":4},"end":{"line":40,"column":59}},"12":{"start":{"line":48,"column":4},"end":{"line":52,"column":6}},"13":{"start":{"line":58,"column":4},"end":{"line":58,"column":48}},"14":{"start":{"line":63,"column":4},"end":{"line":63,"column":47}},"15":{"start":{"line":24,"column":13},"end":{"line":24,"column":27}},"16":{"start":{"line":30,"column":2},"end":{"line":32,"column":null}},"17":{"start":{"line":39,"column":2},"end":{"line":41,"column":null}},"18":{"start":{"line":47,"column":2},"end":{"line":53,"column":null}},"19":{"start":{"line":57,"column":2},"end":{"line":59,"column":null}},"20":{"start":{"line":62,"column":2},"end":{"line":64,"column":null}},"21":{"start":{"line":24,"column":13},"end":{"line":65,"column":null}}},"fnMap":{"0":{"name":"(anonymous_4)","decl":{"start":{"line":25,"column":2},"end":{"line":25,"column":31}},"loc":{"start":{"line":25,"column":55},"end":{"line":25,"column":59}}},"1":{"name":"(anonymous_5)","decl":{"start":{"line":30,"column":2},"end":{"line":30,"column":10}},"loc":{"start":{"line":30,"column":35},"end":{"line":32,"column":3}}},"2":{"name":"(anonymous_6)","decl":{"start":{"line":39,"column":2},"end":{"line":39,"column":7}},"loc":{"start":{"line":39,"column":40},"end":{"line":41,"column":3}}},"3":{"name":"(anonymous_7)","decl":{"start":{"line":47,"column":2},"end":{"line":47,"column":14}},"loc":{"start":{"line":47,"column":69},"end":{"line":53,"column":3}}},"4":{"name":"(anonymous_8)","decl":{"start":{"line":57,"column":2},"end":{"line":57,"column":8}},"loc":{"start":{"line":57,"column":41},"end":{"line":59,"column":3}}},"5":{"name":"(anonymous_9)","decl":{"start":{"line":62,"column":2},"end":{"line":62,"column":7}},"loc":{"start":{"line":62,"column":40},"end":{"line":64,"column":3}}}},"branchMap":{"0":{"loc":{"start":{"line":30,"column":24},"end":{"line":30,"column":null}},"type":"cond-expr","locations":[{"start":{"line":30,"column":35},"end":{"line":30,"column":null}},{"start":{"line":30,"column":35},"end":{"line":30,"column":null}}]},"1":{"loc":{"start":{"line":30,"column":24},"end":{"line":30,"column":35}},"type":"binary-expr","locations":[{"start":{"line":30,"column":24},"end":{"line":30,"column":null}},{"start":{"line":30,"column":24},"end":{"line":30,"column":35}}]},"2":{"loc":{"start":{"line":39,"column":29},"end":{"line":39,"column":null}},"type":"cond-expr","locations":[{"start":{"line":39,"column":40},"end":{"line":39,"column":null}},{"start":{"line":39,"column":40},"end":{"line":39,"column":null}}]},"3":{"loc":{"start":{"line":39,"column":29},"end":{"line":39,"column":40}},"type":"binary-expr","locations":[{"start":{"line":39,"column":29},"end":{"line":39,"column":null}},{"start":{"line":39,"column":29},"end":{"line":39,"column":40}}]},"4":{"loc":{"start":{"line":57,"column":30},"end":{"line":57,"column":null}},"type":"cond-expr","locations":[{"start":{"line":57,"column":41},"end":{"line":57,"column":null}},{"start":{"line":57,"column":41},"end":{"line":57,"column":null}}]},"5":{"loc":{"start":{"line":57,"column":30},"end":{"line":57,"column":41}},"type":"binary-expr","locations":[{"start":{"line":57,"column":30},"end":{"line":57,"column":null}},{"start":{"line":57,"column":30},"end":{"line":57,"column":41}}]},"6":{"loc":{"start":{"line":62,"column":29},"end":{"line":62,"column":null}},"type":"cond-expr","locations":[{"start":{"line":62,"column":40},"end":{"line":62,"column":null}},{"start":{"line":62,"column":40},"end":{"line":62,"column":null}}]},"7":{"loc":{"start":{"line":62,"column":29},"end":{"line":62,"column":40}},"type":"binary-expr","locations":[{"start":{"line":62,"column":29},"end":{"line":62,"column":null}},{"start":{"line":62,"column":29},"end":{"line":62,"column":40}}]},"8":{"loc":{"start":{"line":25,"column":44},"end":{"line":25,"column":58}},"type":"cond-expr","locations":[{"start":{"line":25,"column":55},"end":{"line":25,"column":58}},{"start":{"line":25,"column":55},"end":{"line":25,"column":58}}]},"9":{"loc":{"start":{"line":25,"column":44},"end":{"line":25,"column":55}},"type":"binary-expr","locations":[{"start":{"line":25,"column":44},"end":{"line":25,"column":58}},{"start":{"line":25,"column":44},"end":{"line":25,"column":55}}]}},"s":{"0":0,"1":0,"2":0,"3":0,"4":0,"5":0,"6":0,"7":0,"8":0,"9":0,"10":0,"11":0,"12":0,"13":0,"14":0,"15":0,"16":0,"17":0,"18":0,"19":0,"20":0,"21":0},"f":{"0":0,"1":0,"2":0,"3":0,"4":0,"5":0},"b":{"0":[0,0],"1":[0,0],"2":[0,0],"3":[0,0],"4":[0,0],"5":[0,0],"6":[0,0],"7":[0,0],"8":[0,0],"9":[0,0]}}
,"C:\\PROJECT\\GIAODICHGAME\\apps\\api\\src\\auth\\auth.module.ts": {"path":"C:\\PROJECT\\GIAODICHGAME\\apps\\api\\src\\auth\\auth.module.ts","statementMap":{"0":{"start":{"line":1,"column":0},"end":{"line":1,"column":40}},"1":{"start":{"line":2,"column":0},"end":{"line":2,"column":40}},"2":{"start":{"line":3,"column":0},"end":{"line":3,"column":50}},"3":{"start":{"line":4,"column":0},"end":{"line":4,"column":45}},"4":{"start":{"line":5,"column":0},"end":{"line":5,"column":51}},"5":{"start":{"line":6,"column":0},"end":{"line":6,"column":56}},"6":{"start":{"line":7,"column":0},"end":{"line":7,"column":75}},"7":{"start":{"line":8,"column":0},"end":{"line":8,"column":60}},"8":{"start":{"line":9,"column":0},"end":{"line":9,"column":52}},"9":{"start":{"line":20,"column":7},"end":{"line":20,"column":null}},"10":{"start":{"line":20,"column":13},"end":{"line":20,"column":23}},"11":{"start":{"line":20,"column":13},"end":{"line":20,"column":null}}},"fnMap":{},"branchMap":{},"s":{"0":0,"1":0,"2":0,"3":0,"4":0,"5":0,"6":0,"7":0,"8":0,"9":0,"10":0,"11":0},"f":{},"b":{}}
,"C:\\PROJECT\\GIAODICHGAME\\apps\\api\\src\\auth\\auth.service.ts": {"path":"C:\\PROJECT\\GIAODICHGAME\\apps\\api\\src\\auth\\auth.service.ts","statementMap":{"0":{"start":{"line":1,"column":0},"end":{"line":1,"column":null}},"1":{"start":{"line":7,"column":0},"end":{"line":7,"column":41}},"2":{"start":{"line":8,"column":0},"end":{"line":8,"column":47}},"3":{"start":{"line":9,"column":0},"end":{"line":9,"column":33}},"4":{"start":{"line":11,"column":0},"end":{"line":11,"column":42}},"5":{"start":{"line":12,"column":0},"end":{"line":12,"column":45}},"6":{"start":{"line":13,"column":0},"end":{"line":13,"column":54}},"7":{"start":{"line":14,"column":0},"end":{"line":14,"column":54}},"8":{"start":{"line":21,"column":7},"end":{"line":139,"column":null}},"9":{"start":{"line":23,"column":29},"end":{"line":23,"column":33}},"10":{"start":{"line":24,"column":12},"end":{"line":24,"column":26}},"11":{"start":{"line":25,"column":12},"end":{"line":25,"column":24}},"12":{"start":{"line":26,"column":12},"end":{"line":26,"column":20}},"13":{"start":{"line":30,"column":17},"end":{"line":30,"column":59}},"14":{"start":{"line":31,"column":4},"end":{"line":31,"column":27}},"15":{"start":{"line":31,"column":15},"end":{"line":31,"column":27}},"16":{"start":{"line":32,"column":18},"end":{"line":32,"column":67}},"17":{"start":{"line":33,"column":4},"end":{"line":33,"column":28}},"18":{"start":{"line":33,"column":16},"end":{"line":33,"column":28}},"19":{"start":{"line":34,"column":4},"end":{"line":34,"column":50}},"20":{"start":{"line":38,"column":25},"end":{"line":38,"column":60}},"21":{"start":{"line":39,"column":24},"end":{"line":43,"column":6}},"22":{"start":{"line":44,"column":4},"end":{"line":44,"column":62}},"23":{"start":{"line":45,"column":4},"end":{"line":50,"column":6}},"24":{"start":{"line":54,"column":19},"end":{"line":54,"column":59}},"25":{"start":{"line":55,"column":4},"end":{"line":55,"column":62}},"26":{"start":{"line":56,"column":4},"end":{"line":56,"column":18}},"27":{"start":{"line":61,"column":19},"end":{"line":68,"column":null}},"28":{"start":{"line":71,"column":16},"end":{"line":71,"column":21}},"29":{"start":{"line":72,"column":4},"end":{"line":84,"column":5}},"30":{"start":{"line":73,"column":6},"end":{"line":73,"column":32}},"31":{"start":{"line":73,"column":23},"end":{"line":73,"column":32}},"32":{"start":{"line":74,"column":22},"end":{"line":74,"column":72}},"33":{"start":{"line":75,"column":6},"end":{"line":83,"column":7}},"34":{"start":{"line":76,"column":8},"end":{"line":76,"column":21}},"35":{"start":{"line":78,"column":8},"end":{"line":81,"column":52}},"36":{"start":{"line":82,"column":8},"end":{"line":82,"column":14}},"37":{"start":{"line":86,"column":4},"end":{"line":86,"column":73}},"38":{"start":{"line":86,"column":16},"end":{"line":86,"column":73}},"39":{"start":{"line":88,"column":22},"end":{"line":88,"column":62}},"40":{"start":{"line":89,"column":4},"end":{"line":89,"column":65}},"41":{"start":{"line":90,"column":4},"end":{"line":90,"column":21}},"42":{"start":{"line":95,"column":4},"end":{"line":103,"column":8}},"43":{"start":{"line":104,"column":4},"end":{"line":104,"column":50}},"44":{"start":{"line":108,"column":17},"end":{"line":108,"column":57}},"45":{"start":{"line":109,"column":24},"end":{"line":109,"column":70}},"46":{"start":{"line":110,"column":4},"end":{"line":110,"column":36}},"47":{"start":{"line":114,"column":20},"end":{"line":114,"column":42}},"48":{"start":{"line":115,"column":40},"end":{"line":124,"column":6}},"49":{"start":{"line":125,"column":4},"end":{"line":125,"column":41}},"50":{"start":{"line":129,"column":22},"end":{"line":129,"column":57}},"51":{"start":{"line":130,"column":22},"end":{"line":130,"column":32}},"52":{"start":{"line":131,"column":4},"end":{"line":131,"column":47}},"53":{"start":{"line":133,"column":4},"end":{"line":137,"column":7}},"54":{"start":{"line":21,"column":13},"end":{"line":21,"column":24}},"55":{"start":{"line":21,"column":13},"end":{"line":139,"column":null}}},"fnMap":{"0":{"name":"(anonymous_13)","decl":{"start":{"line":22,"column":2},"end":{"line":22,"column":null}},"loc":{"start":{"line":26,"column":33},"end":{"line":27,"column":6}}},"1":{"name":"(anonymous_14)","decl":{"start":{"line":29,"column":2},"end":{"line":29,"column":7}},"loc":{"start":{"line":29,"column":52},"end":{"line":35,"column":3}}},"2":{"name":"(anonymous_15)","decl":{"start":{"line":37,"column":2},"end":{"line":37,"column":7}},"loc":{"start":{"line":37,"column":33},"end":{"line":51,"column":3}}},"3":{"name":"(anonymous_16)","decl":{"start":{"line":53,"column":2},"end":{"line":53,"column":7}},"loc":{"start":{"line":53,"column":43},"end":{"line":57,"column":3}}},"4":{"name":"(anonymous_17)","decl":{"start":{"line":59,"column":2},"end":{"line":59,"column":7}},"loc":{"start":{"line":59,"column":76},"end":{"line":91,"column":3}}},"5":{"name":"(anonymous_18)","decl":{"start":{"line":93,"column":2},"end":{"line":93,"column":7}},"loc":{"start":{"line":93,"column":29},"end":{"line":105,"column":3}}},"6":{"name":"(anonymous_19)","decl":{"start":{"line":107,"column":2},"end":{"line":107,"column":7}},"loc":{"start":{"line":107,"column":28},"end":{"line":111,"column":3}}},"7":{"name":"(anonymous_20)","decl":{"start":{"line":113,"column":10},"end":{"line":113,"column":15}},"loc":{"start":{"line":113,"column":60},"end":{"line":126,"column":3}}},"8":{"name":"(anonymous_21)","decl":{"start":{"line":128,"column":10},"end":{"line":128,"column":15}},"loc":{"start":{"line":128,"column":70},"end":{"line":138,"column":3}}}},"branchMap":{"0":{"loc":{"start":{"line":31,"column":4},"end":{"line":31,"column":27}},"type":"if","locations":[{"start":{"line":31,"column":4},"end":{"line":31,"column":27}},{"start":{},"end":{}}]},"1":{"loc":{"start":{"line":33,"column":4},"end":{"line":33,"column":28}},"type":"if","locations":[{"start":{"line":33,"column":4},"end":{"line":33,"column":28}},{"start":{},"end":{}}]},"2":{"loc":{"start":{"line":73,"column":6},"end":{"line":73,"column":32}},"type":"if","locations":[{"start":{"line":73,"column":6},"end":{"line":73,"column":32}},{"start":{},"end":{}}]},"3":{"loc":{"start":{"line":75,"column":6},"end":{"line":83,"column":7}},"type":"if","locations":[{"start":{"line":75,"column":6},"end":{"line":83,"column":7}},{"start":{},"end":{}}]},"4":{"loc":{"start":{"line":86,"column":4},"end":{"line":86,"column":73}},"type":"if","locations":[{"start":{"line":86,"column":4},"end":{"line":86,"column":73}},{"start":{},"end":{}}]},"5":{"loc":{"start":{"line":118,"column":20},"end":{"line":118,"column":70}},"type":"binary-expr","locations":[{"start":{"line":118,"column":20},"end":{"line":118,"column":61}},{"start":{"line":118,"column":65},"end":{"line":118,"column":70}}]},"6":{"loc":{"start":{"line":122,"column":20},"end":{"line":122,"column":77}},"type":"binary-expr","locations":[{"start":{"line":122,"column":20},"end":{"line":122,"column":69}},{"start":{"line":122,"column":73},"end":{"line":122,"column":77}}]},"7":{"loc":{"start":{"line":23,"column":33},"end":{"line":23,"column":null}},"type":"cond-expr","locations":[{"start":{"line":23,"column":35},"end":{"line":23,"column":null}},{"start":{"line":23,"column":35},"end":{"line":23,"column":null}}]},"8":{"loc":{"start":{"line":23,"column":33},"end":{"line":23,"column":35}},"type":"binary-expr","locations":[{"start":{"line":23,"column":33},"end":{"line":23,"column":null}},{"start":{"line":23,"column":33},"end":{"line":23,"column":35}}]},"9":{"loc":{"start":{"line":23,"column":35},"end":{"line":24,"column":null}},"type":"cond-expr","locations":[{"start":{"line":24,"column":38},"end":{"line":24,"column":null}},{"start":{"line":24,"column":38},"end":{"line":24,"column":null}}]},"10":{"loc":{"start":{"line":23,"column":35},"end":{"line":24,"column":38}},"type":"binary-expr","locations":[{"start":{"line":23,"column":35},"end":{"line":24,"column":null}},{"start":{"line":24,"column":26},"end":{"line":24,"column":38}}]},"11":{"loc":{"start":{"line":24,"column":38},"end":{"line":25,"column":null}},"type":"cond-expr","locations":[{"start":{"line":25,"column":34},"end":{"line":25,"column":null}},{"start":{"line":25,"column":34},"end":{"line":25,"column":null}}]},"12":{"loc":{"start":{"line":24,"column":38},"end":{"line":25,"column":34}},"type":"binary-expr","locations":[{"start":{"line":24,"column":38},"end":{"line":25,"column":null}},{"start":{"line":25,"column":24},"end":{"line":25,"column":34}}]},"13":{"loc":{"start":{"line":25,"column":34},"end":{"line":26,"column":null}},"type":"cond-expr","locations":[{"start":{"line":26,"column":33},"end":{"line":26,"column":null}},{"start":{"line":26,"column":33},"end":{"line":26,"column":null}}]},"14":{"loc":{"start":{"line":25,"column":34},"end":{"line":26,"column":33}},"type":"binary-expr","locations":[{"start":{"line":25,"column":34},"end":{"line":26,"column":null}},{"start":{"line":26,"column":20},"end":{"line":26,"column":33}}]}},"s":{"0":0,"1":0,"2":0,"3":0,"4":0,"5":0,"6":0,"7":0,"8":0,"9":0,"10":0,"11":0,"12":0,"13":0,"14":0,"15":0,"16":0,"17":0,"18":0,"19":0,"20":0,"21":0,"22":0,"23":0,"24":0,"25":0,"26":0,"27":0,"28":0,"29":0,"30":0,"31":0,"32":0,"33":0,"34":0,"35":0,"36":0,"37":0,"38":0,"39":0,"40":0,"41":0,"42":0,"43":0,"44":0,"45":0,"46":0,"47":0,"48":0,"49":0,"50":0,"51":0,"52":0,"53":0,"54":0,"55":0},"f":{"0":0,"1":0,"2":0,"3":0,"4":0,"5":0,"6":0,"7":0,"8":0},"b":{"0":[0,0],"1":[0,0],"2":[0,0],"3":[0,0],"4":[0,0],"5":[0,0],"6":[0,0],"7":[0,0],"8":[0,0],"9":[0,0],"10":[0,0],"11":[0,0],"12":[0,0],"13":[0,0],"14":[0,0]}}
,"C:\\PROJECT\\GIAODICHGAME\\apps\\api\\src\\auth\\dto\\login.dto.ts": {"path":"C:\\PROJECT\\GIAODICHGAME\\apps\\api\\src\\auth\\dto\\login.dto.ts","statementMap":{"0":{"start":{"line":1,"column":0},"end":{"line":1,"column":52}},"1":{"start":{"line":3,"column":0},"end":{"line":3,"column":13}},"2":{"start":{"line":5,"column":2},"end":{"line":5,"column":null}},"3":{"start":{"line":8,"column":2},"end":{"line":8,"column":null}}},"fnMap":{},"branchMap":{},"s":{"0":0,"1":0,"2":0,"3":0},"f":{},"b":{}}
,"C:\\PROJECT\\GIAODICHGAME\\apps\\api\\src\\auth\\dto\\register.dto.ts": {"path":"C:\\PROJECT\\GIAODICHGAME\\apps\\api\\src\\auth\\dto\\register.dto.ts","statementMap":{"0":{"start":{"line":1,"column":0},"end":{"line":1,"column":74}},"1":{"start":{"line":3,"column":0},"end":{"line":3,"column":13}},"2":{"start":{"line":5,"column":2},"end":{"line":5,"column":null}},"3":{"start":{"line":10,"column":2},"end":{"line":10,"column":null}},"4":{"start":{"line":15,"column":2},"end":{"line":15,"column":null}}},"fnMap":{},"branchMap":{},"s":{"0":0,"1":0,"2":0,"3":0,"4":0},"f":{},"b":{}}
,"C:\\PROJECT\\GIAODICHGAME\\apps\\api\\src\\auth\\strategies\\jwt.strategy.ts": {"path":"C:\\PROJECT\\GIAODICHGAME\\apps\\api\\src\\auth\\strategies\\jwt.strategy.ts","statementMap":{"0":{"start":{"line":1,"column":0},"end":{"line":1,"column":44}},"1":{"start":{"line":2,"column":0},"end":{"line":2,"column":52}},"2":{"start":{"line":3,"column":0},"end":{"line":3,"column":52}},"3":{"start":{"line":4,"column":0},"end":{"line":4,"column":47}},"4":{"start":{"line":9,"column":7},"end":{"line":21,"column":null}},"5":{"start":{"line":11,"column":4},"end":{"line":15,"column":7}},"6":{"start":{"line":19,"column":4},"end":{"line":19,"column":57}},"7":{"start":{"line":9,"column":13},"end":{"line":9,"column":24}},"8":{"start":{"line":9,"column":13},"end":{"line":21,"column":null}}},"fnMap":{"0":{"name":"(anonymous_2)","decl":{"start":{"line":10,"column":2},"end":{"line":10,"column":14}},"loc":{"start":{"line":10,"column":35},"end":{"line":16,"column":3}}},"1":{"name":"(anonymous_3)","decl":{"start":{"line":18,"column":2},"end":{"line":18,"column":10}},"loc":{"start":{"line":18,"column":30},"end":{"line":20,"column":3}}}},"branchMap":{"0":{"loc":{"start":{"line":10,"column":22},"end":{"line":10,"column":null}},"type":"cond-expr","locations":[{"start":{"line":10,"column":35},"end":{"line":10,"column":null}},{"start":{"line":10,"column":35},"end":{"line":10,"column":null}}]},"1":{"loc":{"start":{"line":10,"column":22},"end":{"line":10,"column":35}},"type":"binary-expr","locations":[{"start":{"line":10,"column":22},"end":{"line":10,"column":null}},{"start":{"line":10,"column":22},"end":{"line":10,"column":35}}]}},"s":{"0":0,"1":0,"2":0,"3":0,"4":0,"5":0,"6":0,"7":0,"8":0},"f":{"0":0,"1":0},"b":{"0":[0,0],"1":[0,0]}}
,"C:\\PROJECT\\GIAODICHGAME\\apps\\api\\src\\auth\\strategies\\local.strategy.ts": {"path":"C:\\PROJECT\\GIAODICHGAME\\apps\\api\\src\\auth\\strategies\\local.strategy.ts","statementMap":{"0":{"start":{"line":1,"column":0},"end":{"line":1,"column":67}},"1":{"start":{"line":2,"column":0},"end":{"line":2,"column":52}},"2":{"start":{"line":3,"column":0},"end":{"line":3,"column":42}},"3":{"start":{"line":4,"column":0},"end":{"line":4,"column":46}},"4":{"start":{"line":7,"column":7},"end":{"line":17,"column":null}},"5":{"start":{"line":9,"column":4},"end":{"line":9,"column":38}},"6":{"start":{"line":8,"column":22},"end":{"line":8,"column":35}},"7":{"start":{"line":13,"column":17},"end":{"line":13,"column":69}},"8":{"start":{"line":14,"column":4},"end":{"line":14,"column":70}},"9":{"start":{"line":14,"column":15},"end":{"line":14,"column":70}},"10":{"start":{"line":15,"column":4},"end":{"line":15,"column":16}},"11":{"start":{"line":7,"column":13},"end":{"line":7,"column":26}},"12":{"start":{"line":7,"column":13},"end":{"line":17,"column":null}}},"fnMap":{"0":{"name":"(anonymous_2)","decl":{"start":{"line":8,"column":2},"end":{"line":8,"column":22}},"loc":{"start":{"line":8,"column":46},"end":{"line":10,"column":3}}},"1":{"name":"(anonymous_3)","decl":{"start":{"line":12,"column":2},"end":{"line":12,"column":7}},"loc":{"start":{"line":12,"column":48},"end":{"line":16,"column":3}}}},"branchMap":{"0":{"loc":{"start":{"line":14,"column":4},"end":{"line":14,"column":70}},"type":"if","locations":[{"start":{"line":14,"column":4},"end":{"line":14,"column":70}},{"start":{},"end":{}}]},"1":{"loc":{"start":{"line":8,"column":35},"end":{"line":8,"column":null}},"type":"cond-expr","locations":[{"start":{"line":8,"column":46},"end":{"line":8,"column":null}},{"start":{"line":8,"column":46},"end":{"line":8,"column":null}}]},"2":{"loc":{"start":{"line":8,"column":35},"end":{"line":8,"column":46}},"type":"binary-expr","locations":[{"start":{"line":8,"column":35},"end":{"line":8,"column":null}},{"start":{"line":8,"column":35},"end":{"line":8,"column":46}}]}},"s":{"0":0,"1":0,"2":0,"3":0,"4":0,"5":0,"6":0,"7":0,"8":0,"9":0,"10":0,"11":0,"12":0},"f":{"0":0,"1":0},"b":{"0":[0,0],"1":[0,0],"2":[0,0]}}
,"C:\\PROJECT\\GIAODICHGAME\\apps\\api\\src\\auth\\strategies\\refresh-token.strategy.ts": {"path":"C:\\PROJECT\\GIAODICHGAME\\apps\\api\\src\\auth\\strategies\\refresh-token.strategy.ts","statementMap":{"0":{"start":{"line":1,"column":0},"end":{"line":1,"column":67}},"1":{"start":{"line":2,"column":0},"end":{"line":2,"column":52}},"2":{"start":{"line":3,"column":0},"end":{"line":3,"column":52}},"3":{"start":{"line":4,"column":0},"end":{"line":4,"column":47}},"4":{"start":{"line":15,"column":7},"end":{"line":31,"column":null}},"5":{"start":{"line":17,"column":4},"end":{"line":22,"column":7}},"6":{"start":{"line":26,"column":23},"end":{"line":26,"column":51}},"7":{"start":{"line":27,"column":4},"end":{"line":27,"column":55}},"8":{"start":{"line":27,"column":21},"end":{"line":27,"column":55}},"9":{"start":{"line":28,"column":25},"end":{"line":28,"column":65}},"10":{"start":{"line":29,"column":4},"end":{"line":29,"column":71}},"11":{"start":{"line":15,"column":13},"end":{"line":15,"column":33}},"12":{"start":{"line":15,"column":13},"end":{"line":31,"column":null}}},"fnMap":{"0":{"name":"(anonymous_2)","decl":{"start":{"line":16,"column":2},"end":{"line":16,"column":14}},"loc":{"start":{"line":16,"column":35},"end":{"line":23,"column":3}}},"1":{"name":"(anonymous_3)","decl":{"start":{"line":25,"column":2},"end":{"line":25,"column":10}},"loc":{"start":{"line":25,"column":44},"end":{"line":30,"column":3}}}},"branchMap":{"0":{"loc":{"start":{"line":27,"column":4},"end":{"line":27,"column":55}},"type":"if","locations":[{"start":{"line":27,"column":4},"end":{"line":27,"column":55}},{"start":{},"end":{}}]},"1":{"loc":{"start":{"line":16,"column":22},"end":{"line":16,"column":null}},"type":"cond-expr","locations":[{"start":{"line":16,"column":35},"end":{"line":16,"column":null}},{"start":{"line":16,"column":35},"end":{"line":16,"column":null}}]},"2":{"loc":{"start":{"line":16,"column":22},"end":{"line":16,"column":35}},"type":"binary-expr","locations":[{"start":{"line":16,"column":22},"end":{"line":16,"column":null}},{"start":{"line":16,"column":22},"end":{"line":16,"column":35}}]}},"s":{"0":0,"1":0,"2":0,"3":0,"4":0,"5":0,"6":0,"7":0,"8":0,"9":0,"10":0,"11":0,"12":0},"f":{"0":0,"1":0},"b":{"0":[0,0],"1":[0,0],"2":[0,0]}}
,"C:\\PROJECT\\GIAODICHGAME\\apps\\api\\src\\common\\encryption.service.ts": {"path":"C:\\PROJECT\\GIAODICHGAME\\apps\\api\\src\\common\\encryption.service.ts","statementMap":{"0":{"start":{"line":1,"column":0},"end":{"line":1,"column":44}},"1":{"start":{"line":2,"column":0},"end":{"line":2,"column":71}},"2":{"start":{"line":5,"column":7},"end":{"line":47,"column":null}},"3":{"start":{"line":6,"column":31},"end":{"line":6,"column":44}},"4":{"start":{"line":13,"column":16},"end":{"line":13,"column":31}},"5":{"start":{"line":14,"column":15},"end":{"line":14,"column":30}},"6":{"start":{"line":16,"column":19},"end":{"line":16,"column":58}},"7":{"start":{"line":17,"column":23},"end":{"line":17,"column":43}},"8":{"start":{"line":19,"column":20},"end":{"line":19,"column":60}},"9":{"start":{"line":20,"column":4},"end":{"line":20,"column":37}},"10":{"start":{"line":23,"column":4},"end":{"line":23,"column":71}},"11":{"start":{"line":31,"column":18},"end":{"line":31,"column":42}},"12":{"start":{"line":32,"column":4},"end":{"line":34,"column":5}},"13":{"start":{"line":33,"column":6},"end":{"line":33,"column":55}},"14":{"start":{"line":36,"column":39},"end":{"line":36,"column":72}},"15":{"start":{"line":37,"column":15},"end":{"line":37,"column":41}},"16":{"start":{"line":38,"column":16},"end":{"line":38,"column":43}},"17":{"start":{"line":40,"column":21},"end":{"line":40,"column":62}},"18":{"start":{"line":42,"column":20},"end":{"line":42,"column":62}},"19":{"start":{"line":43,"column":4},"end":{"line":43,"column":50}},"20":{"start":{"line":45,"column":4},"end":{"line":45,"column":33}},"21":{"start":{"line":5,"column":13},"end":{"line":5,"column":30}},"22":{"start":{"line":5,"column":13},"end":{"line":47,"column":null}}},"fnMap":{"0":{"name":"(anonymous_1)","decl":{"start":{"line":12,"column":2},"end":{"line":12,"column":17}},"loc":{"start":{"line":12,"column":47},"end":{"line":24,"column":3}}},"1":{"name":"(anonymous_2)","decl":{"start":{"line":30,"column":2},"end":{"line":30,"column":17}},"loc":{"start":{"line":30,"column":39},"end":{"line":46,"column":3}}}},"branchMap":{"0":{"loc":{"start":{"line":32,"column":4},"end":{"line":34,"column":5}},"type":"if","locations":[{"start":{"line":32,"column":4},"end":{"line":34,"column":5}},{"start":{},"end":{}}]}},"s":{"0":0,"1":0,"2":0,"3":0,"4":0,"5":0,"6":0,"7":0,"8":0,"9":0,"10":0,"11":0,"12":0,"13":0,"14":0,"15":0,"16":0,"17":0,"18":0,"19":0,"20":0,"21":0,"22":0},"f":{"0":0,"1":0},"b":{"0":[0,0]}}
,"C:\\PROJECT\\GIAODICHGAME\\apps\\api\\src\\common\\upload.constants.ts": {"path":"C:\\PROJECT\\GIAODICHGAME\\apps\\api\\src\\common\\upload.constants.ts","statementMap":{"0":{"start":{"line":1,"column":0},"end":{"line":1,"column":28}},"1":{"start":{"line":3,"column":13},"end":{"line":3,"column":69}}},"fnMap":{},"branchMap":{},"s":{"0":0,"1":0},"f":{},"b":{}}
,"C:\\PROJECT\\GIAODICHGAME\\apps\\api\\src\\common\\upload.controller.ts": {"path":"C:\\PROJECT\\GIAODICHGAME\\apps\\api\\src\\common\\upload.controller.ts","statementMap":{"0":{"start":{"line":1,"column":0},"end":{"line":1,"column":null}},"1":{"start":{"line":8,"column":0},"end":{"line":8,"column":60}},"2":{"start":{"line":9,"column":0},"end":{"line":9,"column":37}},"3":{"start":{"line":10,"column":0},"end":{"line":10,"column":31}},"4":{"start":{"line":11,"column":0},"end":{"line":11,"column":43}},"5":{"start":{"line":12,"column":0},"end":{"line":12,"column":48}},"6":{"start":{"line":15,"column":7},"end":{"line":67,"column":null}},"7":{"start":{"line":17,"column":4},"end":{"line":19,"column":5}},"8":{"start":{"line":18,"column":6},"end":{"line":18,"column":49}},"9":{"start":{"line":57,"column":4},"end":{"line":59,"column":5}},"10":{"start":{"line":58,"column":6},"end":{"line":58,"column":57}},"11":{"start":{"line":61,"column":17},"end":{"line":61,"column":74}},"12":{"start":{"line":61,"column":37},"end":{"line":61,"column":73}},"13":{"start":{"line":62,"column":4},"end":{"line":65,"column":6}},"14":{"start":{"line":15,"column":13},"end":{"line":15,"column":29}},"15":{"start":{"line":56,"column":2},"end":{"line":66,"column":null}},"16":{"start":{"line":29,"column":12},"end":{"line":29,"column":62}},"17":{"start":{"line":30,"column":22},"end":{"line":30,"column":48}},"18":{"start":{"line":31,"column":27},"end":{"line":31,"column":50}},"19":{"start":{"line":32,"column":10},"end":{"line":32,"column":35}},"20":{"start":{"line":36,"column":29},"end":{"line":41,"column":10}},"21":{"start":{"line":42,"column":8},"end":{"line":49,"column":9}},"22":{"start":{"line":43,"column":10},"end":{"line":43,"column":31}},"23":{"start":{"line":45,"column":10},"end":{"line":48,"column":12}},"24":{"start":{"line":15,"column":13},"end":{"line":67,"column":null}}},"fnMap":{"0":{"name":"(anonymous_4)","decl":{"start":{"line":16,"column":2},"end":{"line":16,"column":null}},"loc":{"start":{"line":16,"column":2},"end":{"line":20,"column":3}}},"1":{"name":"(anonymous_5)","decl":{"start":{"line":56,"column":2},"end":{"line":56,"column":14}},"loc":{"start":{"line":56,"column":60},"end":{"line":66,"column":3}}},"2":{"name":"(anonymous_6)","decl":{"start":{"line":61,"column":27},"end":{"line":61,"column":28}},"loc":{"start":{"line":61,"column":37},"end":{"line":61,"column":73}}},"3":{"name":"(anonymous_7)","decl":{"start":{"line":27,"column":18},"end":{"line":27,"column":19}},"loc":{"start":{"line":27,"column":42},"end":{"line":33,"column":9}}},"4":{"name":"(anonymous_8)","decl":{"start":{"line":35,"column":18},"end":{"line":35,"column":19}},"loc":{"start":{"line":35,"column":42},"end":{"line":50,"column":7}}}},"branchMap":{"0":{"loc":{"start":{"line":17,"column":4},"end":{"line":19,"column":5}},"type":"if","locations":[{"start":{"line":17,"column":4},"end":{"line":19,"column":5}},{"start":{},"end":{}}]},"1":{"loc":{"start":{"line":57,"column":4},"end":{"line":59,"column":5}},"type":"if","locations":[{"start":{"line":57,"column":4},"end":{"line":59,"column":5}},{"start":{},"end":{}}]},"2":{"loc":{"start":{"line":57,"column":8},"end":{"line":57,"column":36}},"type":"binary-expr","locations":[{"start":{"line":57,"column":8},"end":{"line":57,"column":14}},{"start":{"line":57,"column":18},"end":{"line":57,"column":36}}]},"3":{"loc":{"start":{"line":42,"column":8},"end":{"line":49,"column":9}},"type":"if","locations":[{"start":{"line":42,"column":8},"end":{"line":49,"column":9}},{"start":{"line":44,"column":15},"end":{"line":49,"column":9}}]}},"s":{"0":0,"1":0,"2":0,"3":0,"4":0,"5":0,"6":0,"7":0,"8":0,"9":0,"10":0,"11":0,"12":0,"13":0,"14":0,"15":0,"16":0,"17":0,"18":0,"19":0,"20":0,"21":0,"22":0,"23":0,"24":0},"f":{"0":0,"1":0,"2":0,"3":0,"4":0},"b":{"0":[0,0],"1":[0,0],"2":[0,0],"3":[0,0]}}
,"C:\\PROJECT\\GIAODICHGAME\\apps\\api\\src\\common\\upload.module.ts": {"path":"C:\\PROJECT\\GIAODICHGAME\\apps\\api\\src\\common\\upload.module.ts","statementMap":{"0":{"start":{"line":1,"column":0},"end":{"line":1,"column":40}},"1":{"start":{"line":2,"column":0},"end":{"line":2,"column":57}},"2":{"start":{"line":3,"column":0},"end":{"line":3,"column":28}},"3":{"start":{"line":4,"column":0},"end":{"line":4,"column":55}},"4":{"start":{"line":16,"column":7},"end":{"line":16,"column":null}},"5":{"start":{"line":16,"column":13},"end":{"line":16,"column":25}},"6":{"start":{"line":16,"column":13},"end":{"line":16,"column":null}}},"fnMap":{},"branchMap":{},"s":{"0":0,"1":0,"2":0,"3":0,"4":0,"5":0,"6":0},"f":{},"b":{}}
,"C:\\PROJECT\\GIAODICHGAME\\apps\\api\\src\\common\\decorators\\current-user.decorator.ts": {"path":"C:\\PROJECT\\GIAODICHGAME\\apps\\api\\src\\common\\decorators\\current-user.decorator.ts","statementMap":{"0":{"start":{"line":1,"column":0},"end":{"line":1,"column":72}},"1":{"start":{"line":8,"column":13},"end":{"line":13,"column":2}},"2":{"start":{"line":10,"column":20},"end":{"line":10,"column":74}},"3":{"start":{"line":11,"column":4},"end":{"line":11,"column":24}}},"fnMap":{"0":{"name":"(anonymous_0)","decl":{"start":{"line":9,"column":2},"end":{"line":9,"column":3}},"loc":{"start":{"line":9,"column":57},"end":{"line":12,"column":3}}}},"branchMap":{},"s":{"0":0,"1":0,"2":0,"3":0},"f":{"0":0},"b":{}}
,"C:\\PROJECT\\GIAODICHGAME\\apps\\api\\src\\common\\decorators\\public.decorator.ts": {"path":"C:\\PROJECT\\GIAODICHGAME\\apps\\api\\src\\common\\decorators\\public.decorator.ts","statementMap":{"0":{"start":{"line":1,"column":0},"end":{"line":1,"column":45}},"1":{"start":{"line":3,"column":13},"end":{"line":3,"column":40}},"2":{"start":{"line":4,"column":22},"end":{"line":4,"column":60}},"3":{"start":{"line":4,"column":28},"end":{"line":4,"column":60}},"4":{"start":{"line":4,"column":13},"end":{"line":4,"column":22}}},"fnMap":{"0":{"name":"(anonymous_0)","decl":{"start":{"line":4,"column":22},"end":{"line":4,"column":25}},"loc":{"start":{"line":4,"column":28},"end":{"line":4,"column":60}}}},"branchMap":{},"s":{"0":0,"1":0,"2":0,"3":0,"4":0},"f":{"0":0},"b":{}}
,"C:\\PROJECT\\GIAODICHGAME\\apps\\api\\src\\common\\decorators\\require-permissions.decorator.ts": {"path":"C:\\PROJECT\\GIAODICHGAME\\apps\\api\\src\\common\\decorators\\require-permissions.decorator.ts","statementMap":{"0":{"start":{"line":1,"column":0},"end":{"line":1,"column":45}},"1":{"start":{"line":3,"column":13},"end":{"line":3,"column":45}},"2":{"start":{"line":4,"column":34},"end":{"line":5,"column":43}},"3":{"start":{"line":5,"column":2},"end":{"line":5,"column":43}},"4":{"start":{"line":4,"column":13},"end":{"line":4,"column":34}}},"fnMap":{"0":{"name":"(anonymous_0)","decl":{"start":{"line":4,"column":34},"end":{"line":4,"column":35}},"loc":{"start":{"line":5,"column":2},"end":{"line":5,"column":43}}}},"branchMap":{},"s":{"0":0,"1":0,"2":0,"3":0,"4":0},"f":{"0":0},"b":{}}
,"C:\\PROJECT\\GIAODICHGAME\\apps\\api\\src\\common\\guards\\jwt-auth.guard.ts": {"path":"C:\\PROJECT\\GIAODICHGAME\\apps\\api\\src\\common\\guards\\jwt-auth.guard.ts","statementMap":{"0":{"start":{"line":1,"column":0},"end":{"line":1,"column":62}},"1":{"start":{"line":2,"column":0},"end":{"line":2,"column":41}},"2":{"start":{"line":3,"column":0},"end":{"line":3,"column":45}},"3":{"start":{"line":4,"column":0},"end":{"line":4,"column":63}},"4":{"start":{"line":7,"column":7},"end":{"line":20,"column":null}},"5":{"start":{"line":9,"column":4},"end":{"line":9,"column":12}},"6":{"start":{"line":8,"column":22},"end":{"line":8,"column":33}},"7":{"start":{"line":13,"column":21},"end":{"line":16,"column":6}},"8":{"start":{"line":17,"column":4},"end":{"line":17,"column":30}},"9":{"start":{"line":17,"column":18},"end":{"line":17,"column":30}},"10":{"start":{"line":18,"column":4},"end":{"line":18,"column":38}},"11":{"start":{"line":7,"column":13},"end":{"line":7,"column":25}},"12":{"start":{"line":7,"column":13},"end":{"line":20,"column":null}}},"fnMap":{"0":{"name":"(anonymous_2)","decl":{"start":{"line":8,"column":2},"end":{"line":8,"column":22}},"loc":{"start":{"line":8,"column":42},"end":{"line":10,"column":3}}},"1":{"name":"(anonymous_3)","decl":{"start":{"line":12,"column":11},"end":{"line":12,"column":22}},"loc":{"start":{"line":12,"column":48},"end":{"line":19,"column":3}}}},"branchMap":{"0":{"loc":{"start":{"line":17,"column":4},"end":{"line":17,"column":30}},"type":"if","locations":[{"start":{"line":17,"column":4},"end":{"line":17,"column":30}},{"start":{},"end":{}}]},"1":{"loc":{"start":{"line":8,"column":33},"end":{"line":8,"column":null}},"type":"cond-expr","locations":[{"start":{"line":8,"column":42},"end":{"line":8,"column":null}},{"start":{"line":8,"column":42},"end":{"line":8,"column":null}}]},"2":{"loc":{"start":{"line":8,"column":33},"end":{"line":8,"column":42}},"type":"binary-expr","locations":[{"start":{"line":8,"column":33},"end":{"line":8,"column":null}},{"start":{"line":8,"column":33},"end":{"line":8,"column":42}}]}},"s":{"0":0,"1":0,"2":0,"3":0,"4":0,"5":0,"6":0,"7":0,"8":0,"9":0,"10":0,"11":0,"12":0},"f":{"0":0,"1":0},"b":{"0":[0,0],"1":[0,0],"2":[0,0]}}
,"C:\\PROJECT\\GIAODICHGAME\\apps\\api\\src\\common\\guards\\permissions.guard.ts": {"path":"C:\\PROJECT\\GIAODICHGAME\\apps\\api\\src\\common\\guards\\permissions.guard.ts","statementMap":{"0":{"start":{"line":1,"column":0},"end":{"line":1,"column":null}},"1":{"start":{"line":8,"column":0},"end":{"line":8,"column":41}},"2":{"start":{"line":9,"column":0},"end":{"line":9,"column":78}},"3":{"start":{"line":10,"column":0},"end":{"line":10,"column":57}},"4":{"start":{"line":12,"column":0},"end":{"line":12,"column":48}},"5":{"start":{"line":13,"column":0},"end":{"line":13,"column":47}},"6":{"start":{"line":19,"column":7},"end":{"line":80,"column":null}},"7":{"start":{"line":21,"column":12},"end":{"line":21,"column":23}},"8":{"start":{"line":22,"column":29},"end":{"line":22,"column":33}},"9":{"start":{"line":26,"column":32},"end":{"line":28,"column":null}},"10":{"start":{"line":32,"column":4},"end":{"line":32,"column":78}},"11":{"start":{"line":32,"column":66},"end":{"line":32,"column":78}},"12":{"start":{"line":34,"column":20},"end":{"line":34,"column":78}},"13":{"start":{"line":35,"column":17},"end":{"line":35,"column":29}},"14":{"start":{"line":36,"column":4},"end":{"line":36,"column":60}},"15":{"start":{"line":36,"column":15},"end":{"line":36,"column":60}},"16":{"start":{"line":39,"column":22},"end":{"line":50,"column":15}},"17":{"start":{"line":52,"column":4},"end":{"line":52,"column":42}},"18":{"start":{"line":52,"column":30},"end":{"line":52,"column":42}},"19":{"start":{"line":55,"column":25},"end":{"line":58,"column":54}},"20":{"start":{"line":60,"column":4},"end":{"line":60,"column":85}},"21":{"start":{"line":60,"column":35},"end":{"line":60,"column":85}},"22":{"start":{"line":62,"column":20},"end":{"line":62,"column":53}},"23":{"start":{"line":62,"column":44},"end":{"line":62,"column":52}},"24":{"start":{"line":64,"column":21},"end":{"line":71,"column":61}},"25":{"start":{"line":73,"column":22},"end":{"line":73,"column":57}},"26":{"start":{"line":73,"column":50},"end":{"line":73,"column":55}},"27":{"start":{"line":75,"column":19},"end":{"line":75,"column":69}},"28":{"start":{"line":75,"column":52},"end":{"line":75,"column":68}},"29":{"start":{"line":76,"column":4},"end":{"line":76,"column":74}},"30":{"start":{"line":76,"column":17},"end":{"line":76,"column":74}},"31":{"start":{"line":78,"column":4},"end":{"line":78,"column":16}},"32":{"start":{"line":19,"column":13},"end":{"line":19,"column":29}},"33":{"start":{"line":19,"column":13},"end":{"line":80,"column":null}}},"fnMap":{"0":{"name":"(anonymous_13)","decl":{"start":{"line":20,"column":2},"end":{"line":20,"column":null}},"loc":{"start":{"line":22,"column":35},"end":{"line":23,"column":6}}},"1":{"name":"(anonymous_14)","decl":{"start":{"line":25,"column":2},"end":{"line":25,"column":7}},"loc":{"start":{"line":25,"column":45},"end":{"line":79,"column":3}}},"2":{"name":"(anonymous_15)","decl":{"start":{"line":62,"column":37},"end":{"line":62,"column":38}},"loc":{"start":{"line":62,"column":44},"end":{"line":62,"column":52}}},"3":{"name":"(anonymous_16)","decl":{"start":{"line":73,"column":43},"end":{"line":73,"column":44}},"loc":{"start":{"line":73,"column":50},"end":{"line":73,"column":55}}},"4":{"name":"(anonymous_17)","decl":{"start":{"line":75,"column":45},"end":{"line":75,"column":46}},"loc":{"start":{"line":75,"column":52},"end":{"line":75,"column":68}}}},"branchMap":{"0":{"loc":{"start":{"line":32,"column":4},"end":{"line":32,"column":78}},"type":"if","locations":[{"start":{"line":32,"column":4},"end":{"line":32,"column":78}},{"start":{},"end":{}}]},"1":{"loc":{"start":{"line":32,"column":8},"end":{"line":32,"column":64}},"type":"binary-expr","locations":[{"start":{"line":32,"column":8},"end":{"line":32,"column":28}},{"start":{"line":32,"column":32},"end":{"line":32,"column":64}}]},"2":{"loc":{"start":{"line":36,"column":4},"end":{"line":36,"column":60}},"type":"if","locations":[{"start":{"line":36,"column":4},"end":{"line":36,"column":60}},{"start":{},"end":{}}]},"3":{"loc":{"start":{"line":52,"column":4},"end":{"line":52,"column":42}},"type":"if","locations":[{"start":{"line":52,"column":4},"end":{"line":52,"column":42}},{"start":{},"end":{}}]},"4":{"loc":{"start":{"line":60,"column":4},"end":{"line":60,"column":85}},"type":"if","locations":[{"start":{"line":60,"column":4},"end":{"line":60,"column":85}},{"start":{},"end":{}}]},"5":{"loc":{"start":{"line":76,"column":4},"end":{"line":76,"column":74}},"type":"if","locations":[{"start":{"line":76,"column":4},"end":{"line":76,"column":74}},{"start":{},"end":{}}]},"6":{"loc":{"start":{"line":21,"column":23},"end":{"line":21,"column":null}},"type":"cond-expr","locations":[{"start":{"line":21,"column":32},"end":{"line":21,"column":null}},{"start":{"line":21,"column":32},"end":{"line":21,"column":null}}]},"7":{"loc":{"start":{"line":21,"column":23},"end":{"line":21,"column":32}},"type":"binary-expr","locations":[{"start":{"line":21,"column":23},"end":{"line":21,"column":null}},{"start":{"line":21,"column":23},"end":{"line":21,"column":32}}]},"8":{"loc":{"start":{"line":21,"column":32},"end":{"line":22,"column":null}},"type":"cond-expr","locations":[{"start":{"line":22,"column":35},"end":{"line":22,"column":null}},{"start":{"line":22,"column":35},"end":{"line":22,"column":null}}]},"9":{"loc":{"start":{"line":21,"column":32},"end":{"line":22,"column":35}},"type":"binary-expr","locations":[{"start":{"line":21,"column":32},"end":{"line":22,"column":null}},{"start":{"line":22,"column":33},"end":{"line":22,"column":35}}]}},"s":{"0":0,"1":0,"2":0,"3":0,"4":0,"5":0,"6":0,"7":0,"8":0,"9":0,"10":0,"11":0,"12":0,"13":0,"14":0,"15":0,"16":0,"17":0,"18":0,"19":0,"20":0,"21":0,"22":0,"23":0,"24":0,"25":0,"26":0,"27":0,"28":0,"29":0,"30":0,"31":0,"32":0,"33":0},"f":{"0":0,"1":0,"2":0,"3":0,"4":0},"b":{"0":[0,0],"1":[0,0],"2":[0,0],"3":[0,0],"4":[0,0],"5":[0,0],"6":[0,0],"7":[0,0],"8":[0,0],"9":[0,0]}}
,"C:\\PROJECT\\GIAODICHGAME\\apps\\api\\src\\database\\database.decorators.ts": {"path":"C:\\PROJECT\\GIAODICHGAME\\apps\\api\\src\\database\\database.decorators.ts","statementMap":{"0":{"start":{"line":1,"column":0},"end":{"line":1,"column":40}},"1":{"start":{"line":2,"column":0},"end":{"line":2,"column":9}},"2":{"start":{"line":11,"column":9},"end":{"line":2,"column":44}},"3":{"start":{"line":8,"column":29},"end":{"line":8,"column":50}},"4":{"start":{"line":8,"column":35},"end":{"line":8,"column":50}},"5":{"start":{"line":8,"column":13},"end":{"line":8,"column":29}}},"fnMap":{"0":{"name":"(anonymous_0)","decl":{"start":{"line":11,"column":9},"end":{"line":11,"column":16}},"loc":{"start":{"line":11,"column":9},"end":{"line":2,"column":44}}},"1":{"name":"(anonymous_1)","decl":{"start":{"line":8,"column":29},"end":{"line":8,"column":32}},"loc":{"start":{"line":8,"column":35},"end":{"line":8,"column":50}}}},"branchMap":{},"s":{"0":0,"1":0,"2":0,"3":0,"4":0,"5":0},"f":{"0":0,"1":0},"b":{}}
,"C:\\PROJECT\\GIAODICHGAME\\apps\\api\\src\\database\\database.module.ts": {"path":"C:\\PROJECT\\GIAODICHGAME\\apps\\api\\src\\database\\database.module.ts","statementMap":{"0":{"start":{"line":1,"column":0},"end":{"line":1,"column":48}},"1":{"start":{"line":2,"column":0},"end":{"line":2,"column":47}},"2":{"start":{"line":3,"column":0},"end":{"line":3,"column":50}},"3":{"start":{"line":4,"column":0},"end":{"line":4,"column":32}},"4":{"start":{"line":5,"column":0},"end":{"line":5,"column":35}},"5":{"start":{"line":7,"column":13},"end":{"line":7,"column":41}},"6":{"start":{"line":30,"column":7},"end":{"line":30,"column":null}},"7":{"start":{"line":30,"column":13},"end":{"line":30,"column":27}},"8":{"start":{"line":30,"column":13},"end":{"line":30,"column":null}},"9":{"start":{"line":16,"column":23},"end":{"line":23,"column":10}},"10":{"start":{"line":24,"column":8},"end":{"line":24,"column":43}}},"fnMap":{"0":{"name":"(anonymous_11)","decl":{"start":{"line":15,"column":18},"end":{"line":15,"column":19}},"loc":{"start":{"line":15,"column":44},"end":{"line":25,"column":7}}}},"branchMap":{},"s":{"0":2,"1":2,"2":2,"3":2,"4":2,"5":2,"6":2,"7":2,"8":2,"9":0,"10":0},"f":{"0":0},"b":{}}
,"C:\\PROJECT\\GIAODICHGAME\\apps\\api\\src\\database\\schema.ts": {"path":"C:\\PROJECT\\GIAODICHGAME\\apps\\api\\src\\database\\schema.ts","statementMap":{"0":{"start":{"line":1,"column":0},"end":{"line":1,"column":null}},"1":{"start":{"line":15,"column":0},"end":{"line":15,"column":40}},"2":{"start":{"line":21,"column":13},"end":{"line":30,"column":3}},"3":{"start":{"line":36,"column":13},"end":{"line":42,"column":3}},"4":{"start":{"line":44,"column":13},"end":{"line":49,"column":3}},"5":{"start":{"line":51,"column":13},"end":{"line":64,"column":2}},"6":{"start":{"line":56,"column":24},"end":{"line":56,"column":32}},"7":{"start":{"line":59,"column":24},"end":{"line":59,"column":38}},"8":{"start":{"line":61,"column":10},"end":{"line":63,"column":4}},"9":{"start":{"line":66,"column":13},"end":{"line":81,"column":2}},"10":{"start":{"line":71,"column":24},"end":{"line":71,"column":32}},"11":{"start":{"line":74,"column":24},"end":{"line":74,"column":32}},"12":{"start":{"line":75,"column":75},"end":{"line":75,"column":83}},"13":{"start":{"line":78,"column":10},"end":{"line":80,"column":4}},"14":{"start":{"line":87,"column":13},"end":{"line":96,"column":3}},"15":{"start":{"line":91,"column":22},"end":{"line":91,"column":30}},"16":{"start":{"line":102,"column":13},"end":{"line":113,"column":11}},"17":{"start":{"line":115,"column":13},"end":{"line":115,"column":85}},"18":{"start":{"line":117,"column":13},"end":{"line":136,"column":2}},"19":{"start":{"line":123,"column":24},"end":{"line":123,"column":32}},"20":{"start":{"line":132,"column":10},"end":{"line":135,"column":4}},"21":{"start":{"line":142,"column":13},"end":{"line":154,"column":3}},"22":{"start":{"line":146,"column":22},"end":{"line":146,"column":30}},"23":{"start":{"line":152,"column":75},"end":{"line":152,"column":83}},"24":{"start":{"line":156,"column":13},"end":{"line":168,"column":3}},"25":{"start":{"line":160,"column":22},"end":{"line":160,"column":30}},"26":{"start":{"line":174,"column":13},"end":{"line":183,"column":3}},"27":{"start":{"line":181,"column":71},"end":{"line":181,"column":79}},"28":{"start":{"line":185,"column":13},"end":{"line":210,"column":2}},"29":{"start":{"line":191,"column":24},"end":{"line":191,"column":32}},"30":{"start":{"line":194,"column":24},"end":{"line":194,"column":32}},"31":{"start":{"line":206,"column":10},"end":{"line":209,"column":4}},"32":{"start":{"line":212,"column":13},"end":{"line":220,"column":3}},"33":{"start":{"line":216,"column":22},"end":{"line":216,"column":33}},"34":{"start":{"line":226,"column":13},"end":{"line":244,"column":3}},"35":{"start":{"line":230,"column":22},"end":{"line":230,"column":33}},"36":{"start":{"line":233,"column":22},"end":{"line":233,"column":30}},"37":{"start":{"line":236,"column":22},"end":{"line":236,"column":30}},"38":{"start":{"line":246,"column":13},"end":{"line":254,"column":3}},"39":{"start":{"line":251,"column":22},"end":{"line":251,"column":31}},"40":{"start":{"line":260,"column":13},"end":{"line":286,"column":2}},"41":{"start":{"line":267,"column":24},"end":{"line":267,"column":33}},"42":{"start":{"line":270,"column":24},"end":{"line":270,"column":32}},"43":{"start":{"line":273,"column":24},"end":{"line":273,"column":32}},"44":{"start":{"line":274,"column":75},"end":{"line":274,"column":83}},"45":{"start":{"line":283,"column":10},"end":{"line":285,"column":4}},"46":{"start":{"line":288,"column":13},"end":{"line":299,"column":3}},"47":{"start":{"line":292,"column":22},"end":{"line":292,"column":39}},"48":{"start":{"line":295,"column":22},"end":{"line":295,"column":30}},"49":{"start":{"line":302,"column":13},"end":{"line":309,"column":3}},"50":{"start":{"line":308,"column":71},"end":{"line":308,"column":79}},"51":{"start":{"line":312,"column":13},"end":{"line":325,"column":3}},"52":{"start":{"line":316,"column":22},"end":{"line":316,"column":39}},"53":{"start":{"line":319,"column":22},"end":{"line":319,"column":30}},"54":{"start":{"line":331,"column":13},"end":{"line":339,"column":3}},"55":{"start":{"line":341,"column":13},"end":{"line":353,"column":3}},"56":{"start":{"line":345,"column":22},"end":{"line":345,"column":30}},"57":{"start":{"line":348,"column":22},"end":{"line":348,"column":36}},"58":{"start":{"line":355,"column":13},"end":{"line":369,"column":4}},"59":{"start":{"line":360,"column":22},"end":{"line":360,"column":30}},"60":{"start":{"line":367,"column":11},"end":{"line":369,"column":2}},"61":{"start":{"line":371,"column":13},"end":{"line":377,"column":3}},"62":{"start":{"line":376,"column":71},"end":{"line":376,"column":79}},"63":{"start":{"line":379,"column":13},"end":{"line":393,"column":3}},"64":{"start":{"line":383,"column":22},"end":{"line":383,"column":33}},"65":{"start":{"line":386,"column":22},"end":{"line":386,"column":30}},"66":{"start":{"line":399,"column":13},"end":{"line":407,"column":4}},"67":{"start":{"line":399,"column":67},"end":{"line":407,"column":2}},"68":{"start":{"line":409,"column":13},"end":{"line":412,"column":4}},"69":{"start":{"line":409,"column":62},"end":{"line":412,"column":2}},"70":{"start":{"line":414,"column":13},"end":{"line":416,"column":4}},"71":{"start":{"line":414,"column":74},"end":{"line":416,"column":2}},"72":{"start":{"line":418,"column":13},"end":{"line":421,"column":4}},"73":{"start":{"line":418,"column":69},"end":{"line":421,"column":2}},"74":{"start":{"line":423,"column":13},"end":{"line":429,"column":4}},"75":{"start":{"line":423,"column":81},"end":{"line":429,"column":2}},"76":{"start":{"line":431,"column":13},"end":{"line":433,"column":4}},"77":{"start":{"line":431,"column":62},"end":{"line":433,"column":2}},"78":{"start":{"line":435,"column":13},"end":{"line":440,"column":4}},"79":{"start":{"line":435,"column":73},"end":{"line":440,"column":2}},"80":{"start":{"line":442,"column":13},"end":{"line":444,"column":4}},"81":{"start":{"line":442,"column":77},"end":{"line":444,"column":2}},"82":{"start":{"line":446,"column":13},"end":{"line":448,"column":4}},"83":{"start":{"line":446,"column":73},"end":{"line":448,"column":2}},"84":{"start":{"line":450,"column":13},"end":{"line":452,"column":4}},"85":{"start":{"line":450,"column":75},"end":{"line":452,"column":2}},"86":{"start":{"line":454,"column":13},"end":{"line":456,"column":4}},"87":{"start":{"line":454,"column":74},"end":{"line":456,"column":2}},"88":{"start":{"line":458,"column":13},"end":{"line":461,"column":4}},"89":{"start":{"line":458,"column":91},"end":{"line":461,"column":2}},"90":{"start":{"line":463,"column":13},"end":{"line":469,"column":4}},"91":{"start":{"line":463,"column":69},"end":{"line":469,"column":2}},"92":{"start":{"line":471,"column":13},"end":{"line":473,"column":4}},"93":{"start":{"line":471,"column":81},"end":{"line":473,"column":2}},"94":{"start":{"line":479,"column":13},"end":{"line":487,"column":3}},"95":{"start":{"line":483,"column":22},"end":{"line":483,"column":31}},"96":{"start":{"line":493,"column":13},"end":{"line":506,"column":4}},"97":{"start":{"line":497,"column":22},"end":{"line":497,"column":30}},"98":{"start":{"line":504,"column":11},"end":{"line":506,"column":2}},"99":{"start":{"line":512,"column":13},"end":{"line":514,"column":4}},"100":{"start":{"line":512,"column":78},"end":{"line":514,"column":2}},"101":{"start":{"line":516,"column":13},"end":{"line":518,"column":4}},"102":{"start":{"line":516,"column":77},"end":{"line":518,"column":2}}},"fnMap":{"0":{"name":"(anonymous_0)","decl":{"start":{"line":56,"column":18},"end":{"line":56,"column":21}},"loc":{"start":{"line":56,"column":24},"end":{"line":56,"column":32}}},"1":{"name":"(anonymous_1)","decl":{"start":{"line":59,"column":18},"end":{"line":59,"column":21}},"loc":{"start":{"line":59,"column":24},"end":{"line":59,"column":38}}},"2":{"name":"(anonymous_2)","decl":{"start":{"line":61,"column":2},"end":{"line":61,"column":3}},"loc":{"start":{"line":61,"column":10},"end":{"line":63,"column":4}}},"3":{"name":"(anonymous_3)","decl":{"start":{"line":71,"column":18},"end":{"line":71,"column":21}},"loc":{"start":{"line":71,"column":24},"end":{"line":71,"column":32}}},"4":{"name":"(anonymous_4)","decl":{"start":{"line":74,"column":18},"end":{"line":74,"column":21}},"loc":{"start":{"line":74,"column":24},"end":{"line":74,"column":32}}},"5":{"name":"(anonymous_5)","decl":{"start":{"line":75,"column":69},"end":{"line":75,"column":72}},"loc":{"start":{"line":75,"column":75},"end":{"line":75,"column":83}}},"6":{"name":"(anonymous_6)","decl":{"start":{"line":78,"column":2},"end":{"line":78,"column":3}},"loc":{"start":{"line":78,"column":10},"end":{"line":80,"column":4}}},"7":{"name":"(anonymous_7)","decl":{"start":{"line":91,"column":16},"end":{"line":91,"column":19}},"loc":{"start":{"line":91,"column":22},"end":{"line":91,"column":30}}},"8":{"name":"(anonymous_8)","decl":{"start":{"line":123,"column":18},"end":{"line":123,"column":21}},"loc":{"start":{"line":123,"column":24},"end":{"line":123,"column":32}}},"9":{"name":"(anonymous_9)","decl":{"start":{"line":132,"column":2},"end":{"line":132,"column":3}},"loc":{"start":{"line":132,"column":10},"end":{"line":135,"column":4}}},"10":{"name":"(anonymous_10)","decl":{"start":{"line":146,"column":16},"end":{"line":146,"column":19}},"loc":{"start":{"line":146,"column":22},"end":{"line":146,"column":30}}},"11":{"name":"(anonymous_11)","decl":{"start":{"line":152,"column":69},"end":{"line":152,"column":72}},"loc":{"start":{"line":152,"column":75},"end":{"line":152,"column":83}}},"12":{"name":"(anonymous_12)","decl":{"start":{"line":160,"column":16},"end":{"line":160,"column":19}},"loc":{"start":{"line":160,"column":22},"end":{"line":160,"column":30}}},"13":{"name":"(anonymous_13)","decl":{"start":{"line":181,"column":65},"end":{"line":181,"column":68}},"loc":{"start":{"line":181,"column":71},"end":{"line":181,"column":79}}},"14":{"name":"(anonymous_14)","decl":{"start":{"line":191,"column":18},"end":{"line":191,"column":21}},"loc":{"start":{"line":191,"column":24},"end":{"line":191,"column":32}}},"15":{"name":"(anonymous_15)","decl":{"start":{"line":194,"column":18},"end":{"line":194,"column":21}},"loc":{"start":{"line":194,"column":24},"end":{"line":194,"column":32}}},"16":{"name":"(anonymous_16)","decl":{"start":{"line":206,"column":2},"end":{"line":206,"column":3}},"loc":{"start":{"line":206,"column":10},"end":{"line":209,"column":4}}},"17":{"name":"(anonymous_17)","decl":{"start":{"line":216,"column":16},"end":{"line":216,"column":19}},"loc":{"start":{"line":216,"column":22},"end":{"line":216,"column":33}}},"18":{"name":"(anonymous_18)","decl":{"start":{"line":230,"column":16},"end":{"line":230,"column":19}},"loc":{"start":{"line":230,"column":22},"end":{"line":230,"column":33}}},"19":{"name":"(anonymous_19)","decl":{"start":{"line":233,"column":16},"end":{"line":233,"column":19}},"loc":{"start":{"line":233,"column":22},"end":{"line":233,"column":30}}},"20":{"name":"(anonymous_20)","decl":{"start":{"line":236,"column":16},"end":{"line":236,"column":19}},"loc":{"start":{"line":236,"column":22},"end":{"line":236,"column":30}}},"21":{"name":"(anonymous_21)","decl":{"start":{"line":251,"column":16},"end":{"line":251,"column":19}},"loc":{"start":{"line":251,"column":22},"end":{"line":251,"column":31}}},"22":{"name":"(anonymous_22)","decl":{"start":{"line":267,"column":18},"end":{"line":267,"column":21}},"loc":{"start":{"line":267,"column":24},"end":{"line":267,"column":33}}},"23":{"name":"(anonymous_23)","decl":{"start":{"line":270,"column":18},"end":{"line":270,"column":21}},"loc":{"start":{"line":270,"column":24},"end":{"line":270,"column":32}}},"24":{"name":"(anonymous_24)","decl":{"start":{"line":273,"column":18},"end":{"line":273,"column":21}},"loc":{"start":{"line":273,"column":24},"end":{"line":273,"column":32}}},"25":{"name":"(anonymous_25)","decl":{"start":{"line":274,"column":69},"end":{"line":274,"column":72}},"loc":{"start":{"line":274,"column":75},"end":{"line":274,"column":83}}},"26":{"name":"(anonymous_26)","decl":{"start":{"line":283,"column":2},"end":{"line":283,"column":3}},"loc":{"start":{"line":283,"column":10},"end":{"line":285,"column":4}}},"27":{"name":"(anonymous_27)","decl":{"start":{"line":292,"column":16},"end":{"line":292,"column":19}},"loc":{"start":{"line":292,"column":22},"end":{"line":292,"column":39}}},"28":{"name":"(anonymous_28)","decl":{"start":{"line":295,"column":16},"end":{"line":295,"column":19}},"loc":{"start":{"line":295,"column":22},"end":{"line":295,"column":30}}},"29":{"name":"(anonymous_29)","decl":{"start":{"line":308,"column":65},"end":{"line":308,"column":68}},"loc":{"start":{"line":308,"column":71},"end":{"line":308,"column":79}}},"30":{"name":"(anonymous_30)","decl":{"start":{"line":316,"column":16},"end":{"line":316,"column":19}},"loc":{"start":{"line":316,"column":22},"end":{"line":316,"column":39}}},"31":{"name":"(anonymous_31)","decl":{"start":{"line":319,"column":16},"end":{"line":319,"column":19}},"loc":{"start":{"line":319,"column":22},"end":{"line":319,"column":30}}},"32":{"name":"(anonymous_32)","decl":{"start":{"line":345,"column":16},"end":{"line":345,"column":19}},"loc":{"start":{"line":345,"column":22},"end":{"line":345,"column":30}}},"33":{"name":"(anonymous_33)","decl":{"start":{"line":348,"column":16},"end":{"line":348,"column":19}},"loc":{"start":{"line":348,"column":22},"end":{"line":348,"column":36}}},"34":{"name":"(anonymous_34)","decl":{"start":{"line":360,"column":16},"end":{"line":360,"column":19}},"loc":{"start":{"line":360,"column":22},"end":{"line":360,"column":30}}},"35":{"name":"(anonymous_35)","decl":{"start":{"line":367,"column":3},"end":{"line":367,"column":4}},"loc":{"start":{"line":367,"column":11},"end":{"line":369,"column":2}}},"36":{"name":"(anonymous_36)","decl":{"start":{"line":376,"column":65},"end":{"line":376,"column":68}},"loc":{"start":{"line":376,"column":71},"end":{"line":376,"column":79}}},"37":{"name":"(anonymous_37)","decl":{"start":{"line":383,"column":16},"end":{"line":383,"column":19}},"loc":{"start":{"line":383,"column":22},"end":{"line":383,"column":33}}},"38":{"name":"(anonymous_38)","decl":{"start":{"line":386,"column":16},"end":{"line":386,"column":19}},"loc":{"start":{"line":386,"column":22},"end":{"line":386,"column":30}}},"39":{"name":"(anonymous_39)","decl":{"start":{"line":399,"column":47},"end":{"line":399,"column":48}},"loc":{"start":{"line":399,"column":67},"end":{"line":407,"column":2}}},"40":{"name":"(anonymous_40)","decl":{"start":{"line":409,"column":47},"end":{"line":409,"column":48}},"loc":{"start":{"line":409,"column":62},"end":{"line":412,"column":2}}},"41":{"name":"(anonymous_41)","decl":{"start":{"line":414,"column":59},"end":{"line":414,"column":60}},"loc":{"start":{"line":414,"column":74},"end":{"line":416,"column":2}}},"42":{"name":"(anonymous_42)","decl":{"start":{"line":418,"column":55},"end":{"line":418,"column":56}},"loc":{"start":{"line":418,"column":69},"end":{"line":421,"column":2}}},"43":{"name":"(anonymous_43)","decl":{"start":{"line":423,"column":67},"end":{"line":423,"column":68}},"loc":{"start":{"line":423,"column":81},"end":{"line":429,"column":2}}},"44":{"name":"(anonymous_44)","decl":{"start":{"line":431,"column":47},"end":{"line":431,"column":48}},"loc":{"start":{"line":431,"column":62},"end":{"line":433,"column":2}}},"45":{"name":"(anonymous_45)","decl":{"start":{"line":435,"column":53},"end":{"line":435,"column":54}},"loc":{"start":{"line":435,"column":73},"end":{"line":440,"column":2}}},"46":{"name":"(anonymous_46)","decl":{"start":{"line":442,"column":63},"end":{"line":442,"column":64}},"loc":{"start":{"line":442,"column":77},"end":{"line":444,"column":2}}},"47":{"name":"(anonymous_47)","decl":{"start":{"line":446,"column":59},"end":{"line":446,"column":60}},"loc":{"start":{"line":446,"column":73},"end":{"line":448,"column":2}}},"48":{"name":"(anonymous_48)","decl":{"start":{"line":450,"column":61},"end":{"line":450,"column":62}},"loc":{"start":{"line":450,"column":75},"end":{"line":452,"column":2}}},"49":{"name":"(anonymous_49)","decl":{"start":{"line":454,"column":59},"end":{"line":454,"column":60}},"loc":{"start":{"line":454,"column":74},"end":{"line":456,"column":2}}},"50":{"name":"(anonymous_50)","decl":{"start":{"line":458,"column":77},"end":{"line":458,"column":78}},"loc":{"start":{"line":458,"column":91},"end":{"line":461,"column":2}}},"51":{"name":"(anonymous_51)","decl":{"start":{"line":463,"column":49},"end":{"line":463,
[...]
"line":62,"column":null}}]},"13":{"loc":{"start":{"line":62,"column":43},"end":{"line":62,"column":69}},"type":"binary-expr","locations":[{"start":{"line":62,"column":43},"end":{"line":62,"column":null}},{"start":{"line":62,"column":58},"end":{"line":62,"column":69}}]},"14":{"loc":{"start":{"line":67,"column":49},"end":{"line":67,"column":null}},"type":"cond-expr","locations":[{"start":{"line":67,"column":60},"end":{"line":67,"column":null}},{"start":{"line":67,"column":60},"end":{"line":67,"column":null}}]},"15":{"loc":{"start":{"line":67,"column":49},"end":{"line":67,"column":60}},"type":"binary-expr","locations":[{"start":{"line":67,"column":49},"end":{"line":67,"column":null}},{"start":{"line":67,"column":49},"end":{"line":67,"column":60}}]},"16":{"loc":{"start":{"line":74,"column":40},"end":{"line":74,"column":54}},"type":"cond-expr","locations":[{"start":{"line":74,"column":51},"end":{"line":74,"column":54}},{"start":{"line":74,"column":51},"end":{"line":74,"column":54}}]},"17":{"loc":{"start":{"line":74,"column":40},"end":{"line":74,"column":51}},"type":"binary-expr","locations":[{"start":{"line":74,"column":40},"end":{"line":74,"column":54}},{"start":{"line":74,"column":40},"end":{"line":74,"column":51}}]},"18":{"loc":{"start":{"line":74,"column":51},"end":{"line":74,"column":null}},"type":"cond-expr","locations":[{"start":{"line":74,"column":85},"end":{"line":74,"column":null}},{"start":{"line":74,"column":85},"end":{"line":74,"column":null}}]},"19":{"loc":{"start":{"line":74,"column":51},"end":{"line":74,"column":85}},"type":"binary-expr","locations":[{"start":{"line":74,"column":51},"end":{"line":74,"column":null}},{"start":{"line":74,"column":66},"end":{"line":74,"column":85}}]},"20":{"loc":{"start":{"line":80,"column":41},"end":{"line":80,"column":55}},"type":"cond-expr","locations":[{"start":{"line":80,"column":52},"end":{"line":80,"column":55}},{"start":{"line":80,"column":52},"end":{"line":80,"column":55}}]},"21":{"loc":{"start":{"line":80,"column":41},"end":{"line":80,"column":52}},"type":"binary-expr","locations":[{"start":{"line":80,"column":41},"end":{"line":80,"column":55}},{"start":{"line":80,"column":41},"end":{"line":80,"column":52}}]},"22":{"loc":{"start":{"line":80,"column":52},"end":{"line":80,"column":null}},"type":"cond-expr","locations":[{"start":{"line":80,"column":87},"end":{"line":80,"column":null}},{"start":{"line":80,"column":87},"end":{"line":80,"column":null}}]},"23":{"loc":{"start":{"line":80,"column":52},"end":{"line":80,"column":87}},"type":"binary-expr","locations":[{"start":{"line":80,"column":52},"end":{"line":80,"column":null}},{"start":{"line":80,"column":67},"end":{"line":80,"column":87}}]},"24":{"loc":{"start":{"line":29,"column":27},"end":{"line":29,"column":null}},"type":"cond-expr","locations":[{"start":{"line":29,"column":40},"end":{"line":29,"column":null}},{"start":{"line":29,"column":40},"end":{"line":29,"column":null}}]},"25":{"loc":{"start":{"line":29,"column":27},"end":{"line":29,"column":40}},"type":"binary-expr","locations":[{"start":{"line":29,"column":27},"end":{"line":29,"column":null}},{"start":{"line":29,"column":27},"end":{"line":29,"column":40}}]},"26":{"loc":{"start":{"line":29,"column":40},"end":{"line":30,"column":null}},"type":"cond-expr","locations":[{"start":{"line":30,"column":38},"end":{"line":30,"column":null}},{"start":{"line":30,"column":38},"end":{"line":30,"column":null}}]},"27":{"loc":{"start":{"line":29,"column":40},"end":{"line":30,"column":38}},"type":"binary-expr","locations":[{"start":{"line":29,"column":40},"end":{"line":30,"column":null}},{"start":{"line":30,"column":26},"end":{"line":30,"column":38}}]},"28":{"loc":{"start":{"line":30,"column":38},"end":{"line":31,"column":null}},"type":"cond-expr","locations":[{"start":{"line":31,"column":44},"end":{"line":31,"column":null}},{"start":{"line":31,"column":44},"end":{"line":31,"column":null}}]},"29":{"loc":{"start":{"line":30,"column":38},"end":{"line":31,"column":44}},"type":"binary-expr","locations":[{"start":{"line":30,"column":38},"end":{"line":31,"column":null}},{"start":{"line":31,"column":29},"end":{"line":31,"column":44}}]},"30":{"loc":{"start":{"line":31,"column":44},"end":{"line":32,"column":null}},"type":"cond-expr","locations":[{"start":{"line":32,"column":46},"end":{"line":32,"column":null}},{"start":{"line":32,"column":46},"end":{"line":32,"column":null}}]},"31":{"loc":{"start":{"line":31,"column":44},"end":{"line":32,"column":46}},"type":"binary-expr","locations":[{"start":{"line":31,"column":44},"end":{"line":32,"column":null}},{"start":{"line":32,"column":30},"end":{"line":32,"column":46}}]}},"s":{"0":0,"1":0,"2":0,"3":0,"4":0,"5":0,"6":0,"7":0,"8":0,"9":0,"10":0,"11":0,"12":0,"13":0,"14":0,"15":0,"16":0,"17":0,"18":0,"19":0,"20":0,"21":0,"22":0,"23":0,"24":0,"25":0,"26":0,"27":0,"28":0,"29":0,"30":0,"31":0,"32":0,"33":0,"34":0},"f":{"0":0,"1":0,"2":0,"3":0,"4":0,"5":0,"6":0,"7":0,"8":0},"b":{"0":[0,0],"1":[0,0],"2":[0,0],"3":[0,0],"4":[0,0],"5":[0,0],"6":[0,0],"7":[0,0],"8":[0,0],"9":[0,0],"10":[0,0],"11":[0,0],"12":[0,0],"13":[0,0],"14":[0,0],"15":[0,0],"16":[0,0],"17":[0,0],"18":[0,0],"19":[0,0],"20":[0,0],"21":[0,0],"22":[0,0],"23":[0,0],"24":[0,0],"25":[0,0],"26":[0,0],"27":[0,0],"28":[0,0],"29":[0,0],"30":[0,0],"31":[0,0]}}
,"C:\\PROJECT\\GIAODICHGAME\\apps\\api\\src\\wallet\\wallet.module.ts": {"path":"C:\\PROJECT\\GIAODICHGAME\\apps\\api\\src\\wallet\\wallet.module.ts","statementMap":{"0":{"start":{"line":1,"column":0},"end":{"line":1,"column":40}},"1":{"start":{"line":2,"column":0},"end":{"line":2,"column":49}},"2":{"start":{"line":3,"column":0},"end":{"line":3,"column":47}},"3":{"start":{"line":4,"column":0},"end":{"line":4,"column":53}},"4":{"start":{"line":5,"column":0},"end":{"line":5,"column":55}},"5":{"start":{"line":6,"column":0},"end":{"line":6,"column":55}},"6":{"start":{"line":7,"column":0},"end":{"line":7,"column":66}},"7":{"start":{"line":14,"column":7},"end":{"line":14,"column":null}},"8":{"start":{"line":14,"column":13},"end":{"line":14,"column":25}},"9":{"start":{"line":14,"column":13},"end":{"line":14,"column":null}}},"fnMap":{},"branchMap":{},"s":{"0":0,"1":0,"2":0,"3":0,"4":0,"5":0,"6":0,"7":0,"8":0,"9":0},"f":{},"b":{}}
,"C:\\PROJECT\\GIAODICHGAME\\apps\\api\\src\\wallet\\wallet.service.ts": {"path":"C:\\PROJECT\\GIAODICHGAME\\apps\\api\\src\\wallet\\wallet.service.ts","statementMap":{"0":{"start":{"line":1,"column":0},"end":{"line":1,"column":73}},"1":{"start":{"line":3,"column":0},"end":{"line":3,"column":43}},"2":{"start":{"line":4,"column":0},"end":{"line":4,"column":45}},"3":{"start":{"line":5,"column":0},"end":{"line":5,"column":54}},"4":{"start":{"line":10,"column":7},"end":{"line":279,"column":null}},"5":{"start":{"line":11,"column":39},"end":{"line":11,"column":43}},"6":{"start":{"line":14,"column":19},"end":{"line":21,"column":null}},"7":{"start":{"line":23,"column":4},"end":{"line":23,"column":49}},"8":{"start":{"line":27,"column":19},"end":{"line":35,"column":null}},"9":{"start":{"line":37,"column":4},"end":{"line":37,"column":49}},"10":{"start":{"line":44,"column":19},"end":{"line":52,"column":null}},"11":{"start":{"line":54,"column":4},"end":{"line":54,"column":49}},"12":{"start":{"line":72,"column":17},"end":{"line":80,"column":18}},"13":{"start":{"line":81,"column":4},"end":{"line":81,"column":14}},"14":{"start":{"line":100,"column":20},"end":{"line":100,"column":56}},"15":{"start":{"line":101,"column":4},"end":{"line":103,"column":5}},"16":{"start":{"line":102,"column":6},"end":{"line":102,"column":60}},"17":{"start":{"line":105,"column":17},"end":{"line":113,"column":18}},"18":{"start":{"line":114,"column":4},"end":{"line":114,"column":14}},"19":{"start":{"line":130,"column":20},"end":{"line":130,"column":56}},"20":{"start":{"line":131,"column":24},"end":{"line":131,"column":64}},"21":{"start":{"line":132,"column":29},"end":{"line":132,"column":50}},"22":{"start":{"line":134,"column":4},"end":{"line":136,"column":5}},"23":{"start":{"line":135,"column":6},"end":{"line":135,"column":70}},"24":{"start":{"line":138,"column":17},"end":{"line":146,"column":18}},"25":{"start":{"line":147,"column":4},"end":{"line":147,"column":14}},"26":{"start":{"line":162,"column":19},"end":{"line":173,"column":15}},"27":{"start":{"line":175,"column":4},"end":{"line":177,"column":5}},"28":{"start":{"line":176,"column":6},"end":{"line":176,"column":80}},"29":{"start":{"line":180,"column":26},"end":{"line":180,"column":64}},"30":{"start":{"line":181,"column":17},"end":{"line":189,"column":18}},"31":{"start":{"line":190,"column":4},"end":{"line":190,"column":14}},"32":{"start":{"line":205,"column":17},"end":{"line":213,"column":18}},"33":{"start":{"line":214,"column":4},"end":{"line":214,"column":14}},"34":{"start":{"line":227,"column":19},"end":{"line":236,"column":null}},"35":{"start":{"line":239,"column":4},"end":{"line":241,"column":5}},"36":{"start":{"line":240,"column":6},"end":{"line":240,"column":80}},"37":{"start":{"line":244,"column":17},"end":{"line":255,"column":18}},"38":{"start":{"line":257,"column":4},"end":{"line":257,"column":14}},"39":{"start":{"line":264,"column":29},"end":{"line":264,"column":69}},"40":{"start":{"line":265,"column":24},"end":{"line":265,"column":59}},"41":{"start":{"line":268,"column":26},"end":{"line":268,"column":51}},"42":{"start":{"line":273,"column":4},"end":{"line":275,"column":5}},"43":{"start":{"line":274,"column":6},"end":{"line":274,"column":19}},"44":{"start":{"line":277,"column":4},"end":{"line":277,"column":16}},"45":{"start":{"line":10,"column":13},"end":{"line":10,"column":26}},"46":{"start":{"line":10,"column":13},"end":{"line":279,"column":null}}},"fnMap":{"0":{"name":"(anonymous_13)","decl":{"start":{"line":11,"column":2},"end":{"line":11,"column":15}},"loc":{"start":{"line":11,"column":45},"end":{"line":11,"column":49}}},"1":{"name":"(anonymous_14)","decl":{"start":{"line":13,"column":2},"end":{"line":13,"column":7}},"loc":{"start":{"line":13,"column":33},"end":{"line":24,"column":3}}},"2":{"name":"(anonymous_15)","decl":{"start":{"line":26,"column":2},"end":{"line":26,"column":7}},"loc":{"start":{"line":26,"column":42},"end":{"line":38,"column":3}}},"3":{"name":"(anonymous_16)","decl":{"start":{"line":43,"column":2},"end":{"line":43,"column":7}},"loc":{"start":{"line":43,"column":37},"end":{"line":55,"column":3}}},"4":{"name":"(anonymous_17)","decl":{"start":{"line":61,"column":2},"end":{"line":61,"column":7}},"loc":{"start":{"line":70,"column":5},"end":{"line":82,"column":3}}},"5":{"name":"(anonymous_18)","decl":{"start":{"line":88,"column":2},"end":{"line":88,"column":7}},"loc":{"start":{"line":97,"column":5},"end":{"line":115,"column":3}}},"6":{"name":"(anonymous_19)","decl":{"start":{"line":121,"column":2},"end":{"line":121,"column":7}},"loc":{"start":{"line":127,"column":5},"end":{"line":148,"column":3}}},"7":{"name":"(anonymous_20)","decl":{"start":{"line":154,"column":2},"end":{"line":154,"column":7}},"loc":{"start":{"line":159,"column":5},"end":{"line":191,"column":3}}},"8":{"name":"(anonymous_21)","decl":{"start":{"line":197,"column":2},"end":{"line":197,"column":7}},"loc":{"start":{"line":203,"column":5},"end":{"line":215,"column":3}}},"9":{"name":"(anonymous_22)","decl":{"start":{"line":221,"column":2},"end":{"line":221,"column":7}},"loc":{"start":{"line":224,"column":19},"end":{"line":258,"column":3}}},"10":{"name":"(anonymous_23)","decl":{"start":{"line":263,"column":2},"end":{"line":263,"column":7}},"loc":{"start":{"line":263,"column":65},"end":{"line":278,"column":3}}}},"branchMap":{"0":{"loc":{"start":{"line":23,"column":22},"end":{"line":23,"column":47}},"type":"binary-expr","locations":[{"start":{"line":23,"column":22},"end":{"line":23,"column":40}},{"start":{"line":23,"column":44},"end":{"line":23,"column":47}}]},"1":{"loc":{"start":{"line":37,"column":22},"end":{"line":37,"column":47}},"type":"binary-expr","locations":[{"start":{"line":37,"column":22},"end":{"line":37,"column":40}},{"start":{"line":37,"column":44},"end":{"line":37,"column":47}}]},"2":{"loc":{"start":{"line":54,"column":22},"end":{"line":54,"column":47}},"type":"binary-expr","locations":[{"start":{"line":54,"column":22},"end":{"line":54,"column":40}},{"start":{"line":54,"column":44},"end":{"line":54,"column":47}}]},"3":{"loc":{"start":{"line":101,"column":4},"end":{"line":103,"column":5}},"type":"if","locations":[{"start":{"line":101,"column":4},"end":{"line":103,"column":5}},{"start":{},"end":{}}]},"4":{"loc":{"start":{"line":134,"column":4},"end":{"line":136,"column":5}},"type":"if","locations":[{"start":{"line":134,"column":4},"end":{"line":136,"column":5}},{"start":{},"end":{}}]},"5":{"loc":{"start":{"line":175,"column":4},"end":{"line":177,"column":5}},"type":"if","locations":[{"start":{"line":175,"column":4},"end":{"line":177,"column":5}},{"start":{},"end":{}}]},"6":{"loc":{"start":{"line":239,"column":4},"end":{"line":241,"column":5}},"type":"if","locations":[{"start":{"line":239,"column":4},"end":{"line":241,"column":5}},{"start":{},"end":{}}]},"7":{"loc":{"start":{"line":273,"column":4},"end":{"line":275,"column":5}},"type":"if","locations":[{"start":{"line":273,"column":4},"end":{"line":275,"column":5}},{"start":{},"end":{}}]},"8":{"loc":{"start":{"line":273,"column":8},"end":{"line":273,"column":68}},"type":"binary-expr","locations":[{"start":{"line":273,"column":8},"end":{"line":273,"column":28}},{"start":{"line":273,"column":32},"end":{"line":273,"column":68}}]},"9":{"loc":{"start":{"line":11,"column":43},"end":{"line":11,"column":48}},"type":"cond-expr","locations":[{"start":{"line":11,"column":45},"end":{"line":11,"column":48}},{"start":{"line":11,"column":45},"end":{"line":11,"column":48}}]},"10":{"loc":{"start":{"line":11,"column":43},"end":{"line":11,"column":45}},"type":"binary-expr","locations":[{"start":{"line":11,"column":43},"end":{"line":11,"column":48}},{"start":{"line":11,"column":43},"end":{"line":11,"column":45}}]}},"s":{"0":2,"1":2,"2":2,"3":2,"4":2,"5":0,"6":0,"7":0,"8":0,"9":0,"10":0,"11":0,"12":0,"13":0,"14":0,"15":0,"16":0,"17":0,"18":0,"19":0,"20":0,"21":0,"22":0,"23":0,"24":0,"25":0,"26":0,"27":0,"28":0,"29":0,"30":0,"31":0,"32":0,"33":0,"34":0,"35":0,"36":0,"37":0,"38":0,"39":0,"40":0,"41":0,"42":0,"43":0,"44":0,"45":2,"46":2},"f":{"0":0,"1":0,"2":0,"3":0,"4":0,"5":0,"6":0,"7":0,"8":0,"9":0,"10":0},"b":{"0":[0,0],"1":[0,0],"2":[0,0],"3":[0,0],"4":[0,0],"5":[0,0],"6":[0,0],"7":[0,0],"8":[0,0],"9":[0,2],"10":[2,0]}}
,"C:\\PROJECT\\GIAODICHGAME\\apps\\api\\src\\wallet\\withdraw.service.ts": {"path":"C:\\PROJECT\\GIAODICHGAME\\apps\\api\\src\\wallet\\withdraw.service.ts","statementMap":{"0":{"start":{"line":1,"column":0},"end":{"line":1,"column":73}},"1":{"start":{"line":3,"column":0},"end":{"line":3,"column":33}},"2":{"start":{"line":4,"column":0},"end":{"line":4,"column":45}},"3":{"start":{"line":5,"column":0},"end":{"line":5,"column":54}},"4":{"start":{"line":6,"column":0},"end":{"line":6,"column":49}},"5":{"start":{"line":12,"column":7},"end":{"line":77,"column":null}},"6":{"start":{"line":14,"column":29},"end":{"line":14,"column":33}},"7":{"start":{"line":15,"column":12},"end":{"line":15,"column":27}},"8":{"start":{"line":19,"column":20},"end":{"line":19,"column":63}},"9":{"start":{"line":20,"column":4},"end":{"line":22,"column":5}},"10":{"start":{"line":21,"column":6},"end":{"line":21,"column":83}},"11":{"start":{"line":25,"column":15},"end":{"line":30,"column":6}},"12":{"start":{"line":33,"column":20},"end":{"line":43,"column":18}},"13":{"start":{"line":45,"column":4},"end":{"line":45,"column":74}},"14":{"start":{"line":45,"column":21},"end":{"line":45,"column":74}},"15":{"start":{"line":46,"column":20},"end":{"line":46,"column":30}},"16":{"start":{"line":49,"column":28},"end":{"line":49,"column":32}},"17":{"start":{"line":50,"column":4},"end":{"line":69,"column":5}},"18":{"start":{"line":51,"column":6},"end":{"line":54,"column":59}},"19":{"start":{"line":57,"column":6},"end":{"line":64,"column":9}},"20":{"start":{"line":65,"column":6},"end":{"line":68,"column":59}},"21":{"start":{"line":71,"column":4},"end":{"line":75,"column":6}},"22":{"start":{"line":12,"column":13},"end":{"line":12,"column":28}},"23":{"start":{"line":12,"column":13},"end":{"line":77,"column":null}}},"fnMap":{"0":{"name":"(anonymous_13)","decl":{"start":{"line":13,"column":2},"end":{"line":13,"column":null}},"loc":{"start":{"line":15,"column":40},"end":{"line":16,"column":6}}},"1":{"name":"(anonymous_14)","decl":{"start":{"line":18,"column":2},"end":{"line":18,"column":7}},"loc":{"start":{"line":18,"column":62},"end":{"line":76,"column":3}}}},"branchMap":{"0":{"loc":{"start":{"line":20,"column":4},"end":{"line":22,"column":5}},"type":"if","locations":[{"start":{"line":20,"column":4},"end":{"line":22,"column":5}},{"start":{},"end":{}}]},"1":{"loc":{"start":{"line":45,"column":4},"end":{"line":45,"column":74}},"type":"if","locations":[{"start":{"line":45,"column":4},"end":{"line":45,"column":74}},{"start":{},"end":{}}]},"2":{"loc":{"start":{"line":50,"column":4},"end":{"line":69,"column":5}},"type":"if","locations":[{"start":{"line":50,"column":4},"end":{"line":69,"column":5}},{"start":{"line":55,"column":11},"end":{"line":69,"column":5}}]},"3":{"loc":{"start":{"line":74,"column":14},"end":{"line":74,"column":52}},"type":"cond-expr","locations":[{"start":{"line":74,"column":32},"end":{"line":74,"column":41}},{"start":{"line":74,"column":44},"end":{"line":74,"column":52}}]},"4":{"loc":{"start":{"line":14,"column":33},"end":{"line":14,"column":null}},"type":"cond-expr","locations":[{"start":{"line":14,"column":35},"end":{"line":14,"column":null}},{"start":{"line":14,"column":35},"end":{"line":14,"column":null}}]},"5":{"loc":{"start":{"line":14,"column":33},"end":{"line":14,"column":35}},"type":"binary-expr","locations":[{"start":{"line":14,"column":33},"end":{"line":14,"column":null}},{"start":{"line":14,"column":33},"end":{"line":14,"column":35}}]},"6":{"loc":{"start":{"line":14,"column":35},"end":{"line":15,"column":null}},"type":"cond-expr","locations":[{"start":{"line":15,"column":40},"end":{"line":15,"column":null}},{"start":{"line":15,"column":40},"end":{"line":15,"column":null}}]},"7":{"loc":{"start":{"line":14,"column":35},"end":{"line":15,"column":40}},"type":"binary-expr","locations":[{"start":{"line":14,"column":35},"end":{"line":15,"column":null}},{"start":{"line":15,"column":27},"end":{"line":15,"column":40}}]}},"s":{"0":0,"1":0,"2":0,"3":0,"4":0,"5":0,"6":0,"7":0,"8":0,"9":0,"10":0,"11":0,"12":0,"13":0,"14":0,"15":0,"16":0,"17":0,"18":0,"19":0,"20":0,"21":0,"22":0,"23":0},"f":{"0":0,"1":0},"b":{"0":[0,0],"1":[0,0],"2":[0,0],"3":[0,0],"4":[0,0],"5":[0,0],"6":[0,0],"7":[0,0]}}
,"C:\\PROJECT\\GIAODICHGAME\\apps\\api\\src\\wallet\\dto\\wallet.dto.ts": {"path":"C:\\PROJECT\\GIAODICHGAME\\apps\\api\\src\\wallet\\dto\\wallet.dto.ts","statementMap":{"0":{"start":{"line":1,"column":0},"end":{"line":1,"column":76}},"1":{"start":{"line":3,"column":0},"end":{"line":3,"column":13}},"2":{"start":{"line":6,"column":2},"end":{"line":6,"column":null}},"3":{"start":{"line":9,"column":0},"end":{"line":9,"column":13}},"4":{"start":{"line":12,"column":2},"end":{"line":12,"column":null}},"5":{"start":{"line":15,"column":2},"end":{"line":15,"column":null}},"6":{"start":{"line":18,"column":0},"end":{"line":18,"column":13}},"7":{"start":{"line":21,"column":2},"end":{"line":21,"column":null}},"8":{"start":{"line":25,"column":2},"end":{"line":25,"column":null}},"9":{"start":{"line":29,"column":2},"end":{"line":29,"column":null}},"10":{"start":{"line":33,"column":2},"end":{"line":33,"column":null}},"11":{"start":{"line":36,"column":0},"end":{"line":36,"column":13}},"12":{"start":{"line":39,"column":2},"end":{"line":39,"column":null}},"13":{"start":{"line":42,"column":0},"end":{"line":42,"column":13}},"14":{"start":{"line":45,"column":2},"end":{"line":45,"column":null}}},"fnMap":{},"branchMap":{},"s":{"0":0,"1":0,"2":0,"3":0,"4":0,"5":0,"6":0,"7":0,"8":0,"9":0,"10":0,"11":0,"12":0,"13":0,"14":0},"f":{},"b":{}}
}
