{"C:\\PROJECT\\GIAODICHGAME\\apps\\api\\src\\app.module.ts": {"path":"C:\\PROJECT\\GIAODICHGAME\\apps\\api\\src\\app.module.ts","statementMap":{"0":{"start":{"line":1,"column":0},"end":{"line":1,"column":40}},"1":{"start":{"line":2,"column":0},"end":{"line":2,"column":46}},"2":{"start":{"line":3,"column":0},"end":{"line":3,"column":50}},"3":{"start":{"line":4,"column":0},"end":{"line":4,"column":52}},"4":{"start":{"line":5,"column":0},"end":{"line":5,"column":60}},"5":{"start":{"line":6,"column":0},"end":{"line":6,"column":51}},"6":{"start":{"line":7,"column":0},"end":{"line":7,"column":62}},"7":{"start":{"line":8,"column":0},"end":{"line":8,"column":48}},"8":{"start":{"line":9,"column":0},"end":{"line":9,"column":51}},"9":{"start":{"line":10,"column":0},"end":{"line":10,"column":54}},"10":{"start":{"line":33,"column":7},"end":{"line":33,"column":null}},"11":{"start":{"line":33,"column":13},"end":{"line":33,"column":22}},"12":{"start":{"line":33,"column":13},"end":{"line":33,"column":null}}},"fnMap":{},"branchMap":{},"s":{"0":0,"1":0,"2":0,"3":0,"4":0,"5":0,"6":0,"7":0,"8":0,"9":0,"10":0,"11":0,"12":0},"f":{},"b":{}}
,"C:\\PROJECT\\GIAODICHGAME\\apps\\api\\src\\main.ts": {"path":"C:\\PROJECT\\GIAODICHGAME\\apps\\api\\src\\main.ts","statementMap":{"0":{"start":{"line":1,"column":0},"end":{"line":1,"column":43}},"1":{"start":{"line":2,"column":0},"end":{"line":2,"column":48}},"2":{"start":{"line":3,"column":0},"end":{"line":3,"column":41}},"3":{"start":{"line":6,"column":14},"end":{"line":6,"column":49}},"4":{"start":{"line":9,"column":2},"end":{"line":15,"column":4}},"5":{"start":{"line":18,"column":2},"end":{"line":21,"column":5}},"6":{"start":{"line":24,"column":2},"end":{"line":24,"column":29}},"7":{"start":{"line":26,"column":15},"end":{"line":26,"column":39}},"8":{"start":{"line":27,"column":2},"end":{"line":27,"column":25}},"9":{"start":{"line":28,"column":2},"end":{"line":28,"column":71}},"10":{"start":{"line":31,"column":0},"end":{"line":31,"column":17}}},"fnMap":{"0":{"name":"bootstrap","decl":{"start":{"line":5,"column":15},"end":{"line":5,"column":24}},"loc":{"start":{"line":5,"column":24},"end":{"line":29,"column":1}}}},"branchMap":{"0":{"loc":{"start":{"line":19,"column":12},"end":{"line":19,"column":70}},"type":"binary-expr","locations":[{"start":{"line":19,"column":12},"end":{"line":19,"column":43}},{"start":{"line":19,"column":47},"end":{"line":19,"column":70}}]},"1":{"loc":{"start":{"line":26,"column":15},"end":{"line":26,"column":39}},"type":"binary-expr","locations":[{"start":{"line":26,"column":15},"end":{"line":26,"column":31}},{"start":{"line":26,"column":35},"end":{"line":26,"column":39}}]}},"s":{"0":0,"1":0,"2":0,"3":0,"4":0,"5":0,"6":0,"7":0,"8":0,"9":0,"10":0},"f":{"0":0},"b":{"0":[0,0],"1":[0,0]}}
,"C:\\PROJECT\\GIAODICHGAME\\apps\\api\\src\\auth\\auth.controller.ts": {"path":"C:\\PROJECT\\GIAODICHGAME\\apps\\api\\src\\auth\\auth.controller.ts","statementMap":{"0":{"start":{"line":1,"column":0},"end":{"line":1,"column":null}},"1":{"start":{"line":10,"column":0},"end":{"line":10,"column":45}},"2":{"start":{"line":11,"column":0},"end":{"line":11,"column":45}},"3":{"start":{"line":12,"column":0},"end":{"line":12,"column":45}},"4":{"start":{"line":13,"column":0},"end":{"line":13,"column":49}},"5":{"start":{"line":14,"column":0},"end":{"line":14,"column":63}},"6":{"start":{"line":15,"column":0},"end":{"line":15,"column":63}},"7":{"start":{"line":16,"column":0},"end":{"line":16,"column":null}},"8":{"start":{"line":24,"column":7},"end":{"line":65,"column":null}},"9":{"start":{"line":25,"column":31},"end":{"line":25,"column":44}},"10":{"start":{"line":31,"column":4},"end":{"line":31,"column":42}},"11":{"start":{"line":40,"column":4},"end":{"line":40,"column":59}},"12":{"start":{"line":48,"column":4},"end":{"line":52,"column":6}},"13":{"start":{"line":58,"column":4},"end":{"line":58,"column":48}},"14":{"start":{"line":63,"column":4},"end":{"line":63,"column":47}},"15":{"start":{"line":24,"column":13},"end":{"line":24,"column":27}},"16":{"start":{"line":30,"column":2},"end":{"line":32,"column":null}},"17":{"start":{"line":39,"column":2},"end":{"line":41,"column":null}},"18":{"start":{"line":47,"column":2},"end":{"line":53,"column":null}},"19":{"start":{"line":57,"column":2},"end":{"line":59,"column":null}},"20":{"start":{"line":62,"column":2},"end":{"line":64,"column":null}},"21":{"start":{"line":24,"column":13},"end":{"line":65,"column":null}}},"fnMap":{"0":{"name":"(anonymous_4)","decl":{"start":{"line":25,"column":2},"end":{"line":25,"column":31}},"loc":{"start":{"line":25,"column":55},"end":{"line":25,"column":59}}},"1":{"name":"(anonymous_5)","decl":{"start":{"line":30,"column":2},"end":{"line":30,"column":10}},"loc":{"start":{"line":30,"column":35},"end":{"line":32,"column":3}}},"2":{"name":"(anonymous_6)","decl":{"start":{"line":39,"column":2},"end":{"line":39,"column":7}},"loc":{"start":{"line":39,"column":40},"end":{"line":41,"column":3}}},"3":{"name":"(anonymous_7)","decl":{"start":{"line":47,"column":2},"end":{"line":47,"column":14}},"loc":{"start":{"line":47,"column":69},"end":{"line":53,"column":3}}},"4":{"name":"(anonymous_8)","decl":{"start":{"line":57,"column":2},"end":{"line":57,"column":8}},"loc":{"start":{"line":57,"column":41},"end":{"line":59,"column":3}}},"5":{"name":"(anonymous_9)","decl":{"start":{"line":62,"column":2},"end":{"line":62,"column":7}},"loc":{"start":{"line":62,"column":40},"end":{"line":64,"column":3}}}},"branchMap":{},"s":{"0":0,"1":0,"2":0,"3":0,"4":0,"5":0,"6":0,"7":0,"8":0,"9":0,"10":0,"11":0,"12":0,"13":0,"14":0,"15":0,"16":0,"17":0,"18":0,"19":0,"20":0,"21":0},"f":{"0":0,"1":0,"2":0,"3":0,"4":0,"5":0},"b":{}}
,"C:\\PROJECT\\GIAODICHGAME\\apps\\api\\src\\auth\\auth.module.ts": {"path":"C:\\PROJECT\\GIAODICHGAME\\apps\\api\\src\\auth\\auth.module.ts","statementMap":{"0":{"start":{"line":1,"column":0},"end":{"line":1,"column":40}},"1":{"start":{"line":2,"column":0},"end":{"line":2,"column":40}},"2":{"start":{"line":3,"column":0},"end":{"line":3,"column":50}},"3":{"start":{"line":4,"column":0},"end":{"line":4,"column":45}},"4":{"start":{"line":5,"column":0},"end":{"line":5,"column":51}},"5":{"start":{"line":6,"column":0},"end":{"line":6,"column":56}},"6":{"start":{"line":7,"column":0},"end":{"line":7,"column":75}},"7":{"start":{"line":8,"column":0},"end":{"line":8,"column":60}},"8":{"start":{"line":9,"column":0},"end":{"line":9,"column":52}},"9":{"start":{"line":20,"column":7},"end":{"line":20,"column":null}},"10":{"start":{"line":20,"column":13},"end":{"line":20,"column":23}},"11":{"start":{"line":20,"column":13},"end":{"line":20,"column":null}}},"fnMap":{},"branchMap":{},"s":{"0":0,"1":0,"2":0,"3":0,"4":0,"5":0,"6":0,"7":0,"8":0,"9":0,"10":0,"11":0},"f":{},"b":{}}
,"C:\\PROJECT\\GIAODICHGAME\\apps\\api\\src\\auth\\auth.service.ts": {"path":"C:\\PROJECT\\GIAODICHGAME\\apps\\api\\src\\auth\\auth.service.ts","statementMap":{"0":{"start":{"line":1,"column":0},"end":{"line":1,"column":null}},"1":{"start":{"line":7,"column":0},"end":{"line":7,"column":41}},"2":{"start":{"line":8,"column":0},"end":{"line":8,"column":47}},"3":{"start":{"line":9,"column":0},"end":{"line":9,"column":33}},"4":{"start":{"line":11,"column":0},"end":{"line":11,"column":42}},"5":{"start":{"line":12,"column":0},"end":{"line":12,"column":45}},"6":{"start":{"line":13,"column":0},"end":{"line":13,"column":54}},"7":{"start":{"line":14,"column":0},"end":{"line":14,"column":54}},"8":{"start":{"line":21,"column":7},"end":{"line":139,"column":null}},"9":{"start":{"line":23,"column":29},"end":{"line":23,"column":35}},"10":{"start":{"line":24,"column":12},"end":{"line":24,"column":26}},"11":{"start":{"line":25,"column":12},"end":{"line":25,"column":24}},"12":{"start":{"line":26,"column":12},"end":{"line":26,"column":20}},"13":{"start":{"line":30,"column":17},"end":{"line":30,"column":59}},"14":{"start":{"line":31,"column":4},"end":{"line":31,"column":27}},"15":{"start":{"line":31,"column":15},"end":{"line":31,"column":27}},"16":{"start":{"line":32,"column":18},"end":{"line":32,"column":67}},"17":{"start":{"line":33,"column":4},"end":{"line":33,"column":28}},"18":{"start":{"line":33,"column":16},"end":{"line":33,"column":28}},"19":{"start":{"line":34,"column":4},"end":{"line":34,"column":50}},"20":{"start":{"line":38,"column":25},"end":{"line":38,"column":60}},"21":{"start":{"line":39,"column":24},"end":{"line":43,"column":6}},"22":{"start":{"line":44,"column":4},"end":{"line":44,"column":62}},"23":{"start":{"line":45,"column":4},"end":{"line":50,"column":6}},"24":{"start":{"line":54,"column":19},"end":{"line":54,"column":59}},"25":{"start":{"line":55,"column":4},"end":{"line":55,"column":62}},"26":{"start":{"line":56,"column":4},"end":{"line":56,"column":18}},"27":{"start":{"line":61,"column":19},"end":{"line":68,"column":null}},"28":{"start":{"line":71,"column":16},"end":{"line":71,"column":21}},"29":{"start":{"line":72,"column":4},"end":{"line":84,"column":5}},"30":{"start":{"line":73,"column":6},"end":{"line":73,"column":32}},"31":{"start":{"line":73,"column":23},"end":{"line":73,"column":32}},"32":{"start":{"line":74,"column":22},"end":{"line":74,"column":72}},"33":{"start":{"line":75,"column":6},"end":{"line":83,"column":7}},"34":{"start":{"line":76,"column":8},"end":{"line":76,"column":21}},"35":{"start":{"line":78,"column":8},"end":{"line":81,"column":52}},"36":{"start":{"line":82,"column":8},"end":{"line":82,"column":14}},"37":{"start":{"line":86,"column":4},"end":{"line":86,"column":73}},"38":{"start":{"line":86,"column":16},"end":{"line":86,"column":73}},"39":{"start":{"line":88,"column":22},"end":{"line":88,"column":62}},"40":{"start":{"line":89,"column":4},"end":{"line":89,"column":65}},"41":{"start":{"line":90,"column":4},"end":{"line":90,"column":21}},"42":{"start":{"line":95,"column":4},"end":{"line":103,"column":8}},"43":{"start":{"line":104,"column":4},"end":{"line":104,"column":50}},"44":{"start":{"line":108,"column":17},"end":{"line":108,"column":57}},"45":{"start":{"line":109,"column":24},"end":{"line":109,"column":70}},"46":{"start":{"line":110,"column":4},"end":{"line":110,"column":36}},"47":{"start":{"line":114,"column":20},"end":{"line":114,"column":42}},"48":{"start":{"line":115,"column":40},"end":{"line":124,"column":6}},"49":{"start":{"line":125,"column":4},"end":{"line":125,"column":41}},"50":{"start":{"line":129,"column":22},"end":{"line":129,"column":57}},"51":{"start":{"line":130,"column":22},"end":{"line":130,"column":32}},"52":{"start":{"line":131,"column":4},"end":{"line":131,"column":47}},"53":{"start":{"line":133,"column":4},"end":{"line":137,"column":7}},"54":{"start":{"line":21,"column":13},"end":{"line":21,"column":24}},"55":{"start":{"line":21,"column":13},"end":{"line":139,"column":null}}},"fnMap":{"0":{"name":"(anonymous_13)","decl":{"start":{"line":22,"column":2},"end":{"line":22,"column":null}},"loc":{"start":{"line":26,"column":33},"end":{"line":27,"column":6}}},"1":{"name":"(anonymous_14)","decl":{"start":{"line":29,"column":2},"end":{"line":29,"column":7}},"loc":{"start":{"line":29,"column":52},"end":{"line":35,"column":3}}},"2":{"name":"(anonymous_15)","decl":{"start":{"line":37,"column":2},"end":{"line":37,"column":7}},"loc":{"start":{"line":37,"column":33},"end":{"line":51,"column":3}}},"3":{"name":"(anonymous_16)","decl":{"start":{"line":53,"column":2},"end":{"line":53,"column":7}},"loc":{"start":{"line":53,"column":43},"end":{"line":57,"column":3}}},"4":{"name":"(anonymous_17)","decl":{"start":{"line":59,"column":2},"end":{"line":59,"column":7}},"loc":{"start":{"line":59,"column":76},"end":{"line":91,"column":3}}},"5":{"name":"(anonymous_18)","decl":{"start":{"line":93,"column":2},"end":{"line":93,"column":7}},"loc":{"start":{"line":93,"column":29},"end":{"line":105,"column":3}}},"6":{"name":"(anonymous_19)","decl":{"start":{"line":107,"column":2},"end":{"line":107,"column":7}},"loc":{"start":{"line":107,"column":28},"end":{"line":111,"column":3}}},"7":{"name":"(anonymous_20)","decl":{"start":{"line":113,"column":10},"end":{"line":113,"column":15}},"loc":{"start":{"line":113,"column":60},"end":{"line":126,"column":3}}},"8":{"name":"(anonymous_21)","decl":{"start":{"line":128,"column":10},"end":{"line":128,"column":15}},"loc":{"start":{"line":128,"column":70},"end":{"line":138,"column":3}}}},"branchMap":{"0":{"loc":{"start":{"line":31,"column":4},"end":{"line":31,"column":27}},"type":"if","locations":[{"start":{"line":31,"column":4},"end":{"line":31,"column":27}},{"start":{},"end":{}}]},"1":{"loc":{"start":{"line":33,"column":4},"end":{"line":33,"column":28}},"type":"if","locations":[{"start":{"line":33,"column":4},"end":{"line":33,"column":28}},{"start":{},"end":{}}]},"2":{"loc":{"start":{"line":73,"column":6},"end":{"line":73,"column":32}},"type":"if","locations":[{"start":{"line":73,"column":6},"end":{"line":73,"column":32}},{"start":{},"end":{}}]},"3":{"loc":{"start":{"line":75,"column":6},"end":{"line":83,"column":7}},"type":"if","locations":[{"start":{"line":75,"column":6},"end":{"line":83,"column":7}},{"start":{},"end":{}}]},"4":{"loc":{"start":{"line":86,"column":4},"end":{"line":86,"column":73}},"type":"if","locations":[{"start":{"line":86,"column":4},"end":{"line":86,"column":73}},{"start":{},"end":{}}]},"5":{"loc":{"start":{"line":118,"column":20},"end":{"line":118,"column":70}},"type":"binary-expr","locations":[{"start":{"line":118,"column":20},"end":{"line":118,"column":61}},{"start":{"line":118,"column":65},"end":{"line":118,"column":70}}]},"6":{"loc":{"start":{"line":122,"column":20},"end":{"line":122,"column":77}},"type":"binary-expr","locations":[{"start":{"line":122,"column":20},"end":{"line":122,"column":69}},{"start":{"line":122,"column":73},"end":{"line":122,"column":77}}]}},"s":{"0":1,"1":1,"2":1,"3":1,"4":1,"5":1,"6":1,"7":1,"8":1,"9":8,"10":8,"11":8,"12":8,"13":3,"14":3,"15":1,"16":2,"17":2,"18":1,"19":1,"20":2,"21":2,"22":1,"23":1,"24":1,"25":1,"26":1,"27":1,"28":1,"29":1,"30":0,"31":0,"32":0,"33":0,"34":0,"35":0,"36":0,"37":1,"38":1,"39":0,"40":0,"41":0,"42":0,"43":0,"44":1,"45":1,"46":1,"47":1,"48":1,"49":1,"50":1,"51":1,"52":1,"53":1,"54":1,"55":1},"f":{"0":8,"1":3,"2":2,"3":1,"4":1,"5":0,"6":1,"7":1,"8":1},"b":{"0":[1,2],"1":[1,1],"2":[0,0],"3":[0,0],"4":[1,0],"5":[1,0],"6":[1,0]}}
,"C:\\PROJECT\\GIAODICHGAME\\apps\\api\\src\\auth\\dto\\login.dto.ts": {"path":"C:\\PROJECT\\GIAODICHGAME\\apps\\api\\src\\auth\\dto\\login.dto.ts","statementMap":{"0":{"start":{"line":1,"column":0},"end":{"line":1,"column":52}},"1":{"start":{"line":3,"column":0},"end":{"line":3,"column":13}},"2":{"start":{"line":5,"column":2},"end":{"line":5,"column":null}},"3":{"start":{"line":8,"column":2},"end":{"line":8,"column":null}}},"fnMap":{},"branchMap":{},"s":{"0":0,"1":0,"2":0,"3":0},"f":{},"b":{}}
,"C:\\PROJECT\\GIAODICHGAME\\apps\\api\\src\\auth\\dto\\register.dto.ts": {"path":"C:\\PROJECT\\GIAODICHGAME\\apps\\api\\src\\auth\\dto\\register.dto.ts","statementMap":{"0":{"start":{"line":1,"column":0},"end":{"line":1,"column":74}},"1":{"start":{"line":3,"column":0},"end":{"line":3,"column":13}},"2":{"start":{"line":5,"column":2},"end":{"line":5,"column":null}},"3":{"start":{"line":10,"column":2},"end":{"line":10,"column":null}},"4":{"start":{"line":15,"column":2},"end":{"line":15,"column":null}}},"fnMap":{},"branchMap":{},"s":{"0":0,"1":0,"2":0,"3":0,"4":0},"f":{},"b":{}}
,"C:\\PROJECT\\GIAODICHGAME\\apps\\api\\src\\auth\\strategies\\jwt.strategy.ts": {"path":"C:\\PROJECT\\GIAODICHGAME\\apps\\api\\src\\auth\\strategies\\jwt.strategy.ts","statementMap":{"0":{"start":{"line":1,"column":0},"end":{"line":1,"column":44}},"1":{"start":{"line":2,"column":0},"end":{"line":2,"column":52}},"2":{"start":{"line":3,"column":0},"end":{"line":3,"column":52}},"3":{"start":{"line":4,"column":0},"end":{"line":4,"column":47}},"4":{"start":{"line":9,"column":7},"end":{"line":21,"column":null}},"5":{"start":{"line":11,"column":4},"end":{"line":15,"column":7}},"6":{"start":{"line":19,"column":4},"end":{"line":19,"column":57}},"7":{"start":{"line":9,"column":13},"end":{"line":9,"column":24}},"8":{"start":{"line":9,"column":13},"end":{"line":21,"column":null}}},"fnMap":{"0":{"name":"(anonymous_2)","decl":{"start":{"line":10,"column":2},"end":{"line":10,"column":14}},"loc":{"start":{"line":10,"column":35},"end":{"line":16,"column":3}}},"1":{"name":"(anonymous_3)","decl":{"start":{"line":18,"column":2},"end":{"line":18,"column":10}},"loc":{"start":{"line":18,"column":30},"end":{"line":20,"column":3}}}},"branchMap":{},"s":{"0":0,"1":0,"2":0,"3":0,"4":0,"5":0,"6":0,"7":0,"8":0},"f":{"0":0,"1":0},"b":{}}
,"C:\\PROJECT\\GIAODICHGAME\\apps\\api\\src\\auth\\strategies\\local.strategy.ts": {"path":"C:\\PROJECT\\GIAODICHGAME\\apps\\api\\src\\auth\\strategies\\local.strategy.ts","statementMap":{"0":{"start":{"line":1,"column":0},"end":{"line":1,"column":67}},"1":{"start":{"line":2,"column":0},"end":{"line":2,"column":52}},"2":{"start":{"line":3,"column":0},"end":{"line":3,"column":42}},"3":{"start":{"line":4,"column":0},"end":{"line":4,"column":46}},"4":{"start":{"line":7,"column":7},"end":{"line":17,"column":null}},"5":{"start":{"line":9,"column":4},"end":{"line":9,"column":38}},"6":{"start":{"line":8,"column":22},"end":{"line":8,"column":35}},"7":{"start":{"line":13,"column":17},"end":{"line":13,"column":69}},"8":{"start":{"line":14,"column":4},"end":{"line":14,"column":70}},"9":{"start":{"line":14,"column":15},"end":{"line":14,"column":70}},"10":{"start":{"line":15,"column":4},"end":{"line":15,"column":16}},"11":{"start":{"line":7,"column":13},"end":{"line":7,"column":26}},"12":{"start":{"line":7,"column":13},"end":{"line":17,"column":null}}},"fnMap":{"0":{"name":"(anonymous_2)","decl":{"start":{"line":8,"column":2},"end":{"line":8,"column":22}},"loc":{"start":{"line":8,"column":46},"end":{"line":10,"column":3}}},"1":{"name":"(anonymous_3)","decl":{"start":{"line":12,"column":2},"end":{"line":12,"column":7}},"loc":{"start":{"line":12,"column":48},"end":{"line":16,"column":3}}}},"branchMap":{"0":{"loc":{"start":{"line":14,"column":4},"end":{"line":14,"column":70}},"type":"if","locations":[{"start":{"line":14,"column":4},"end":{"line":14,"column":70}},{"start":{},"end":{}}]}},"s":{"0":0,"1":0,"2":0,"3":0,"4":0,"5":0,"6":0,"7":0,"8":0,"9":0,"10":0,"11":0,"12":0},"f":{"0":0,"1":0},"b":{"0":[0,0]}}
,"C:\\PROJECT\\GIAODICHGAME\\apps\\api\\src\\auth\\strategies\\refresh-token.strategy.ts": {"path":"C:\\PROJECT\\GIAODICHGAME\\apps\\api\\src\\auth\\strategies\\refresh-token.strategy.ts","statementMap":{"0":{"start":{"line":1,"column":0},"end":{"line":1,"column":67}},"1":{"start":{"line":2,"column":0},"end":{"line":2,"column":52}},"2":{"start":{"line":3,"column":0},"end":{"line":3,"column":52}},"3":{"start":{"line":4,"column":0},"end":{"line":4,"column":47}},"4":{"start":{"line":13,"column":7},"end":{"line":29,"column":null}},"5":{"start":{"line":15,"column":4},"end":{"line":20,"column":7}},"6":{"start":{"line":24,"column":23},"end":{"line":24,"column":51}},"7":{"start":{"line":25,"column":4},"end":{"line":25,"column":55}},"8":{"start":{"line":25,"column":21},"end":{"line":25,"column":55}},"9":{"start":{"line":26,"column":25},"end":{"line":26,"column":65}},"10":{"start":{"line":27,"column":4},"end":{"line":27,"column":40}},"11":{"start":{"line":13,"column":13},"end":{"line":13,"column":33}},"12":{"start":{"line":13,"column":13},"end":{"line":29,"column":null}}},"fnMap":{"0":{"name":"(anonymous_2)","decl":{"start":{"line":14,"column":2},"end":{"line":14,"column":14}},"loc":{"start":{"line":14,"column":35},"end":{"line":21,"column":3}}},"1":{"name":"(anonymous_3)","decl":{"start":{"line":23,"column":2},"end":{"line":23,"column":10}},"loc":{"start":{"line":23,"column":44},"end":{"line":28,"column":3}}}},"branchMap":{"0":{"loc":{"start":{"line":25,"column":4},"end":{"line":25,"column":55}},"type":"if","locations":[{"start":{"line":25,"column":4},"end":{"line":25,"column":55}},{"start":{},"end":{}}]}},"s":{"0":0,"1":0,"2":0,"3":0,"4":0,"5":0,"6":0,"7":0,"8":0,"9":0,"10":0,"11":0,"12":0},"f":{"0":0,"1":0},"b":{"0":[0,0]}}
,"C:\\PROJECT\\GIAODICHGAME\\apps\\api\\src\\common\\decorators\\current-user.decorator.ts": {"path":"C:\\PROJECT\\GIAODICHGAME\\apps\\api\\src\\common\\decorators\\current-user.decorator.ts","statementMap":{"0":{"start":{"line":1,"column":0},"end":{"line":1,"column":72}},"1":{"start":{"line":8,"column":13},"end":{"line":13,"column":2}},"2":{"start":{"line":10,"column":20},"end":{"line":10,"column":74}},"3":{"start":{"line":11,"column":4},"end":{"line":11,"column":24}}},"fnMap":{"0":{"name":"(anonymous_0)","decl":{"start":{"line":9,"column":2},"end":{"line":9,"column":3}},"loc":{"start":{"line":9,"column":57},"end":{"line":12,"column":3}}}},"branchMap":{},"s":{"0":0,"1":0,"2":0,"3":0},"f":{"0":0},"b":{}}
,"C:\\PROJECT\\GIAODICHGAME\\apps\\api\\src\\common\\decorators\\public.decorator.ts": {"path":"C:\\PROJECT\\GIAODICHGAME\\apps\\api\\src\\common\\decorators\\public.decorator.ts","statementMap":{"0":{"start":{"line":1,"column":0},"end":{"line":1,"column":45}},"1":{"start":{"line":3,"column":13},"end":{"line":3,"column":40}},"2":{"start":{"line":4,"column":22},"end":{"line":4,"column":60}},"3":{"start":{"line":4,"column":28},"end":{"line":4,"column":60}},"4":{"start":{"line":4,"column":13},"end":{"line":4,"column":22}}},"fnMap":{"0":{"name":"(anonymous_0)","decl":{"start":{"line":4,"column":22},"end":{"line":4,"column":25}},"loc":{"start":{"line":4,"column":28},"end":{"line":4,"column":60}}}},"branchMap":{},"s":{"0":0,"1":0,"2":0,"3":0,"4":0},"f":{"0":0},"b":{}}
,"C:\\PROJECT\\GIAODICHGAME\\apps\\api\\src\\common\\decorators\\require-permissions.decorator.ts": {"path":"C:\\PROJECT\\GIAODICHGAME\\apps\\api\\src\\common\\decorators\\require-permissions.decorator.ts","statementMap":{"0":{"start":{"line":1,"column":0},"end":{"line":1,"column":45}},"1":{"start":{"line":3,"column":13},"end":{"line":3,"column":45}},"2":{"start":{"line":4,"column":34},"end":{"line":5,"column":43}},"3":{"start":{"line":5,"column":2},"end":{"line":5,"column":43}},"4":{"start":{"line":4,"column":13},"end":{"line":4,"column":34}}},"fnMap":{"0":{"name":"(anonymous_0)","decl":{"start":{"line":4,"column":34},"end":{"line":4,"column":35}},"loc":{"start":{"line":5,"column":2},"end":{"line":5,"column":43}}}},"branchMap":{},"s":{"0":0,"1":0,"2":0,"3":0,"4":0},"f":{"0":0},"b":{}}
,"C:\\PROJECT\\GIAODICHGAME\\apps\\api\\src\\common\\guards\\jwt-auth.guard.ts": {"path":"C:\\PROJECT\\GIAODICHGAME\\apps\\api\\src\\common\\guards\\jwt-auth.guard.ts","statementMap":{"0":{"start":{"line":1,"column":0},"end":{"line":1,"column":62}},"1":{"start":{"line":2,"column":0},"end":{"line":2,"column":41}},"2":{"start":{"line":3,"column":0},"end":{"line":3,"column":45}},"3":{"start":{"line":4,"column":0},"end":{"line":4,"column":63}},"4":{"start":{"line":7,"column":7},"end":{"line":20,"column":null}},"5":{"start":{"line":9,"column":4},"end":{"line":9,"column":12}},"6":{"start":{"line":8,"column":22},"end":{"line":8,"column":33}},"7":{"start":{"line":13,"column":21},"end":{"line":16,"column":6}},"8":{"start":{"line":17,"column":4},"end":{"line":17,"column":30}},"9":{"start":{"line":17,"column":18},"end":{"line":17,"column":30}},"10":{"start":{"line":18,"column":4},"end":{"line":18,"column":38}},"11":{"start":{"line":7,"column":13},"end":{"line":7,"column":25}},"12":{"start":{"line":7,"column":13},"end":{"line":20,"column":null}}},"fnMap":{"0":{"name":"(anonymous_2)","decl":{"start":{"line":8,"column":2},"end":{"line":8,"column":22}},"loc":{"start":{"line":8,"column":42},"end":{"line":10,"column":3}}},"1":{"name":"(anonymous_3)","decl":{"start":{"line":12,"column":11},"end":{"line":12,"column":22}},"loc":{"start":{"line":12,"column":48},"end":{"line":19,"column":3}}}},"branchMap":{"0":{"loc":{"start":{"line":17,"column":4},"end":{"line":17,"column":30}},"type":"if","locations":[{"start":{"line":17,"column":4},"end":{"line":17,"column":30}},{"start":{},"end":{}}]}},"s":{"0":0,"1":0,"2":0,"3":0,"4":0,"5":0,"6":0,"7":0,"8":0,"9":0,"10":0,"11":0,"12":0},"f":{"0":0,"1":0},"b":{"0":[0,0]}}
,"C:\\PROJECT\\GIAODICHGAME\\apps\\api\\src\\common\\guards\\permissions.guard.ts": {"path":"C:\\PROJECT\\GIAODICHGAME\\apps\\api\\src\\common\\guards\\permissions.guard.ts","statementMap":{"0":{"start":{"line":1,"column":0},"end":{"line":1,"column":null}},"1":{"start":{"line":8,"column":0},"end":{"line":8,"column":41}},"2":{"start":{"line":9,"column":0},"end":{"line":9,"column":78}},"3":{"start":{"line":10,"column":0},"end":{"line":10,"column":57}},"4":{"start":{"line":12,"column":0},"end":{"line":12,"column":48}},"5":{"start":{"line":13,"column":0},"end":{"line":13,"column":47}},"6":{"start":{"line":19,"column":7},"end":{"line":80,"column":null}},"7":{"start":{"line":21,"column":12},"end":{"line":21,"column":23}},"8":{"start":{"line":22,"column":29},"end":{"line":22,"column":35}},"9":{"start":{"line":26,"column":32},"end":{"line":28,"column":null}},"10":{"start":{"line":32,"column":4},"end":{"line":32,"column":78}},"11":{"start":{"line":32,"column":66},"end":{"line":32,"column":78}},"12":{"start":{"line":34,"column":20},"end":{"line":34,"column":78}},"13":{"start":{"line":35,"column":17},"end":{"line":35,"column":29}},"14":{"start":{"line":36,"column":4},"end":{"line":36,"column":60}},"15":{"start":{"line":36,"column":15},"end":{"line":36,"column":60}},"16":{"start":{"line":39,"column":22},"end":{"line":50,"column":15}},"17":{"start":{"line":52,"column":4},"end":{"line":52,"column":42}},"18":{"start":{"line":52,"column":30},"end":{"line":52,"column":42}},"19":{"start":{"line":55,"column":25},"end":{"line":58,"column":54}},"20":{"start":{"line":60,"column":4},"end":{"line":60,"column":85}},"21":{"start":{"line":60,"column":35},"end":{"line":60,"column":85}},"22":{"start":{"line":62,"column":20},"end":{"line":62,"column":53}},"23":{"start":{"line":62,"column":44},"end":{"line":62,"column":52}},"24":{"start":{"line":64,"column":21},"end":{"line":71,"column":61}},"25":{"start":{"line":73,"column":22},"end":{"line":73,"column":57}},"26":{"start":{"line":73,"column":50},"end":{"line":73,"column":55}},"27":{"start":{"line":75,"column":19},"end":{"line":75,"column":69}},"28":{"start":{"line":75,"column":52},"end":{"line":75,"column":68}},"29":{"start":{"line":76,"column":4},"end":{"line":76,"column":74}},"30":{"start":{"line":76,"column":17},"end":{"line":76,"column":74}},"31":{"start":{"line":78,"column":4},"end":{"line":78,"column":16}},"32":{"start":{"line":19,"column":13},"end":{"line":19,"column":29}},"33":{"start":{"line":19,"column":13},"end":{"line":80,"column":null}}},"fnMap":{"0":{"name":"(anonymous_13)","decl":{"start":{"line":20,"column":2},"end":{"line":20,"column":null}},"loc":{"start":{"line":22,"column":35},"end":{"line":23,"column":6}}},"1":{"name":"(anonymous_14)","decl":{"start":{"line":25,"column":2},"end":{"line":25,"column":7}},"loc":{"start":{"line":25,"column":45},"end":{"line":79,"column":3}}},"2":{"name":"(anonymous_15)","decl":{"start":{"line":62,"column":37},"end":{"line":62,"column":38}},"loc":{"start":{"line":62,"column":44},"end":{"line":62,"column":52}}},"3":{"name":"(anonymous_16)","decl":{"start":{"line":73,"column":43},"end":{"line":73,"column":44}},"loc":{"start":{"line":73,"column":50},"end":{"line":73,"column":55}}},"4":{"name":"(anonymous_17)","decl":{"start":{"line":75,"column":45},"end":{"line":75,"column":46}},"loc":{"start":{"line":75,"column":52},"end":{"line":75,"column":68}}}},"branchMap":{"0":{"loc":{"start":{"line":32,"column":4},"end":{"line":32,"column":78}},"type":"if","locations":[{"start":{"line":32,"column":4},"end":{"line":32,"column":78}},{"start":{},"end":{}}]},"1":{"loc":{"start":{"line":32,"column":8},"end":{"line":32,"column":64}},"type":"binary-expr","locations":[{"start":{"line":32,"column":8},"end":{"line":32,"column":28}},{"start":{"line":32,"column":32},"end":{"line":32,"column":64}}]},"2":{"loc":{"start":{"line":36,"column":4},"end":{"line":36,"column":60}},"type":"if","locations":[{"start":{"line":36,"column":4},"end":{"line":36,"column":60}},{"start":{},"end":{}}]},"3":{"loc":{"start":{"line":52,"column":4},"end":{"line":52,"column":42}},"type":"if","locations":[{"start":{"line":52,"column":4},"end":{"line":52,"column":42}},{"start":{},"end":{}}]},"4":{"loc":{"start":{"line":60,"column":4},"end":{"line":60,"column":85}},"type":"if","locations":[{"start":{"line":60,"column":4},"end":{"line":60,"column":85}},{"start":{},"end":{}}]},"5":{"loc":{"start":{"line":76,"column":4},"end":{"line":76,"column":74}},"type":"if","locations":[{"start":{"line":76,"column":4},"end":{"line":76,"column":74}},{"start":{},"end":{}}]}},"s":{"0":0,"1":0,"2":0,"3":0,"4":0,"5":0,"6":0,"7":0,"8":0,"9":0,"10":0,"11":0,"12":0,"13":0,"14":0,"15":0,"16":0,"17":0,"18":0,"19":0,"20":0,"21":0,"22":0,"23":0,"24":0,"25":0,"26":0,"27":0,"28":0,"29":0,"30":0,"31":0,"32":0,"33":0},"f":{"0":0,"1":0,"2":0,"3":0,"4":0},"b":{"0":[0,0],"1":[0,0],"2":[0,0],"3":[0,0],"4":[0,0],"5":[0,0]}}
,"C:\\PROJECT\\GIAODICHGAME\\apps\\api\\src\\database\\database.decorators.ts": {"path":"C:\\PROJECT\\GIAODICHGAME\\apps\\api\\src\\database\\database.decorators.ts","statementMap":{"0":{"start":{"line":1,"column":0},"end":{"line":1,"column":40}},"1":{"start":{"line":2,"column":0},"end":{"line":2,"column":9}},"2":{"start":{"line":11,"column":9},"end":{"line":2,"column":44}},"3":{"start":{"line":8,"column":29},"end":{"line":8,"column":50}},"4":{"start":{"line":8,"column":35},"end":{"line":8,"column":50}},"5":{"start":{"line":8,"column":13},"end":{"line":8,"column":29}}},"fnMap":{"0":{"name":"(anonymous_0)","decl":{"start":{"line":11,"column":9},"end":{"line":11,"column":16}},"loc":{"start":{"line":11,"column":9},"end":{"line":2,"column":44}}},"1":{"name":"(anonymous_1)","decl":{"start":{"line":8,"column":29},"end":{"line":8,"column":32}},"loc":{"start":{"line":8,"column":35},"end":{"line":8,"column":50}}}},"branchMap":{},"s":{"0":0,"1":0,"2":0,"3":0,"4":0,"5":0},"f":{"0":0,"1":0},"b":{}}
,"C:\\PROJECT\\GIAODICHGAME\\apps\\api\\src\\database\\database.module.ts": {"path":"C:\\PROJECT\\GIAODICHGAME\\apps\\api\\src\\database\\database.module.ts","statementMap":{"0":{"start":{"line":1,"column":0},"end":{"line":1,"column":48}},"1":{"start":{"line":2,"column":0},"end":{"line":2,"column":47}},"2":{"start":{"line":3,"column":0},"end":{"line":3,"column":50}},"3":{"start":{"line":4,"column":0},"end":{"line":4,"column":32}},"4":{"start":{"line":5,"column":0},"end":{"line":5,"column":35}},"5":{"start":{"line":7,"column":13},"end":{"line":7,"column":41}},"6":{"start":{"line":30,"column":7},"end":{"line":30,"column":null}},"7":{"start":{"line":30,"column":13},"end":{"line":30,"column":27}},"8":{"start":{"line":30,"column":13},"end":{"line":30,"column":null}},"9":{"start":{"line":16,"column":23},"end":{"line":23,"column":10}},"10":{"start":{"line":24,"column":8},"end":{"line":24,"column":43}}},"fnMap":{"0":{"name":"(anonymous_11)","decl":{"start":{"line":15,"column":18},"end":{"line":15,"column":19}},"loc":{"start":{"line":15,"column":44},"end":{"line":25,"column":7}}}},"branchMap":{},"s":{"0":2,"1":2,"2":2,"3":2,"4":2,"5":2,"6":2,"7":2,"8":2,"9":0,"10":0},"f":{"0":0},"b":{}}
,"C:\\PROJECT\\GIAODICHGAME\\apps\\api\\src\\database\\schema.ts": {"path":"C:\\PROJECT\\GIAODICHGAME\\apps\\api\\src\\database\\schema.ts","statementMap":{"0":{"start":{"line":1,"column":0},"end":{"line":1,"column":null}},"1":{"start":{"line":15,"column":0},"end":{"line":15,"column":40}},"2":{"start":{"line":21,"column":13},"end":{"line":30,"column":3}},"3":{"start":{"line":36,"column":13},"end":{"line":42,"column":3}},"4":{"start":{"line":44,"column":13},"end":{"line":49,"column":3}},"5":{"start":{"line":51,"column":13},"end":{"line":64,"column":2}},"6":{"start":{"line":56,"column":24},"end":{"line":56,"column":32}},"7":{"start":{"line":59,"column":24},"end":{"line":59,"column":38}},"8":{"start":{"line":61,"column":10},"end":{"line":63,"column":4}},"9":{"start":{"line":66,"column":13},"end":{"line":81,"column":2}},"10":{"start":{"line":71,"column":24},"end":{"line":71,"column":32}},"11":{"start":{"line":74,"column":24},"end":{"line":74,"column":32}},"12":{"start":{"line":75,"column":75},"end":{"line":75,"column":83}},"13":{"start":{"line":78,"column":10},"end":{"line":80,"column":4}},"14":{"start":{"line":87,"column":13},"end":{"line":96,"column":3}},"15":{"start":{"line":91,"column":22},"end":{"line":91,"column":30}},"16":{"start":{"line":102,"column":13},"end":{"line":112,"column":11}},"17":{"start":{"line":114,"column":13},"end":{"line":114,"column":85}},"18":{"start":{"line":116,"column":13},"end":{"line":135,"column":2}},"19":{"start":{"line":122,"column":24},"end":{"line":122,"column":32}},"20":{"start":{"line":131,"column":10},"end":{"line":134,"column":4}},"21":{"start":{"line":141,"column":13},"end":{"line":153,"column":3}},"22":{"start":{"line":145,"column":22},"end":{"line":145,"column":30}},"23":{"start":{"line":151,"column":75},"end":{"line":151,"column":83}},"24":{"start":{"line":155,"column":13},"end":{"line":167,"column":3}},"25":{"start":{"line":159,"column":22},"end":{"line":159,"column":30}},"26":{"start":{"line":173,"column":13},"end":{"line":182,"column":3}},"27":{"start":{"line":180,"column":71},"end":{"line":180,"column":79}},"28":{"start":{"line":184,"column":13},"end":{"line":209,"column":2}},"29":{"start":{"line":190,"column":24},"end":{"line":190,"column":32}},"30":{"start":{"line":193,"column":24},"end":{"line":193,"column":32}},"31":{"start":{"line":205,"column":10},"end":{"line":208,"column":4}},"32":{"start":{"line":211,"column":13},"end":{"line":219,"column":3}},"33":{"start":{"line":215,"column":22},"end":{"line":215,"column":33}},"34":{"start":{"line":225,"column":13},"end":{"line":243,"column":3}},"35":{"start":{"line":229,"column":22},"end":{"line":229,"column":33}},"36":{"start":{"line":232,"column":22},"end":{"line":232,"column":30}},"37":{"start":{"line":235,"column":22},"end":{"line":235,"column":30}},"38":{"start":{"line":245,"column":13},"end":{"line":253,"column":3}},"39":{"start":{"line":250,"column":22},"end":{"line":250,"column":31}},"40":{"start":{"line":259,"column":13},"end":{"line":285,"column":2}},"41":{"start":{"line":266,"column":24},"end":{"line":266,"column":33}},"42":{"start":{"line":269,"column":24},"end":{"line":269,"column":32}},"43":{"start":{"line":272,"column":24},"end":{"line":272,"column":32}},"44":{"start":{"line":273,"column":75},"end":{"line":273,"column":83}},"45":{"start":{"line":282,"column":10},"end":{"line":284,"column":4}},"46":{"start":{"line":287,"column":13},"end":{"line":298,"column":3}},"47":{"start":{"line":291,"column":22},"end":{"line":291,"column":39}},"48":{"start":{"line":294,"column":22},"end":{"line":294,"column":30}},"49":{"start":{"line":304,"column":13},"end":{"line":312,"column":3}},"50":{"start":{"line":314,"column":13},"end":{"line":326,"column":3}},"51":{"start":{"line":318,"column":22},"end":{"line":318,"column":30}},"52":{"start":{"line":321,"column":22},"end":{"line":321,"column":36}},"53":{"start":{"line":328,"column":13},"end":{"line":334,"column":3}},"54":{"start":{"line":333,"column":71},"end":{"line":333,"column":79}},"55":{"start":{"line":336,"column":13},"end":{"line":350,"column":3}},"56":{"start":{"line":340,"column":22},"end":{"line":340,"column":33}},"57":{"start":{"line":343,"column":22},"end":{"line":343,"column":30}},"58":{"start":{"line":356,"column":13},"end":{"line":361,"column":4}},"59":{"start":{"line":356,"column":62},"end":{"line":361,"column":2}},"60":{"start":{"line":363,"column":13},"end":{"line":366,"column":4}},"61":{"start":{"line":363,"column":62},"end":{"line":366,"column":2}},"62":{"start":{"line":368,"column":13},"end":{"line":370,"column":4}},"63":{"start":{"line":368,"column":74},"end":{"line":370,"column":2}},"64":{"start":{"line":372,"column":13},"end":{"line":375,"column":4}},"65":{"start":{"line":372,"column":69},"end":{"line":375,"column":2}},"66":{"start":{"line":377,"column":13},"end":{"line":383,"column":4}},"67":{"start":{"line":377,"column":81},"end":{"line":383,"column":2}}},"fnMap":{"0":{"name":"(anonymous_0)","decl":{"start":{"line":56,"column":18},"end":{"line":56,"column":21}},"loc":{"start":{"line":56,"column":24},"end":{"line":56,"column":32}}},"1":{"name":"(anonymous_1)","decl":{"start":{"line":59,"column":18},"end":{"line":59,"column":21}},"loc":{"start":{"line":59,"column":24},"end":{"line":59,"column":38}}},"2":{"name":"(anonymous_2)","decl":{"start":{"line":61,"column":2},"end":{"line":61,"column":3}},"loc":{"start":{"line":61,"column":10},"end":{"line":63,"column":4}}},"3":{"name":"(anonymous_3)","decl":{"start":{"line":71,"column":18},"end":{"line":71,"column":21}},"loc":{"start":{"line":71,"column":24},"end":{"line":71,"column":32}}},"4":{"name":"(anonymous_4)","decl":{"start":{"line":74,"column":18},"end":{"line":74,"column":21}},"loc":{"start":{"line":74,"column":24},"end":{"line":74,"column":32}}},"5":{"name":"(anonymous_5)","decl":{"start":{"line":75,"column":69},"end":{"line":75,"column":72}},"loc":{"start":{"line":75,"column":75},"end":{"line":75,"column":83}}},"6":{"name":"(anonymous_6)","decl":{"start":{"line":78,"column":2},"end":{"line":78,"column":3}},"loc":{"start":{"line":78,"column":10},"end":{"line":80,"column":4}}},"7":{"name":"(anonymous_7)","decl":{"start":{"line":91,"column":16},"end":{"line":91,"column":19}},"loc":{"start":{"line":91,"column":22},"end":{"line":91,"column":30}}},"8":{"name":"(anonymous_8)","decl":{"start":{"line":122,"column":18},"end":{"line":122,"column":21}},"loc":{"start":{"line":122,"column":24},"end":{"line":122,"column":32}}},"9":{"name":"(anonymous_9)","decl":{"start":{"line":131,"column":2},"end":{"line":131,"column":3}},"loc":{"start":{"line":131,"column":10},"end":{"line":134,"column":4}}},"10":{"name":"(anonymous_10)","decl":{"start":{"line":145,"column":16},"end":{"line":145,"column":19}},"loc":{"start":{"line":145,"column":22},"end":{"line":145,"column":30}}},"11":{"name":"(anonymous_11)","decl":{"start":{"line":151,"column":69},"end":{"line":151,"column":72}},"loc":{"start":{"line":151,"column":75},"end":{"line":151,"column":83}}},"12":{"name":"(anonymous_12)","decl":{"start":{"line":159,"column":16},"end":{"line":159,"column":19}},"loc":{"start":{"line":159,"column":22},"end":{"line":159,"column":30}}},"13":{"name":"(anonymous_13)","decl":{"start":{"line":180,"column":65},"end":{"line":180,"column":68}},"loc":{"start":{"line":180,"column":71},"end":{"line":180,"column":79}}},"14":{"name":"(anonymous_14)","decl":{"start":{"line":190,"column":18},"end":{"line":190,"column":21}},"loc":{"start":{"line":190,"column":24},"end":{"line":190,"column":32}}},"15":{"name":"(anonymous_15)","decl":{"start":{"line":193,"column":18},"end":{"line":193,"column":21}},"loc":{"start":{"line":193,"column":24},"end":{"line":193,"column":32}}},"16":{"name":"(anonymous_16)","decl":{"start":{"line":205,"column":2},"end":{"line":205,"column":3}},"loc":{"start":{"line":205,"column":10},"end":{"line":208,"column":4}}},"17":{"name":"(anonymous_17)","decl":{"start":{"line":215,"column":16},"end":{"line":215,"column":19}},"loc":{"start":{"line":215,"column":22},"end":{"line":215,"column":33}}},"18":{"name":"(anonymous_18)","decl":{"start":{"line":229,"column":16},"end":{"line":229,"column":19}},"loc":{"start":{"line":229,"column":22},"end":{"line":229,"column":33}}},"19":{"name":"(anonymous_19)","decl":{"start":{"line":232,"column":16},"end":{"line":232,"column":19}},"loc":{"start":{"line":232,"column":22},"end":{"line":232,"column":30}}},"20":{"name":"(anonymous_20)","decl":{"start":{"line":235,"column":16},"end":{"line":235,"column":19}},"loc":{"start":{"line":235,"column":22},"end":{"line":235,"column":30}}},"21":{"name":"(anonymous_21)","decl":{"start":{"line":250,"column":16},"end":{"line":250,"column":19}},"loc":{"start":{"line":250,"column":22},"end":{"line":250,"column":31}}},"22":{"name":"(anonymous_22)","decl":{"start":{"line":266,"column":18},"end":{"line":266,"column":21}},"loc":{"start":{"line":266,"column":24},"end":{"line":266,"column":33}}},"23":{"name":"(anonymous_23)","decl":{"start":{"line":269,"column":18},"end":{"line":269,"column":21}},"loc":{"start":{"line":269,"column":24},"end":{"line":269,"column":32}}},"24":{"name":"(anonymous_24)","decl":{"start":{"line":272,"column":18},"end":{"line":272,"column":21}},"loc":{"start":{"line":272,"column":24},"end":{"line":272,"column":32}}},"25":{"name":"(anonymous_25)","decl":{"start":{"line":273,"column":69},"end":{"line":273,"column":72}},"loc":{"start":{"line":273,"column":75},"end":{"line":273,"column":83}}},"26":{"name":"(anonymous_26)","decl":{"start":{"line":282,"column":2},"end":{"line":282,"column":3}},"loc":{"start":{"line":282,"column":10},"end":{"line":284,"column":4}}},"27":{"name":"(anonymous_27)","decl":{"start":{"line":291,"column":16},"end":{"line":291,"column":19}},"loc":{"start":{"line":291,"column":22},"end":{"line":291,"column":39}}},"28":{"name":"(anonymous_28)","decl":{"start":{"line":294,"column":16},"end":{"line":294,"column":19}},"loc":{"start":{"line":294,"column":22},"end":{"line":294,"column":30}}},"29":{"name":"(anonymous_29)","decl":{"start":{"line":318,"column":16},"end":{"line":318,"column":19}},"loc":{"start":{"line":318,"column":22},"end":{"line":318,"column":30}}},"30":{"name":"(anonymous_30)","decl":{"start":{"line":321,"column":16},"end":{"line":321,"column":19}},"loc":{"start":{"line":321,"column":22},"end":{"line":321,"column":36}}},"31":{"name":"(anonymous_31)","decl":{"start":{"line":333,"column":65},"end":{"line":333,"column":68}},"loc":{"start":{"line":333,"column":71},"end":{"line":333,"column":79}}},"32":{"name":"(anonymous_32)","decl":{"start":{"line":340,"column":16},"end":{"line":340,"column":19}},"loc":{"start":{"line":340,"column":22},"end":{"line":340,"column":33}}},"33":{"name":"(anonymous_33)","decl":{"start":{"line":343,"column":16},"end":{"line":343,"column":19}},"loc":{"start":{"line":343,"column":22},"end":{"line":343,"column":30}}},"34":{"name":"(anonymous_34)","decl":{"start":{"line":356,"column":47},"end":{"line":356,"column":48}},"loc":{"start":{"line":356,"column":62},"end":{"line":361,"column":2}}},"35":{"name":"(anonymous_35)","decl":{"start":{"line":363,"column":47},"end":{"line":363,"column":48}},"loc":{"start":{"line":363,"column":62},"end":{"line":366,"column":2}}},"36":{"name":"(anonymous_36)","decl":{"start":{"line":368,"column":59},"end":{"line":368,"column":60}},"loc":{"start":{"line":368,"column":74},"end":{"line":370,"column":2}}},"37":{"name":"(anonymous_37)","decl":{"start":{"line":372,"column":55},"end":{"line":372,"column":56}},"loc":{"start":{"line":372,"column":69},"end":{"line":375,"column":2}}},"38":{"name":"(anonymous_38)","decl":{"start":{"line":377,"column":67},"end":{"line":377,"column":68}},"loc":{"start":{"line":377,"column":81},"end":{"line":383,"column":2}}}},"branchMap":{},"s":{"0":2,"1":2,"2":2,"3":2,"4":2,"5":2,"6":0,"7":0,"8":0,"9":2,"10":0,"11":0,"12":0,"13":0,"14":2,"15":0,"16":2,"17":2,"18":2,"19":0,"20":0,"21":2,"22":0,"23":0,"24":2,"25":0,"26":2,"27":0,"28":2,"29":0,"30":0,"31":0,"32":2,"33":0,"34":2,"35":0,"36":0,"37":0,"38":2,"39":0,"40":2,"41":0,"42":0,"43":0,"44":0,"45":0,"46":2,"47":0,"48":0,"49":2,"50":2,"51":0,"52":0,"53":2,"54":0,"55":2,"56":0,"57":0,"58":2,"59":0,"60":2,"61":0,"62":2,"63":0,"64":2,"65":0,"66":2,"67":0},"f":{"0":0,"1":0,"2":0,"3":0,"4":0,"5":0,"6":0,"7":0,"8":0,"9":0,"10":0,"11":0,"12":0,"13":0,"14":0,"15":0,"16":0,"17":0,"18":0,"19":0,"20":0,"21":0,"22":0,"23":0,"24":0,"25":0,"26":0,"27":0,"28":0,"29":0,"30":0,"31":0,"32":0,"33":0,"34":0,"35":0,"36":0,"37":0,"38":0},"b":{}}
,"C:\\PROJECT\\GIAODICHGAME\\apps\\api\\src\\database\\seed.ts": {"path":"C:\\PROJECT\\GIAODICHGAME\\apps\\api\\src\\database\\seed.ts","statementMap":{"0":{"start":{"line":10,"column":0},"end":{"line":10,"column":23}},"1":{"start":{"line":11,"column":0},"end":{"line":11,"column":32}},"2":{"start":{"line":12,"column":0},"end":{"line":12,"column":50}},"3":{"start":{"line":13,"column":0},"end":{"line":13,"column":63}},"4":{"start":{"line":15,"column":15},"end":{"line":21,"column":2}},"5":{"start":{"line":23,"column":11},"end":{"line":23,"column":26}},"6":{"start":{"line":29,"column":21},"end":{"line":33,"column":11}},"7":{"start":{"line":35,"column":27},"end":{"line":47,"column":11}},"8":{"start":{"line":50,"column":28},"end":{"line":56,"column":2}},"9":{"start":{"line":59,"column":2},"end":{"line":59,"column":48}},"10":{"start":{"line":62,"column":2},"end":{"line":62,"column":39}},"11":{"start":{"line":63,"column":24},"end":{"line":67,"column":16}},"12":{"start":{"line":65,"column":37},"end":{"line":65,"column":45}},"13":{"start":{"line":69,"column":2},"end":{"line":69,"column":80}},"14":{"start":{"line":72,"column":2},"end":{"line":72,"column":45}},"15":{"start":{"line":73,"column":30},"end":{"line":77,"column":16}},"16":{"start":{"line":75,"column":43},"end":{"line":75,"column":51}},"17":{"start":{"line":79,"column":2},"end":{"line":79,"column":92}},"18":{"start":{"line":82,"column":2},"end":{"line":82,"column":57}},"19":{"start":{"line":85,"column":19},"end":{"line":85,"column":48}},"20":{"start":{"line":86,"column":25},"end":{"line":86,"column":60}},"21":{"start":{"line":88,"column":18},"end":{"line":88,"column":56}},"22":{"start":{"line":88,"column":39},"end":{"line":88,"column":55}},"23":{"start":{"line":89,"column":2},"end":{"line":91,"column":3}},"24":{"start":{"line":90,"column":4},"end":{"line":90,"column":56}},"25":{"start":{"line":93,"column":27},"end":{"line":95,"column":21}},"26":{"start":{"line":94,"column":19},"end":{"line":94,"column":54}},"27":{"start":{"line":95,"column":16},"end":{"line":95,"column":20}},"28":{"start":{"line":97,"column":2},"end":{"line":103,"column":3}},"29":{"start":{"line":98,"column":4},"end":{"line":101,"column":29}},"30":{"start":{"line":100,"column":48},"end":{"line":100,"column":92}},"31":{"start":{"line":102,"column":4},"end":{"line":102,"column":79}},"32":{"start":{"line":106,"column":2},"end":{"line":106,"column":52}},"33":{"start":{"line":107,"column":2},"end":{"line":107,"column":32}},"34":{"start":{"line":108,"column":2},"end":{"line":108,"column":80}},"35":{"start":{"line":108,"column":26},"end":{"line":108,"column":78}},"36":{"start":{"line":109,"column":2},"end":{"line":109,"column":40}},"37":{"start":{"line":110,"column":2},"end":{"line":110,"column":61}},"38":{"start":{"line":110,"column":32},"end":{"line":110,"column":59}},"39":{"start":{"line":112,"column":2},"end":{"line":112,"column":21}},"40":{"start":{"line":115,"column":0},"end":{"line":119,"column":3}},"41":{"start":{"line":116,"column":2},"end":{"line":116,"column":39}},"42":{"start":{"line":117,"column":2},"end":{"line":117,"column":20}},"43":{"start":{"line":118,"column":2},"end":{"line":118,"column":18}}},"fnMap":{"0":{"name":"seed","decl":{"start":{"line":58,"column":15},"end":{"line":58,"column":19}},"loc":{"start":{"line":58,"column":19},"end":{"line":113,"column":1}}},"1":{"name":"(anonymous_2)","decl":{"start":{"line":65,"column":29},"end":{"line":65,"column":30}},"loc":{"start":{"line":65,"column":37},"end":{"line":65,"column":45}}},"2":{"name":"(anonymous_3)","decl":{"start":{"line":75,"column":35},"end":{"line":75,"column":36}},"loc":{"start":{"line":75,"column":43},"end":{"line":75,"column":51}}},"3":{"name":"(anonymous_4)","decl":{"start":{"line":88,"column":32},"end":{"line":88,"column":33}},"loc":{"start":{"line":88,"column":39},"end":{"line":88,"column":55}}},"4":{"name":"(anonymous_5)","decl":{"start":{"line":94,"column":12},"end":{"line":94,"column":13}},"loc":{"start":{"line":94,"column":19},"end":{"line":94,"column":54}}},"5":{"name":"(anonymous_6)","decl":{"start":{"line":95,"column":9},"end":{"line":95,"column":10}},"loc":{"start":{"line":95,"column":16},"end":{"line":95,"column":20}}},"6":{"name":"(anonymous_7)","decl":{"start":{"line":100,"column":35},"end":{"line":100,"column":36}},"loc":{"start":{"line":100,"column":48},"end":{"line":100,"column":92}}},"7":{"name":"(anonymous_8)","decl":{"start":{"line":108,"column":19},"end":{"line":108,"column":20}},"loc":{"start":{"line":108,"column":26},"end":{"line":108,"column":78}}},"8":{"name":"(anonymous_9)","decl":{"start":{"line":110,"column":25},"end":{"line":110,"column":26}},"loc":{"start":{"line":110,"column":32},"end":{"line":110,"column":59}}},"9":{"name":"(anonymous_10)","decl":{"start":{"line":115,"column":13},"end":{"line":115,"column":14}},"loc":{"start":{"line":115,"column":21},"end":{"line":119,"column":1}}}},"branchMap":{"0":{"loc":{"start":{"line":16,"column":8},"end":{"line":16,"column":42}},"type":"binary-expr","locations":[{"start":{"line":16,"column":8},"end":{"line":16,"column":27}},{"start":{"line":16,"column":31},"end":{"line":16,"column":42}}]},"1":{"loc":{"start":{"line":17,"column":15},"end":{"line":17,"column":42}},"type":"binary-expr","locations":[{"start":{"line":17,"column":15},"end":{"line":17,"column":34}},{"start":{"line":17,"column":38},"end":{"line":17,"column":42}}]},"2":{"loc":{"start":{"line":18,"column":12},"end":{"line":18,"column":49}},"type":"binary-expr","locations":[{"start":{"line":18,"column":12},"end":{"line":18,"column":31}},{"start":{"line":18,"column":35},"end":{"line":18,"column":49}}]},"3":{"loc":{"start":{"line":19,"column":12},"end":{"line":19,"column":40}},"type":"binary-expr","locations":[{"start":{"line":19,"column":12},"end":{"line":19,"column":31}},{"start":{"line":19,"column":35},"end":{"line":19,"column":40}}]},"4":{"loc":{"start":{"line":20,"column":12},"end":{"line":20,"column":48}},"type":"binary-expr","locations":[{"start":{"line":20,"column":12},"end":{"line":20,"column":31}},{"start":{"line":20,"column":35},"end":{"line":20,"column":48}}]},"5":{"loc":{"start":{"line":89,"column":2},"end":{"line":91,"column":3}},"type":"if","locations":[{"start":{"line":89,"column":2},"end":{"line":91,"column":3}},{"start":{},"end":{}}]},"6":{"loc":{"start":{"line":97,"column":2},"end":{"line":103,"column":3}},"type":"if","locations":[{"start":{"line":97,"column":2},"end":{"line":103,"column":3}},{"start":{},"end":{}}]}},"s":{"0":0,"1":0,"2":0,"3":0,"4":0,"5":0,"6":0,"7":0,"8":0,"9":0,"10":0,"11":0,"12":0,"13":0,"14":0,"15":0,"16":0,"17":0,"18":0,"19":0,"20":0,"21":0,"22":0,"23":0,"24":0,"25":0,"26":0,"27":0,"28":0,"29":0,"30":0,"31":0,"32":0,"33":0,"34":0,"35":0,"36":0,"37":0,"38":0,"39":0,"40":0,"41":0,"42":0,"43":0},"f":{"0":0,"1":0,"2":0,"3":0,"4":0,"5":0,"6":0,"7":0,"8":0,"9":0},"b":{"0":[0,0],"1":[0,0],"2":[0,0],"3":[0,0],"4":[0,0],"5":[0,0],"6":[0,0]}}
,"C:\\PROJECT\\GIAODICHGAME\\apps\\api\\src\\health\\health.controller.ts": {"path":"C:\\PROJECT\\GIAODICHGAME\\apps\\api\\src\\health\\health.controller.ts","statementMap":{"0":{"start":{"line":1,"column":0},"end":{"line":1,"column":49}},"1":{"start":{"line":2,"column":0},"end":{"line":2,"column":90}},"2":{"start":{"line":5,"column":7},"end":{"line":18,"column":null}},"3":{"start":{"line":6,"column":22},"end":{"line":6,"column":30}},"4":{"start":{"line":11,"column":4},"end":{"line":16,"column":7}},"5":{"start":{"line":13,"column":51},"end":{"line":15,"column":8}},"6":{"start":{"line":5,"column":13},"end":{"line":5,"column":29}},"7":{"start":{"line":10,"column":2},"end":{"line":17,"column":null}},"8":{"start":{"line":5,"column":13},"end":{"line":18,"column":null}}},"fnMap":{"0":{"name":"(anonymous_2)","decl":{"start":{"line":6,"column":2},"end":{"line":6,"column":22}},"loc":{"start":{"line":6,"column":48},"end":{"line":6,"column":52}}},"1":{"name":"(anonymous_3)","decl":{"start":{"line":10,"column":2},"end":{"line":10,"column":7}},"loc":{"start":{"line":10,"column":7},"end":{"line":17,"column":3}}},"2":{"name":"(anonymous_4)","decl":{"start":{"line":13,"column":6},"end":{"line":13,"column":11}},"loc":{"start":{"line":13,"column":51},"end":{"line":15,"column":8}}}},"branchMap":{},"s":{"0":0,"1":0,"2":0,"3":0,"4":0,"5":0,"6":0,"7":0,"8":0},"f":{"0":0,"1":0,"2":0},"b":{}}
,"C:\\PROJECT\\GIAODICHGAME\\apps\\api\\src\\queue\\queue.module.ts": {"path":"C:\\PROJECT\\GIAODICHGAME\\apps\\api\\src\\queue\\queue.module.ts","statementMap":{"0":{"start":{"line":1,"column":0},"end":{"line":1,"column":48}},"1":{"start":{"line":2,"column":0},"end":{"line":2,"column":44}},"2":{"start":{"line":3,"column":0},"end":{"line":3,"column":47}},"3":{"start":{"line":4,"column":0},"end":{"line":4,"column":47}},"4":{"start":{"line":29,"column":7},"end":{"line":29,"column":null}},"5":{"start":{"line":29,"column":13},"end":{"line":29,"column":24}},"6":{"start":{"line":29,"column":13},"end":{"line":29,"column":null}},"7":{"start":{"line":12,"column":46},"end":{"line":17,"column":8}}},"fnMap":{"0":{"name":"(anonymous_1)","decl":{"start":{"line":12,"column":18},"end":{"line":12,"column":19}},"loc":{"start":{"line":12,"column":46},"end":{"line":17,"column":8}}}},"branchMap":{},"s":{"0":0,"1":0,"2":0,"3":0,"4":0,"5":0,"6":0,"7":0},"f":{"0":0},"b":{}}
,"C:\\PROJECT\\GIAODICHGAME\\apps\\api\\src\\users\\users.controller.ts": {"path":"C:\\PROJECT\\GIAODICHGAME\\apps\\api\\src\\users\\users.controller.ts","statementMap":{"0":{"start":{"line":1,"column":0},"end":{"line":1,"column":null}},"1":{"start":{"line":10,"column":0},"end":{"line":10,"column":47}},"2":{"start":{"line":11,"column":0},"end":{"line":11,"column":60}},"3":{"start":{"line":12,"column":0},"end":{"line":12,"column":63}},"4":{"start":{"line":13,"column":0},"end":{"line":13,"column":70}},"5":{"start":{"line":14,"column":0},"end":{"line":14,"column":87}},"6":{"start":{"line":15,"column":0},"end":{"line":15,"column":88}},"7":{"start":{"line":16,"column":0},"end":{"line":16,"column":63}},"8":{"start":{"line":20,"column":7},"end":{"line":42,"column":null}},"9":{"start":{"line":21,"column":31},"end":{"line":21,"column":45}},"10":{"start":{"line":26,"column":4},"end":{"line":26,"column":42}},"11":{"start":{"line":35,"column":4},"end":{"line":35,"column":61}},"12":{"start":{"line":40,"column":4},"end":{"line":40,"column":64}},"13":{"start":{"line":20,"column":13},"end":{"line":20,"column":28}},"14":{"start":{"line":25,"column":2},"end":{"line":27,"column":null}},"15":{"start":{"line":31,"column":2},"end":{"line":36,"column":null}},"16":{"start":{"line":39,"column":2},"end":{"line":41,"column":null}},"17":{"start":{"line":20,"column":13},"end":{"line":42,"column":null}}},"fnMap":{"0":{"name":"(anonymous_4)","decl":{"start":{"line":21,"column":2},"end":{"line":21,"column":31}},"loc":{"start":{"line":21,"column":57},"end":{"line":21,"column":61}}},"1":{"name":"(anonymous_5)","decl":{"start":{"line":25,"column":2},"end":{"line":25,"column":12}},"loc":{"start":{"line":25,"column":50},"end":{"line":27,"column":3}}},"2":{"name":"(anonymous_6)","decl":{"start":{"line":31,"column":2},"end":{"line":31,"column":15}},"loc":{"start":{"line":33,"column":33},"end":{"line":36,"column":3}}},"3":{"name":"(anonymous_7)","decl":{"start":{"line":39,"column":2},"end":{"line":39,"column":17}},"loc":{"start":{"line":39,"column":50},"end":{"line":41,"column":3}}}},"branchMap":{},"s":{"0":0,"1":0,"2":0,"3":0,"4":0,"5":0,"6":0,"7":0,"8":0,"9":0,"10":0,"11":0,"12":0,"13":0,"14":0,"15":0,"16":0,"17":0},"f":{"0":0,"1":0,"2":0,"3":0},"b":{}}
,"C:\\PROJECT\\GIAODICHGAME\\apps\\api\\src\\users\\users.module.ts": {"path":"C:\\PROJECT\\GIAODICHGAME\\apps\\api\\src\\users\\users.module.ts","statementMap":{"0":{"start":{"line":1,"column":0},"end":{"line":1,"column":40}},"1":{"start":{"line":2,"column":0},"end":{"line":2,"column":47}},"2":{"start":{"line":3,"column":0},"end":{"line":3,"column":53}},"3":{"start":{"line":10,"column":7},"end":{"line":10,"column":null}},"4":{"start":{"line":10,"column":13},"end":{"line":10,"column":24}},"5":{"start":{"line":10,"column":13},"end":{"line":10,"column":null}}},"fnMap":{},"branchMap":{},"s":{"0":0,"1":0,"2":0,"3":0,"4":0,"5":0},"f":{},"b":{}}
,"C:\\PROJECT\\GIAODICHGAME\\apps\\api\\src\\users\\users.service.ts": {"path":"C:\\PROJECT\\GIAODICHGAME\\apps\\api\\src\\users\\users.service.ts","statementMap":{"0":{"start":{"line":1,"column":0},"end":{"line":1,"column":90}},"1":{"start":{"line":3,"column":0},"end":{"line":3,"column":52}},"2":{"start":{"line":4,"column":0},"end":{"line":4,"column":45}},"3":{"start":{"line":5,"column":0},"end":{"line":5,"column":54}},"4":{"start":{"line":11,"column":7},"end":{"line":187,"column":null}},"5":{"start":{"line":12,"column":39},"end":{"line":12,"column":45}},"6":{"start":{"line":19,"column":21},"end":{"line":23,"column":15}},"7":{"start":{"line":25,"column":4},"end":{"line":27,"column":5}},"8":{"start":{"line":26,"column":6},"end":{"line":26,"column":62}},"9":{"start":{"line":29,"column":26},"end":{"line":33,"column":15}},"10":{"start":{"line":35,"column":4},"end":{"line":37,"column":5}},"11":{"start":{"line":36,"column":6},"end":{"line":36,"column":60}},"12":{"start":{"line":39,"column":25},"end":{"line":46,"column":18}},"13":{"start":{"line":48,"column":4},"end":{"line":48,"column":67}},"14":{"start":{"line":48,"column":26},"end":{"line":48,"column":67}},"15":{"start":{"line":49,"column":4},"end":{"line":49,"column":27}},"16":{"start":{"line":53,"column":19},"end":{"line":57,"column":15}},"17":{"start":{"line":58,"column":4},"end":{"line":58,"column":24}},"18":{"start":{"line":62,"column":19},"end":{"line":73,"column":15}},"19":{"start":{"line":75,"column":4},"end":{"line":75,"column":61}},"20":{"start":{"line":75,"column":15},"end":{"line":75,"column":61}},"21":{"start":{"line":76,"column":4},"end":{"line":76,"column":16}},"22":{"start":{"line":80,"column":4},"end":{"line":90,"column":5}},"23":{"start":{"line":81,"column":20},"end":{"line":85,"column":17}},"24":{"start":{"line":86,"column":27},"end":{"line":86,"column":35}},"25":{"start":{"line":87,"column":6},"end":{"line":89,"column":7}},"26":{"start":{"line":88,"column":8},"end":{"line":88,"column":62}},"27":{"start":{"line":92,"column":22},"end":{"line":105,"column":8}},"28":{"start":{"line":107,"column":4},"end":{"line":107,"column":19}},"29":{"start":{"line":112,"column":23},"end":{"line":123,"column":15}},"30":{"start":{"line":125,"column":4},"end":{"line":131,"column":5}},"31":{"start":{"line":127,"column":23},"end":{"line":129,"column":33}},"32":{"start":{"line":130,"column":6},"end":{"line":130,"column":40}},"33":{"start":{"line":130,"column":33},"end":{"line":130,"column":38}},"34":{"start":{"line":134,"column":25},"end":{"line":137,"column":49}},"35":{"start":{"line":139,"column":4},"end":{"line":139,"column":45}},"36":{"start":{"line":139,"column":35},"end":{"line":139,"column":45}},"37":{"start":{"line":141,"column":20},"end":{"line":141,"column":53}},"38":{"start":{"line":141,"column":44},"end":{"line":141,"column":52}},"39":{"start":{"line":143,"column":21},"end":{"line":150,"column":61}},"40":{"start":{"line":152,"column":4},"end":{"line":152,"column":52}},"41":{"start":{"line":152,"column":43},"end":{"line":152,"column":48}},"42":{"start":{"line":156,"column":4},"end":{"line":169,"column":17}},"43":{"start":{"line":174,"column":23},"end":{"line":178,"column":15}},"44":{"start":{"line":180,"column":4},"end":{"line":180,"column":26}},"45":{"start":{"line":180,"column":19},"end":{"line":180,"column":26}},"46":{"start":{"line":182,"column":4},"end":{"line":185,"column":29}},"47":{"start":{"line":11,"column":13},"end":{"line":11,"column":25}},"48":{"start":{"line":11,"column":13},"end":{"line":187,"column":null}}},"fnMap":{"0":{"name":"(anonymous_13)","decl":{"start":{"line":12,"column":2},"end":{"line":12,"column":15}},"loc":{"start":{"line":12,"column":45},"end":{"line":12,"column":49}}},"1":{"name":"(anonymous_14)","decl":{"start":{"line":14,"column":2},"end":{"line":14,"column":7}},"loc":{"start":{"line":18,"column":3},"end":{"line":50,"column":3}}},"2":{"name":"(anonymous_15)","decl":{"start":{"line":52,"column":2},"end":{"line":52,"column":7}},"loc":{"start":{"line":52,"column":33},"end":{"line":59,"column":3}}},"3":{"name":"(anonymous_16)","decl":{"start":{"line":61,"column":2},"end":{"line":61,"column":7}},"loc":{"start":{"line":61,"column":27},"end":{"line":77,"column":3}}},"4":{"name":"(anonymous_17)","decl":{"start":{"line":79,"column":2},"end":{"line":79,"column":7}},"loc":{"start":{"line":79,"column":55},"end":{"line":108,"column":3}}},"5":{"name":"(anonymous_18)","decl":{"start":{"line":110,"column":2},"end":{"line":110,"column":7}},"loc":{"start":{"line":110,"column":37},"end":{"line":153,"column":3}}},"6":{"name":"(anonymous_19)","decl":{"start":{"line":130,"column":26},"end":{"line":130,"column":27}},"loc":{"start":{"line":130,"column":33},"end":{"line":130,"column":38}}},"7":{"name":"(anonymous_20)","decl":{"start":{"line":141,"column":37},"end":{"line":141,"column":38}},"loc":{"start":{"line":141,"column":44},"end":{"line":141,"column":52}}},"8":{"name":"(anonymous_21)","decl":{"start":{"line":152,"column":36},"end":{"line":152,"column":37}},"loc":{"start":{"line":152,"column":43},"end":{"line":152,"column":48}}},"9":{"name":"(anonymous_22)","decl":{"start":{"line":155,"column":2},"end":{"line":155,"column":7}},"loc":{"start":{"line":155,"column":44},"end":{"line":170,"column":3}}},"10":{"name":"(anonymous_23)","decl":{"start":{"line":172,"column":2},"end":{"line":172,"column":7}},"loc":{"start":{"line":172,"column":40},"end":{"line":186,"column":3}}}},"branchMap":{"0":{"loc":{"start":{"line":25,"column":4},"end":{"line":27,"column":5}},"type":"if","locations":[{"start":{"line":25,"column":4},"end":{"line":27,"column":5}},{"start":{},"end":{}}]},"1":{"loc":{"start":{"line":35,"column":4},"end":{"line":37,"column":5}},"type":"if","locations":[{"start":{"line":35,"column":4},"end":{"line":37,"column":5}},{"start":{},"end":{}}]},"2":{"loc":{"start":{"line":48,"column":4},"end":{"line":48,"column":67}},"type":"if","locations":[{"start":{"line":48,"column":4},"end":{"line":48,"column":67}},{"start":{},"end":{}}]},"3":{"loc":{"start":{"line":58,"column":11},"end":{"line":58,"column":23}},"type":"binary-expr","locations":[{"start":{"line":58,"column":11},"end":{"line":58,"column":15}},{"start":{"line":58,"column":19},"end":{"line":58,"column":23}}]},"4":{"loc":{"start":{"line":75,"column":4},"end":{"line":75,"column":61}},"type":"if","locations":[{"start":{"line":75,"column":4},"end":{"line":75,"column":61}},{"start":{},"end":{}}]},"5":{"loc":{"start":{"line":80,"column":4},"end":{"line":90,"column":5}},"type":"if","locations":[{"start":{"line":80,"column":4},"end":{"line":90,"column":5}},{"start":{},"end":{}}]},"6":{"loc":{"start":{"line":87,"column":6},"end":{"line":89,"column":7}},"type":"if","locations":[{"start":{"line":87,"column":6},"end":{"line":89,"column":7}},{"start":{},"end":{}}]},"7":{"loc":{"start":{"line":87,"column":10},"end":{"line":87,"column":48}},"type":"binary-expr","locations":[{"start":{"line":87,"column":10},"end":{"line":87,"column":22}},{"start":{"line":87,"column":26},"end":{"line":87,"column":48}}]},"8":{"loc":{"start":{"line":95,"column":12},"end":{"line":95,"column":58}},"type":"cond-expr","locations":[{"start":{"line":95,"column":27},"end":{"line":95,"column":53}},{"start":{"line":95,"column":56},"end":{"line":95,"column":58}}]},"9":{"loc":{"start":{"line":96,"column":12},"end":{"line":96,"column":75}},"type":"cond-expr","locations":[{"start":{"line":96,"column":42},"end":{"line":96,"column":70}},{"start":{"line":96,"column":73},"end":{"line":96,"column":75}}]},"10":{"loc":{"start":{"line":125,"column":4},"end":{"line":131,"column":5}},"type":"if","locations":[{"start":{"line":125,"column":4},"end":{"line":131,"column":5}},{"start":{},"end":{}}]},"11":{"loc":{"start":{"line":139,"column":4},"end":{"line":139,"column":45}},"type":"if","locations":[{"start":{"line":139,"column":4},"end":{"line":139,"column":45}},{"start":{},"end":{}}]},"12":{"loc":{"start":{"line":180,"column":4},"end":{"line":180,"column":26}},"type":"if","locations":[{"start":{"line":180,"column":4},"end":{"line":180,"column":26}},{"start":{},"end":{}}]}},"s":{"0":1,"1":1,"2":1,"3":1,"4":1,"5":0,"6":0,"7":0,"8":0,"9":0,"10":0,"11":0,"12":0,"13":0,"14":0,"15":0,"16":0,"17":0,"18":0,"19":0,"20":0,"21":0,"22":0,"23":0,"24":0,"25":0,"26":0,"27":0,"28":0,"29":0,"30":0,"31":0,"32":0,"33":0,"34":0,"35":0,"36":0,"37":0,"38":0,"39":0,"40":0,"41":0,"42":0,"43":0,"44":0,"45":0,"46":0,"47":1,"48":1},"f":{"0":0,"1":0,"2":0,"3":0,"4":0,"5":0,"6":0,"7":0,"8":0,"9":0,"10":0},"b":{"0":[0,0],"1":[0,0],"2":[0,0],"3":[0,0],"4":[0,0],"5":[0,0],"6":[0,0],"7":[0,0],"8":[0,0],"9":[0,0],"10":[0,0],"11":[0,0],"12":[0,0]}}
,"C:\\PROJECT\\GIAODICHGAME\\apps\\api\\src\\users\\dto\\update-profile.dto.ts": {"path":"C:\\PROJECT\\GIAODICHGAME\\apps\\api\\src\\users\\dto\\update-profile.dto.ts","statementMap":{"0":{"start":{"line":1,"column":0},"end":{"line":1,"column":73}},"1":{"start":{"line":3,"column":0},"end":{"line":3,"column":13}},"2":{"start":{"line":7,"column":2},"end":{"line":7,"column":null}},"3":{"start":{"line":12,"column":2},"end":{"line":12,"column":null}}},"fnMap":{},"branchMap":{},"s":{"0":0,"1":0,"2":0,"3":0},"f":{},"b":{}}
,"C:\\PROJECT\\GIAODICHGAME\\apps\\api\\src\\wallet\\admin-wallet.controller.ts": {"path":"C:\\PROJECT\\GIAODICHGAME\\apps\\api\\src\\wallet\\admin-wallet.controller.ts","statementMap":{"0":{"start":{"line":1,"column":0},"end":{"line":1,"column":null}},"1":{"start":{"line":11,"column":0},"end":{"line":11,"column":63}},"2":{"start":{"line":12,"column":0},"end":{"line":12,"column":70}},"3":{"start":{"line":13,"column":0},"end":{"line":13,"column":88}},"4":{"start":{"line":14,"column":0},"end":{"line":14,"column":87}},"5":{"start":{"line":15,"column":0},"end":{"line":15,"column":47}},"6":{"start":{"line":19,"column":7},"end":{"line":37,"column":null}},"7":{"start":{"line":20,"column":22},"end":{"line":20,"column":36}},"8":{"start":{"line":25,"column":4},"end":{"line":25,"column":50}},"9":{"start":{"line":35,"column":4},"end":{"line":35,"column":60}},"10":{"start":{"line":19,"column":13},"end":{"line":19,"column":34}},"11":{"start":{"line":24,"column":2},"end":{"line":26,"column":null}},"12":{"start":{"line":31,"column":2},"end":{"line":36,"column":null}},"13":{"start":{"line":19,"column":13},"end":{"line":37,"column":null}}},"fnMap":{"0":{"name":"(anonymous_4)","decl":{"start":{"line":20,"column":2},"end":{"line":20,"column":22}},"loc":{"start":{"line":20,"column":48},"end":{"line":20,"column":52}}},"1":{"name":"(anonymous_5)","decl":{"start":{"line":24,"column":2},"end":{"line":24,"column":18}},"loc":{"start":{"line":24,"column":18},"end":{"line":26,"column":3}}},"2":{"name":"(anonymous_6)","decl":{"start":{"line":31,"column":2},"end":{"line":31,"column":14}},"loc":{"start":{"line":33,"column":37},"end":{"line":36,"column":3}}}},"branchMap":{},"s":{"0":0,"1":0,"2":0,"3":0,"4":0,"5":0,"6":0,"7":0,"8":0,"9":0,"10":0,"11":0,"12":0,"13":0},"f":{"0":0,"1":0,"2":0},"b":{}}
,"C:\\PROJECT\\GIAODICHGAME\\apps\\api\\src\\wallet\\insurance.service.ts": {"path":"C:\\PROJECT\\GIAODICHGAME\\apps\\api\\src\\wallet\\insurance.service.ts","statementMap":{"0":{"start":{"line":1,"column":0},"end":{"line":1,"column":73}},"1":{"start":{"line":3,"column":0},"end":{"line":3,"column":43}},"2":{"start":{"line":4,"column":0},"end":{"line":4,"column":45}},"3":{"start":{"line":5,"column":0},"end":{"line":5,"column":54}},"4":{"start":{"line":6,"column":0},"end":{"line":6,"column":49}},"5":{"start":{"line":12,"column":7},"end":{"line":107,"column":null}},"6":{"start":{"line":14,"column":29},"end":{"line":14,"column":35}},"7":{"start":{"line":15,"column":12},"end":{"line":15,"column":27}},"8":{"start":{"line":20,"column":20},"end":{"line":20,"column":63}},"9":{"start":{"line":21,"column":4},"end":{"line":23,"column":5}},"10":{"start":{"line":22,"column":6},"end":{"line":22,"column":82}},"11":{"start":{"line":25,"column":4},"end":{"line":30,"column":7}},"12":{"start":{"line":33,"column":4},"end":{"line":38,"column":7}},"13":{"start":{"line":40,"column":23},"end":{"line":40,"column":75}},"14":{"start":{"line":41,"column":4},"end":{"line":41,"column":44}},"15":{"start":{"line":45,"column":29},"end":{"line":45,"column":81}},"16":{"start":{"line":46,"column":4},"end":{"line":48,"column":5}},"17":{"start":{"line":47,"column":6},"end":{"line":47,"column":70}},"18":{"start":{"line":52,"column":26},"end":{"line":52,"column":36}},"19":{"start":{"line":53,"column":4},"end":{"line":53,"column":56}},"20":{"start":{"line":55,"column":21},"end":{"line":66,"column":15}},"21":{"start":{"line":68,"column":23},"end":{"line":68,"column":34}},"22":{"start":{"line":69,"column":4},"end":{"line":73,"column":5}},"23":{"start":{"line":70,"column":6},"end":{"line":72,"column":8}},"24":{"start":{"line":76,"column":28},"end":{"line":76,"column":38}},"25":{"start":{"line":77,"column":4},"end":{"line":77,"column":60}},"26":{"start":{"line":79,"column":24},"end":{"line":90,"column":15}},"27":{"start":{"line":92,"column":4},"end":{"line":96,"column":5}},"28":{"start":{"line":93,"column":6},"end":{"line":95,"column":8}},"29":{"start":{"line":98,"column":4},"end":{"line":103,"column":7}},"30":{"start":{"line":105,"column":4},"end":{"line":105,"column":47}},"31":{"start":{"line":12,"column":13},"end":{"line":12,"column":29}},"32":{"start":{"line":12,"column":13},"end":{"line":107,"column":null}}},"fnMap":{"0":{"name":"(anonymous_13)","decl":{"start":{"line":13,"column":2},"end":{"line":13,"column":null}},"loc":{"start":{"line":15,"column":40},"end":{"line":16,"column":6}}},"1":{"name":"(anonymous_14)","decl":{"start":{"line":18,"column":2},"end":{"line":18,"column":7}},"loc":{"start":{"line":18,"column":56},"end":{"line":42,"column":3}}},"2":{"name":"(anonymous_15)","decl":{"start":{"line":44,"column":2},"end":{"line":44,"column":7}},"loc":{"start":{"line":44,"column":58},"end":{"line":106,"column":3}}}},"branchMap":{"0":{"loc":{"start":{"line":21,"column":4},"end":{"line":23,"column":5}},"type":"if","locations":[{"start":{"line":21,"column":4},"end":{"line":23,"column":5}},{"start":{},"end":{}}]},"1":{"loc":{"start":{"line":46,"column":4},"end":{"line":48,"column":5}},"type":"if","locations":[{"start":{"line":46,"column":4},"end":{"line":48,"column":5}},{"start":{},"end":{}}]},"2":{"loc":{"start":{"line":69,"column":4},"end":{"line":73,"column":5}},"type":"if","locations":[{"start":{"line":69,"column":4},"end":{"line":73,"column":5}},{"start":{},"end":{}}]},"3":{"loc":{"start":{"line":69,"column":8},"end":{"line":69,"column":58}},"type":"binary-expr","locations":[{"start":{"line":69,"column":8},"end":{"line":69,"column":18}},{"start":{"line":69,"column":22},"end":{"line":69,"column":58}}]},"4":{"loc":{"start":{"line":92,"column":4},"end":{"line":96,"column":5}},"type":"if","locations":[{"start":{"line":92,"column":4},"end":{"line":96,"column":5}},{"start":{},"end":{}}]}},"s":{"0":0,"1":0,"2":0,"3":0,"4":0,"5":0,"6":0,"7":0,"8":0,"9":0,"10":0,"11":0,"12":0,"13":0,"14":0,"15":0,"16":0,"17":0,"18":0,"19":0,"20":0,"21":0,"22":0,"23":0,"24":0,"25":0,"26":0,"27":0,"28":0,"29":0,"30":0,"31":0,"32":0},"f":{"0":0,"1":0,"2":0},"b":{"0":[0,0],"1":[0,0],"2":[0,0],"3":[0,0],"4":[0,0]}}
,"C:\\PROJECT\\GIAODICHGAME\\apps\\api\\src\\wallet\\topup.service.ts": {"path":"C:\\PROJECT\\GIAODICHGAME\\apps\\api\\src\\wallet\\topup.service.ts","statementMap":{"0":{"start":{"line":1,"column":0},"end":{"line":1,"column":92}},"1":{"start":{"line":3,"column":0},"end":{"line":3,"column":38}},"2":{"start":{"line":4,"column":0},"end":{"line":4,"column":36}},"3":{"start":{"line":5,"column":0},"end":{"line":5,"column":45}},"4":{"start":{"line":6,"column":0},"end":{"line":6,"column":54}},"5":{"start":{"line":7,"column":0},"end":{"line":7,"column":49}},"6":{"start":{"line":13,"column":7},"end":{"line":145,"column":null}},"7":{"start":{"line":15,"column":29},"end":{"line":15,"column":35}},"8":{"start":{"line":16,"column":12},"end":{"line":16,"column":27}},"9":{"start":{"line":20,"column":22},"end":{"line":20,"column":41}},"10":{"start":{"line":21,"column":21},"end":{"line":31,"column":18}},"11":{"start":{"line":32,"column":4},"end":{"line":32,"column":72}},"12":{"start":{"line":32,"column":22},"end":{"line":32,"column":72}},"13":{"start":{"line":34,"column":4},"end":{"line":44,"column":6}},"14":{"start":{"line":48,"column":20},"end":{"line":52,"column":15}},"15":{"start":{"line":54,"column":4},"end":{"line":54,"column":71}},"16":{"start":{"line":54,"column":16},"end":{"line":54,"column":71}},"17":{"start":{"line":55,"column":4},"end":{"line":57,"column":5}},"18":{"start":{"line":56,"column":6},"end":{"line":56,"column":74}},"19":{"start":{"line":60,"column":4},"end":{"line":67,"column":7}},"20":{"start":{"line":69,"column":4},"end":{"line":72,"column":53}},"21":{"start":{"line":74,"column":4},"end":{"line":74,"column":63}},"22":{"start":{"line":78,"column":22},"end":{"line":78,"column":68}},"23":{"start":{"line":79,"column":21},"end":{"line":89,"column":18}},"24":{"start":{"line":90,"column":4},"end":{"line":90,"column":72}},"25":{"start":{"line":90,"column":22},"end":{"line":90,"column":72}},"26":{"start":{"line":92,"column":4},"end":{"line":96,"column":6}},"27":{"start":{"line":100,"column":20},"end":{"line":104,"column":15}},"28":{"start":{"line":106,"column":4},"end":{"line":106,"column":66}},"29":{"start":{"line":106,"column":46},"end":{"line":106,"column":66}},"30":{"start":{"line":108,"column":4},"end":{"line":126,"column":5}},"31":{"start":{"line":109,"column":6},"end":{"line":116,"column":9}},"32":{"start":{"line":117,"column":6},"end":{"line":120,"column":54}},"33":{"start":{"line":122,"column":6},"end":{"line":125,"column":54}},"34":{"start":{"line":128,"column":4},"end":{"line":128,"column":24}},"35":{"start":{"line":132,"column":4},"end":{"line":143,"column":47}},"36":{"start":{"line":13,"column":13},"end":{"line":13,"column":25}},"37":{"start":{"line":13,"column":13},"end":{"line":145,"column":null}}},"fnMap":{"0":{"name":"(anonymous_13)","decl":{"start":{"line":14,"column":2},"end":{"line":14,"column":null}},"loc":{"start":{"line":16,"column":40},"end":{"line":17,"column":6}}},"1":{"name":"(anonymous_14)","decl":{"start":{"line":19,"column":2},"end":{"line":19,"column":7}},"loc":{"start":{"line":19,"column":59},"end":{"line":45,"column":3}}},"2":{"name":"(anonymous_15)","decl":{"start":{"line":47,"column":2},"end":{"line":47,"column":7}},"loc":{"start":{"line":47,"column":55},"end":{"line":75,"column":3}}},"3":{"name":"(anonymous_16)","decl":{"start":{"line":77,"column":2},"end":{"line":77,"column":7}},"loc":{"start":{"line":77,"column":61},"end":{"line":97,"column":3}}},"4":{"name":"(anonymous_17)","decl":{"start":{"line":99,"column":2},"end":{"line":99,"column":7}},"loc":{"start":{"line":99,"column":79},"end":{"line":129,"column":3}}},"5":{"name":"(anonymous_18)","decl":{"start":{"line":131,"column":2},"end":{"line":131,"column":7}},"loc":{"start":{"line":131,"column":26},"end":{"line":144,"column":3}}}},"branchMap":{"0":{"loc":{"start":{"line":32,"column":4},"end":{"line":32,"column":72}},"type":"if","locations":[{"start":{"line":32,"column":4},"end":{"line":32,"column":72}},{"start":{},"end":{}}]},"1":{"loc":{"start":{"line":39,"column":18},"end":{"line":39,"column":49}},"type":"binary-expr","locations":[{"start":{"line":39,"column":18},"end":{"line":39,"column":39}},{"start":{"line":39,"column":43},"end":{"line":39,"column":49}}]},"2":{"loc":{"start":{"line":40,"column":23},"end":{"line":40,"column":64}},"type":"binary-expr","locations":[{"start":{"line":40,"column":23},"end":{"line":40,"column":47}},{"start":{"line":40,"column":51},"end":{"line":40,"column":64}}]},"3":{"loc":{"start":{"line":41,"column":23},"end":{"line":41,"column":68}},"type":"binary-expr","locations":[{"start":{"line":41,"column":23},"end":{"line":41,"column":46}},{"start":{"line":41,"column":50},"end":{"line":41,"column":68}}]},"4":{"loc":{"start":{"line":54,"column":4},"end":{"line":54,"column":71}},"type":"if","locations":[{"start":{"line":54,"column":4},"end":{"line":54,"column":71}},{"start":{},"end":{}}]},"5":{"loc":{"start":{"line":55,"column":4},"end":{"line":57,"column":5}},"type":"if","locations":[{"start":{"line":55,"column":4},"end":{"line":57,"column":5}},{"start":{},"end":{}}]},"6":{"loc":{"start":{"line":66,"column":26},"end":{"line":66,"column":48}},"type":"binary-expr","locations":[{"start":{"line":66,"column":26},"end":{"line":66,"column":42}},{"start":{"line":66,"column":46},"end":{"line":66,"column":48}}]},"7":{"loc":{"start":{"line":90,"column":4},"end":{"line":90,"column":72}},"type":"if","locations":[{"start":{"line":90,"column":4},"end":{"line":90,"column":72}},{"start":{},"end":{}}]},"8":{"loc":{"start":{"line":106,"column":4},"end":{"line":106,"column":66}},"type":"if","locations":[{"start":{"line":106,"column":4},"end":{"line":106,"column":66}},{"start":{},"end":{}}]},"9":{"loc":{"start":{"line":106,"column":8},"end":{"line":106,"column":44}},"type":"binary-expr","locations":[{"start":{"line":106,"column":8},"end":{"line":106,"column":14}},{"start":{"line":106,"column":18},"end":{"line":106,"column":44}}]},"10":{"loc":{"start":{"line":108,"column":4},"end":{"line":126,"column":5}},"type":"if","locations":[{"start":{"line":108,"column":4},"end":{"line":126,"column":5}},{"start":{"line":121,"column":11},"end":{"line":126,"column":5}}]},"11":{"loc":{"start":{"line":115,"column":36},"end":{"line":115,"column":58}},"type":"binary-expr","locations":[{"start":{"line":115,"column":36},"end":{"line":115,"column":52}},{"start":{"line":115,"column":56},"end":{"line":115,"column":58}}]}},"s":{"0":0,"1":0,"2":0,"3":0,"4":0,"5":0,"6":0,"7":0,"8":0,"9":0,"10":0,"11":0,"12":0,"13":0,"14":0,"15":0,"16":0,"17":0,"18":0,"19":0,"20":0,"21":0,"22":0,"23":0,"24":0,"25":0,"26":0,"27":0,"28":0,"29":0,"30":0,"31":0,"32":0,"33":0,"34":0,"35":0,"36":0,"37":0},"f":{"0":0,"1":0,"2":0,"3":0,"4":0,"5":0},"b":{"0":[0,0],"1":[0,0],"2":[0,0],"3":[0,0],"4":[0,0],"5":[0,0],"6":[0,0],"7":[0,0],"8":[0,0],"9":[0,0],"10":[0,0],"11":[0,0]}}
,"C:\\PROJECT\\GIAODICHGAME\\apps\\api\\src\\wallet\\wallet.controller.ts": {"path":"C:\\PROJECT\\GIAODICHGAME\\apps\\api\\src\\wallet\\wallet.controller.ts","statementMap":{"0":{"start":{"line":1,"column":0},"end":{"line":1,"column":null}},"1":{"start":{"line":10,"column":0},"end":{"line":10,"column":63}},"2":{"start":{"line":11,"column":0},"end":{"line":11,"column":70}},"3":{"start":{"line":12,"column":0},"end":{"line":12,"column":87}},"4":{"start":{"line":13,"column":0},"end":{"line":13,"column":49}},"5":{"start":{"line":14,"column":0},"end":{"line":14,"column":47}},"6":{"start":{"line":15,"column":0},"end":{"line":15,"column":53}},"7":{"start":{"line":16,"column":0},"end":{"line":16,"column":55}},"8":{"start":{"line":17,"column":0},"end":{"line":17,"column":null}},"9":{"start":{"line":27,"column":7},"end":{"line":83,"column":null}},"10":{"start":{"line":29,"column":12},"end":{"line":29,"column":27}},"11":{"start":{"line":30,"column":12},"end":{"line":30,"column":26}},"12":{"start":{"line":31,"column":12},"end":{"line":31,"column":29}},"13":{"start":{"line":32,"column":12},"end":{"line":32,"column":30}},"14":{"start":{"line":37,"column":22},"end":{"line":37,"column":70}},"15":{"start":{"line":38,"column":22},"end":{"line":38,"column":79}},"16":{"start":{"line":39,"column":4},"end":{"line":39,"column":36}},"17":{"start":{"line":45,"column":4},"end":{"line":45,"column":65}},"18":{"start":{"line":51,"column":4},"end":{"line":51,"column":64}},"19":{"start":{"line":57,"column":4},"end":{"line":57,"column":49}},"20":{"start":{"line":63,"column":4},"end":{"line":63,"column":72}},"21":{"start":{"line":68,"column":20},"end":{"line":68,"column":77}},"22":{"start":{"line":69,"column":4},"end":{"line":69,"column":23}},"23":{"start":{"line":75,"column":4},"end":{"line":75,"column":59}},"24":{"start":{"line":81,"column":4},"end":{"line":81,"column":60}},"25":{"start":{"line":27,"column":13},"end":{"line":27,"column":29}},"26":{"start":{"line":36,"column":8},"end":{"line":40,"column":null}},"27":{"start":{"line":44,"column":2},"end":{"line":46,"column":null}},"28":{"start":{"line":50,"column":2},"end":{"line":52,"column":null}},"29":{"start":{"line":56,"column":2},"end":{"line":58,"column":null}},"30":{"start":{"line":62,"column":2},"end":{"line":64,"column":null}},"31":{"start":{"line":67,"column":8},"end":{"line":70,"column":null}},"32":{"start":{"line":74,"column":2},"end":{"line":76,"column":null}},"33":{"start":{"line":80,"column":2},"end":{"line":82,"column":null}},"34":{"start":{"line":27,"column":13},"end":{"line":83,"column":null}}},"fnMap":{"0":{"name":"(anonymous_4)","decl":{"start":{"line":28,"column":2},"end":{"line":28,"column":null}},"loc":{"start":{"line":32,"column":46},"end":{"line":33,"column":6}}},"1":{"name":"(anonymous_5)","decl":{"start":{"line":36,"column":8},"end":{"line":36,"column":18}},"loc":{"start":{"line":36,"column":51},"end":{"line":40,"column":3}}},"2":{"name":"(anonymous_6)","decl":{"start":{"line":44,"column":2},"end":{"line":44,"column":17}},"loc":{"start":{"line":44,"column":77},"end":{"line":46,"column":3}}},"3":{"name":"(anonymous_7)","decl":{"start":{"line":50,"column":2},"end":{"line":50,"column":18}},"loc":{"start":{"line":50,"column":81},"end":{"line":52,"column":3}}},"4":{"name":"(anonymous_8)","decl":{"start":{"line":56,"column":2},"end":{"line":56,"column":15}},"loc":{"start":{"line":56,"column":81},"end":{"line":58,"column":3}}},"5":{"name":"(anonymous_9)","decl":{"start":{"line":62,"column":2},"end":{"line":62,"column":10}},"loc":{"start":{"line":62,"column":69},"end":{"line":64,"column":3}}},"6":{"name":"(anonymous_10)","decl":{"start":{"line":67,"column":8},"end":{"line":67,"column":27}},"loc":{"start":{"line":67,"column":60},"end":{"line":70,"column":3}}},"7":{"name":"(anonymous_11)","decl":{"start":{"line":74,"column":2},"end":{"line":74,"column":18}},"loc":{"start":{"line":74,"column":85},"end":{"line":76,"column":3}}},"8":{"name":"(anonymous_12)","decl":{"start":{"line":80,"column":2},"end":{"line":80,"column":19}},"loc":{"start":{"line":80,"column":87},"end":{"line":82,"column":3}}}},"branchMap":{},"s":{"0":0,"1":0,"2":0,"3":0,"4":0,"5":0,"6":0,"7":0,"8":0,"9":0,"10":0,"11":0,"12":0,"13":0,"14":0,"15":0,"16":0,"17":0,"18":0,"19":0,"20":0,"21":0,"22":0,"23":0,"24":0,"25":0,"26":0,"27":0,"28":0,"29":0,"30":0,"31":0,"32":0,"33":0,"34":0},"f":{"0":0,"1":0,"2":0,"3":0,"4":0,"5":0,"6":0,"7":0,"8":0},"b":{}}
,"C:\\PROJECT\\GIAODICHGAME\\apps\\api\\src\\wallet\\wallet.module.ts": {"path":"C:\\PROJECT\\GIAODICHGAME\\apps\\api\\src\\wallet\\wallet.module.ts","statementMap":{"0":{"start":{"line":1,"column":0},"end":{"line":1,"column":40}},"1":{"start":{"line":2,"column":0},"end":{"line":2,"column":49}},"2":{"start":{"line":3,"column":0},"end":{"line":3,"column":47}},"3":{"start":{"line":4,"column":0},"end":{"line":4,"column":53}},"4":{"start":{"line":5,"column":0},"end":{"line":5,"column":55}},"5":{"start":{"line":6,"column":0},"end":{"line":6,"column":55}},"6":{"start":{"line":7,"column":0},"end":{"line":7,"column":66}},"7":{"start":{"line":14,"column":7},"end":{"line":14,"column":null}},"8":{"start":{"line":14,"column":13},"end":{"line":14,"column":25}},"9":{"start":{"line":14,"column":13},"end":{"line":14,"column":null}}},"fnMap":{},"branchMap":{},"s":{"0":0,"1":0,"2":0,"3":0,"4":0,"5":0,"6":0,"7":0,"8":0,"9":0},"f":{},"b":{}}
,"C:\\PROJECT\\GIAODICHGAME\\apps\\api\\src\\wallet\\wallet.service.ts": {"path":"C:\\PROJECT\\GIAODICHGAME\\apps\\api\\src\\wallet\\wallet.service.ts","statementMap":{"0":{"start":{"line":1,"column":0},"end":{"line":1,"column":73}},"1":{"start":{"line":3,"column":0},"end":{"line":3,"column":43}},"2":{"start":{"line":4,"column":0},"end":{"line":4,"column":45}},"3":{"start":{"line":5,"column":0},"end":{"line":5,"column":54}},"4":{"start":{"line":10,"column":7},"end":{"line":99,"column":null}},"5":{"start":{"line":11,"column":39},"end":{"line":11,"column":45}},"6":{"start":{"line":14,"column":19},"end":{"line":21,"column":null}},"7":{"start":{"line":23,"column":4},"end":{"line":23,"column":49}},"8":{"start":{"line":27,"column":19},"end":{"line":35,"column":null}},"9":{"start":{"line":37,"column":4},"end":{"line":37,"column":49}},"10":{"start":{"line":55,"column":17},"end":{"line":63,"column":18}},"11":{"start":{"line":64,"column":4},"end":{"line":64,"column":14}},"12":{"start":{"line":83,"column":20},"end":{"line":83,"column":56}},"13":{"start":{"line":84,"column":4},"end":{"line":86,"column":5}},"14":{"start":{"line":85,"column":6},"end":{"line":85,"column":60}},"15":{"start":{"line":88,"column":17},"end":{"line":96,"column":18}},"16":{"start":{"line":97,"column":4},"end":{"line":97,"column":14}},"17":{"start":{"line":10,"column":13},"end":{"line":10,"column":26}},"18":{"start":{"line":10,"column":13},"end":{"line":99,"column":null}}},"fnMap":{"0":{"name":"(anonymous_13)","decl":{"start":{"line":11,"column":2},"end":{"line":11,"column":15}},"loc":{"start":{"line":11,"column":45},"end":{"line":11,"column":49}}},"1":{"name":"(anonymous_14)","decl":{"start":{"line":13,"column":2},"end":{"line":13,"column":7}},"loc":{"start":{"line":13,"column":33},"end":{"line":24,"column":3}}},"2":{"name":"(anonymous_15)","decl":{"start":{"line":26,"column":2},"end":{"line":26,"column":7}},"loc":{"start":{"line":26,"column":42},"end":{"line":38,"column":3}}},"3":{"name":"(anonymous_16)","decl":{"start":{"line":44,"column":2},"end":{"line":44,"column":7}},"loc":{"start":{"line":53,"column":5},"end":{"line":65,"column":3}}},"4":{"name":"(anonymous_17)","decl":{"start":{"line":71,"column":2},"end":{"line":71,"column":7}},"loc":{"start":{"line":80,"column":5},"end":{"line":98,"column":3}}}},"branchMap":{"0":{"loc":{"start":{"line":23,"column":22},"end":{"line":23,"column":47}},"type":"binary-expr","locations":[{"start":{"line":23,"column":22},"end":{"line":23,"column":40}},{"start":{"line":23,"column":44},"end":{"line":23,"column":47}}]},"1":{"loc":{"start":{"line":37,"column":22},"end":{"line":37,"column":47}},"type":"binary-expr","locations":[{"start":{"line":37,"column":22},"end":{"line":37,"column":40}},{"start":{"line":37,"column":44},"end":{"line":37,"column":47}}]},"2":{"loc":{"start":{"line":84,"column":4},"end":{"line":86,"column":5}},"type":"if","locations":[{"start":{"line":84,"column":4},"end":{"line":86,"column":5}},{"start":{},"end":{}}]}},"s":{"0":1,"1":1,"2":1,"3":1,"4":1,"5":7,"6":7,"7":7,"8":1,"9":1,"10":1,"11":1,"12":5,"13":5,"14":2,"15":3,"16":3,"17":1,"18":1},"f":{"0":7,"1":7,"2":1,"3":1,"4":5},"b":{"0":[7,0],"1":[1,0],"2":[2,3]}}
,"C:\\PROJECT\\GIAODICHGAME\\apps\\api\\src\\wallet\\withdraw.service.ts": {"path":"C:\\PROJECT\\GIAODICHGAME\\apps\\api\\src\\wallet\\withdraw.service.ts","statementMap":{"0":{"start":{"line":1,"column":0},"end":{"line":1,"column":73}},"1":{"start":{"line":3,"column":0},"end":{"line":3,"column":33}},"2":{"start":{"line":4,"column":0},"end":{"line":4,"column":45}},"3":{"start":{"line":5,"column":0},"end":{"line":5,"column":54}},"4":{"start":{"line":6,"column":0},"end":{"line":6,"column":49}},"5":{"start":{"line":12,"column":7},"end":{"line":77,"column":null}},"6":{"start":{"line":14,"column":29},"end":{"line":14,"column":35}},"7":{"start":{"line":15,"column":12},"end":{"line":15,"column":27}},"8":{"start":{"line":19,"column":20},"end":{"line":19,"column":63}},"9":{"start":{"line":20,"column":4},"end":{"line":22,"column":5}},"10":{"start":{"line":21,"column":6},"end":{"line":21,"column":83}},"11":{"start":{"line":25,"column":15},"end":{"line":30,"column":6}},"12":{"start":{"line":33,"column":20},"end":{"line":43,"column":18}},"13":{"start":{"line":45,"column":4},"end":{"line":45,"column":74}},"14":{"start":{"line":45,"column":21},"end":{"line":45,"column":74}},"15":{"start":{"line":46,"column":20},"end":{"line":46,"column":30}},"16":{"start":{"line":49,"column":28},"end":{"line":49,"column":32}},"17":{"start":{"line":50,"column":4},"end":{"line":69,"column":5}},"18":{"start":{"line":51,"column":6},"end":{"line":54,"column":59}},"19":{"start":{"line":57,"column":6},"end":{"line":64,"column":9}},"20":{"start":{"line":65,"column":6},"end":{"line":68,"column":59}},"21":{"start":{"line":71,"column":4},"end":{"line":75,"column":6}},"22":{"start":{"line":12,"column":13},"end":{"line":12,"column":28}},"23":{"start":{"line":12,"column":13},"end":{"line":77,"column":null}}},"fnMap":{"0":{"name":"(anonymous_13)","decl":{"start":{"line":13,"column":2},"end":{"line":13,"column":null}},"loc":{"start":{"line":15,"column":40},"end":{"line":16,"column":6}}},"1":{"name":"(anonymous_14)","decl":{"start":{"line":18,"column":2},"end":{"line":18,"column":7}},"loc":{"start":{"line":18,"column":62},"end":{"line":76,"column":3}}}},"branchMap":{"0":{"loc":{"start":{"line":20,"column":4},"end":{"line":22,"column":5}},"type":"if","locations":[{"start":{"line":20,"column":4},"end":{"line":22,"column":5}},{"start":{},"end":{}}]},"1":{"loc":{"start":{"line":45,"column":4},"end":{"line":45,"column":74}},"type":"if","locations":[{"start":{"line":45,"column":4},"end":{"line":45,"column":74}},{"start":{},"end":{}}]},"2":{"loc":{"start":{"line":50,"column":4},"end":{"line":69,"column":5}},"type":"if","locations":[{"start":{"line":50,"column":4},"end":{"line":69,"column":5}},{"start":{"line":55,"column":11},"end":{"line":69,"column":5}}]},"3":{"loc":{"start":{"line":74,"column":14},"end":{"line":74,"column":52}},"type":"cond-expr","locations":[{"start":{"line":74,"column":32},"end":{"line":74,"column":41}},{"start":{"line":74,"column":44},"end":{"line":74,"column":52}}]}},"s":{"0":0,"1":0,"2":0,"3":0,"4":0,"5":0,"6":0,"7":0,"8":0,"9":0,"10":0,"11":0,"12":0,"13":0,"14":0,"15":0,"16":0,"17":0,"18":0,"19":0,"20":0,"21":0,"22":0,"23":0},"f":{"0":0,"1":0},"b":{"0":[0,0],"1":[0,0],"2":[0,0],"3":[0,0]}}
,"C:\\PROJECT\\GIAODICHGAME\\apps\\api\\src\\wallet\\dto\\wallet.dto.ts": {"path":"C:\\PROJECT\\GIAODICHGAME\\apps\\api\\src\\wallet\\dto\\wallet.dto.ts","statementMap":{"0":{"start":{"line":1,"column":0},"end":{"line":1,"column":76}},"1":{"start":{"line":3,"column":0},"end":{"line":3,"column":13}},"2":{"start":{"line":6,"column":2},"end":{"line":6,"column":null}},"3":{"start":{"line":9,"column":0},"end":{"line":9,"column":13}},"4":{"start":{"line":12,"column":2},"end":{"line":12,"column":null}},"5":{"start":{"line":15,"column":2},"end":{"line":15,"column":null}},"6":{"start":{"line":18,"column":0},"end":{"line":18,"column":13}},"7":{"start":{"line":21,"column":2},"end":{"line":21,"column":null}},"8":{"start":{"line":25,"column":2},"end":{"line":25,"column":null}},"9":{"start":{"line":29,"column":2},"end":{"line":29,"column":null}},"10":{"start":{"line":33,"column":2},"end":{"line":33,"column":null}},"11":{"start":{"line":36,"column":0},"end":{"line":36,"column":13}},"12":{"start":{"line":39,"column":2},"end":{"line":39,"column":null}},"13":{"start":{"line":42,"column":0},"end":{"line":42,"column":13}},"14":{"start":{"line":45,"column":2},"end":{"line":45,"column":null}}},"fnMap":{},"branchMap":{},"s":{"0":0,"1":0,"2":0,"3":0,"4":0,"5":0,"6":0,"7":0,"8":0,"9":0,"10":0,"11":0,"12":0,"13":0,"14":0},"f":{},"b":{}}
}
