TN:
SF:src\app.module.ts
FNF:0
FNH:0
DA:1,0
DA:2,0
DA:3,0
DA:4,0
DA:5,0
DA:6,0
DA:7,0
DA:8,0
DA:9,0
DA:10,0
DA:11,0
DA:12,0
DA:13,0
DA:14,0
DA:15,0
DA:16,0
DA:17,0
DA:18,0
DA:19,0
DA:51,0
LF:20
LH:0
BRF:0
BRH:0
end_of_record
TN:
SF:src\main.ts
FN:5,bootstrap
FNF:1
FNH:0
FNDA:0,bootstrap
DA:1,0
DA:2,0
DA:3,0
DA:6,0
DA:9,0
DA:18,0
DA:24,0
DA:26,0
DA:27,0
DA:28,0
DA:31,0
LF:11
LH:0
BRDA:19,0,0,0
BRDA:19,0,1,0
BRDA:26,1,0,0
BRDA:26,1,1,0
BRF:4
BRH:0
end_of_record
TN:
SF:src\admin\admin.controller.ts
FN:20,(anonymous_4)
FN:26,(anonymous_5)
FN:34,(anonymous_6)
FN:50,(anonymous_7)
FN:56,(anonymous_8)
FN:62,(anonymous_9)
FNF:6
FNH:0
FNDA:0,(anonymous_4)
FNDA:0,(anonymous_5)
FNDA:0,(anonymous_6)
FNDA:0,(anonymous_7)
FNDA:0,(anonymous_8)
FNDA:0,(anonymous_9)
DA:1,0
DA:11,0
DA:12,0
DA:13,0
DA:14,0
DA:15,0
DA:19,0
DA:20,0
DA:26,0
DA:27,0
DA:34,0
DA:40,0
DA:50,0
DA:51,0
DA:56,0
DA:57,0
DA:62,0
DA:63,0
LF:18
LH:0
BRDA:41,0,0,0
BRDA:41,0,1,0
BRDA:42,1,0,0
BRDA:42,1,1,0
BRDA:44,2,0,0
BRDA:44,2,1,0
BRDA:44,3,0,0
BRDA:44,3,1,0
BRDA:20,4,0,0
BRDA:20,4,1,0
BRDA:20,5,0,0
BRDA:20,5,1,0
BRF:12
BRH:0
end_of_record
TN:
SF:src\admin\admin.module.ts
FNF:0
FNH:0
DA:1,0
DA:2,0
DA:3,0
DA:4,0
DA:5,0
DA:13,0
LF:6
LH:0
BRF:0
BRH:0
end_of_record
TN:
SF:src\admin\admin.service.ts
FN:27,(anonymous_13)
FN:31,(anonymous_14)
FN:77,(anonymous_15)
FN:130,(anonymous_16)
FN:170,(anonymous_17)
FN:185,(anonymous_18)
FN:202,(anonymous_19)
FN:211,(anonymous_20)
FN:228,(anonymous_21)
FN:240,(anonymous_22)
FN:247,(anonymous_23)
FN:255,(anonymous_24)
FNF:12
FNH:0
FNDA:0,(anonymous_13)
FNDA:0,(anonymous_14)
FNDA:0,(anonymous_15)
FNDA:0,(anonymous_16)
FNDA:0,(anonymous_17)
FNDA:0,(anonymous_18)
FNDA:0,(anonymous_19)
FNDA:0,(anonymous_20)
FNDA:0,(anonymous_21)
FNDA:0,(anonymous_22)
FNDA:0,(anonymous_23)
FNDA:0,(anonymous_24)
DA:1,0
DA:3,0
DA:4,0
DA:5,0
DA:26,0
DA:27,0
DA:32,0
DA:36,0
DA:40,0
DA:44,0
DA:56,0
DA:60,0
DA:65,0
DA:78,0
DA:79,0
DA:80,0
DA:82,0
DA:84,0
DA:85,0
DA:90,0
DA:91,0
DA:94,0
DA:98,0
DA:119,0
DA:131,0
DA:135,0
DA:136,0
DA:140,0
DA:150,0
DA:155,0
DA:160,0
DA:171,0
DA:174,0
DA:175,0
DA:178,0
DA:182,0
DA:186,0
DA:189,0
DA:190,0
DA:193,0
DA:197,0
DA:203,0
DA:212,0
DA:215,0
DA:216,0
DA:219,0
DA:225,0
DA:229,0
DA:241,0
DA:248,0
DA:251,0
DA:252,0
DA:255,0
DA:257,0
DA:265,0
DA:274,0
LF:56
LH:0
BRDA:66,0,0,0
BRDA:66,0,1,0
BRDA:67,1,0,0
BRDA:67,1,1,0
BRDA:68,2,0,0
BRDA:68,2,1,0
BRDA:69,3,0,0
BRDA:69,3,1,0
BRDA:70,4,0,0
BRDA:70,4,1,0
BRDA:71,5,0,0
BRDA:71,5,1,0
BRDA:78,6,0,0
BRDA:78,6,1,0
BRDA:79,7,0,0
BRDA:79,7,1,0
BRDA:84,8,0,0
BRDA:84,8,1,0
BRDA:90,9,0,0
BRDA:90,9,1,0
BRDA:94,10,0,0
BRDA:94,10,1,0
BRDA:124,11,0,0
BRDA:124,11,1,0
BRDA:125,12,0,0
BRDA:125,12,1,0
BRDA:135,13,0,0
BRDA:135,13,1,0
BRDA:164,14,0,0
BRDA:164,14,1,0
BRDA:165,15,0,0
BRDA:165,15,1,0
BRDA:174,16,0,0
BRDA:174,16,1,0
BRDA:189,17,0,0
BRDA:189,17,1,0
BRDA:215,18,0,0
BRDA:215,18,1,0
BRDA:251,19,0,0
BRDA:251,19,1,0
BRDA:27,20,0,0
BRDA:27,20,1,0
BRDA:27,21,0,0
BRDA:27,21,1,0
BRF:44
BRH:0
end_of_record
TN:
SF:src\auth\auth.controller.ts
FN:25,(anonymous_4)
FN:30,(anonymous_5)
FN:39,(anonymous_6)
FN:47,(anonymous_7)
FN:57,(anonymous_8)
FN:62,(anonymous_9)
FNF:6
FNH:0
FNDA:0,(anonymous_4)
FNDA:0,(anonymous_5)
FNDA:0,(anonymous_6)
FNDA:0,(anonymous_7)
FNDA:0,(anonymous_8)
FNDA:0,(anonymous_9)
DA:1,0
DA:10,0
DA:11,0
DA:12,0
DA:13,0
DA:14,0
DA:15,0
DA:16,0
DA:24,0
DA:25,0
DA:30,0
DA:31,0
DA:39,0
DA:40,0
DA:47,0
DA:48,0
DA:57,0
DA:58,0
DA:62,0
DA:63,0
LF:20
LH:0
BRDA:30,0,0,0
BRDA:30,0,1,0
BRDA:30,1,0,0
BRDA:30,1,1,0
BRDA:39,2,0,0
BRDA:39,2,1,0
BRDA:39,3,0,0
BRDA:39,3,1,0
BRDA:57,4,0,0
BRDA:57,4,1,0
BRDA:57,5,0,0
BRDA:57,5,1,0
BRDA:62,6,0,0
BRDA:62,6,1,0
BRDA:62,7,0,0
BRDA:62,7,1,0
BRDA:25,8,0,0
BRDA:25,8,1,0
BRDA:25,9,0,0
BRDA:25,9,1,0
BRF:20
BRH:0
end_of_record
TN:
SF:src\auth\auth.module.ts
FNF:0
FNH:0
DA:1,0
DA:2,0
DA:3,0
DA:4,0
DA:5,0
DA:6,0
DA:7,0
DA:8,0
DA:9,0
DA:20,0
LF:10
LH:0
BRF:0
BRH:0
end_of_record
TN:
SF:src\auth\auth.service.ts
FN:22,(anonymous_13)
FN:29,(anonymous_14)
FN:37,(anonymous_15)
FN:53,(anonymous_16)
FN:59,(anonymous_17)
FN:93,(anonymous_18)
FN:107,(anonymous_19)
FN:113,(anonymous_20)
FN:128,(anonymous_21)
FNF:9
FNH:0
FNDA:0,(anonymous_13)
FNDA:0,(anonymous_14)
FNDA:0,(anonymous_15)
FNDA:0,(anonymous_16)
FNDA:0,(anonymous_17)
FNDA:0,(anonymous_18)
FNDA:0,(anonymous_19)
FNDA:0,(anonymous_20)
FNDA:0,(anonymous_21)
DA:1,0
DA:7,0
DA:8,0
DA:9,0
DA:11,0
DA:12,0
DA:13,0
DA:14,0
DA:21,0
DA:23,0
DA:24,0
DA:25,0
DA:26,0
DA:30,0
DA:31,0
DA:32,0
DA:33,0
DA:34,0
DA:38,0
DA:39,0
DA:44,0
DA:45,0
DA:54,0
DA:55,0
DA:56,0
DA:61,0
DA:71,0
DA:72,0
DA:73,0
DA:74,0
DA:75,0
DA:76,0
DA:78,0
DA:82,0
DA:86,0
DA:88,0
DA:89,0
DA:90,0
DA:95,0
DA:104,0
DA:108,0
DA:109,0
DA:110,0
DA:114,0
DA:115,0
DA:125,0
DA:129,0
DA:130,0
DA:131,0
DA:133,0
LF:50
LH:0
BRDA:31,0,0,0
BRDA:31,0,1,0
BRDA:33,1,0,0
BRDA:33,1,1,0
BRDA:73,2,0,0
BRDA:73,2,1,0
BRDA:75,3,0,0
BRDA:75,3,1,0
BRDA:86,4,0,0
BRDA:86,4,1,0
BRDA:118,5,0,0
BRDA:118,5,1,0
BRDA:122,6,0,0
BRDA:122,6,1,0
BRDA:23,7,0,0
BRDA:23,7,1,0
BRDA:23,8,0,0
BRDA:23,8,1,0
BRDA:23,9,0,0
BRDA:23,9,1,0
BRDA:23,10,0,0
BRDA:23,10,1,0
BRDA:24,11,0,0
BRDA:24,11,1,0
BRDA:24,12,0,0
BRDA:24,12,1,0
BRDA:25,13,0,0
BRDA:25,13,1,0
BRDA:25,14,0,0
BRDA:25,14,1,0
BRF:30
BRH:0
end_of_record
TN:
SF:src\auth\dto\login.dto.ts
FNF:0
FNH:0
DA:1,0
DA:3,0
DA:5,0
DA:8,0
LF:4
LH:0
BRF:0
BRH:0
end_of_record
TN:
SF:src\auth\dto\register.dto.ts
FNF:0
FNH:0
DA:1,0
DA:3,0
DA:5,0
DA:10,0
DA:15,0
LF:5
LH:0
BRF:0
BRH:0
end_of_record
TN:
SF:src\auth\strategies\jwt.strategy.ts
FN:10,(anonymous_2)
FN:18,(anonymous_3)
FNF:2
FNH:0
FNDA:0,(anonymous_2)
FNDA:0,(anonymous_3)
DA:1,0
DA:2,0
DA:3,0
DA:4,0
DA:9,0
DA:11,0
DA:19,0
LF:7
LH:0
BRDA:10,0,0,0
BRDA:10,0,1,0
BRDA:10,1,0,0
BRDA:10,1,1,0
BRF:4
BRH:0
end_of_record
TN:
SF:src\auth\strategies\local.strategy.ts
FN:8,(anonymous_2)
FN:12,(anonymous_3)
FNF:2
FNH:0
FNDA:0,(anonymous_2)
FNDA:0,(anonymous_3)
DA:1,0
DA:2,0
DA:3,0
DA:4,0
DA:7,0
DA:8,0
DA:9,0
DA:13,0
DA:14,0
DA:15,0
LF:10
LH:0
BRDA:14,0,0,0
BRDA:14,0,1,0
BRDA:8,1,0,0
BRDA:8,1,1,0
BRDA:8,2,0,0
BRDA:8,2,1,0
BRF:6
BRH:0
end_of_record
TN:
SF:src\auth\strategies\refresh-token.strategy.ts
FN:16,(anonymous_2)
FN:25,(anonymous_3)
FNF:2
FNH:0
FNDA:0,(anonymous_2)
FNDA:0,(anonymous_3)
DA:1,0
DA:2,0
DA:3,0
DA:4,0
DA:15,0
DA:17,0
DA:26,0
DA:27,0
DA:28,0
DA:29,0
LF:10
LH:0
BRDA:27,0,0,0
BRDA:27,0,1,0
BRDA:16,1,0,0
BRDA:16,1,1,0
BRDA:16,2,0,0
BRDA:16,2,1,0
BRF:6
BRH:0
end_of_record
TN:
SF:src\common\encryption.service.ts
FN:12,(anonymous_1)
FN:30,(anonymous_2)
FNF:2
FNH:0
FNDA:0,(anonymous_1)
FNDA:0,(anonymous_2)
DA:1,0
DA:2,0
DA:5,0
DA:6,0
DA:13,0
DA:14,0
DA:16,0
DA:17,0
DA:19,0
DA:20,0
DA:23,0
DA:31,0
DA:32,0
DA:33,0
DA:36,0
DA:37,0
DA:38,0
DA:40,0
DA:42,0
DA:43,0
DA:45,0
LF:21
LH:0
BRDA:32,0,0,0
BRDA:32,0,1,0
BRF:2
BRH:0
end_of_record
TN:
SF:src\common\upload.constants.ts
FNF:0
FNH:0
DA:1,0
DA:3,0
LF:2
LH:0
BRF:0
BRH:0
end_of_record
TN:
SF:src\common\upload.controller.ts
FN:16,(anonymous_4)
FN:56,(anonymous_5)
FN:61,(anonymous_6)
FN:27,(anonymous_7)
FN:35,(anonymous_8)
FNF:5
FNH:0
FNDA:0,(anonymous_4)
FNDA:0,(anonymous_5)
FNDA:0,(anonymous_6)
FNDA:0,(anonymous_7)
FNDA:0,(anonymous_8)
DA:1,0
DA:8,0
DA:9,0
DA:10,0
DA:11,0
DA:12,0
DA:15,0
DA:17,0
DA:18,0
DA:29,0
DA:30,0
DA:31,0
DA:32,0
DA:36,0
DA:42,0
DA:43,0
DA:45,0
DA:56,0
DA:57,0
DA:58,0
DA:61,0
DA:62,0
LF:22
LH:0
BRDA:17,0,0,0
BRDA:17,0,1,0
BRDA:57,1,0,0
BRDA:57,1,1,0
BRDA:57,2,0,0
BRDA:57,2,1,0
BRDA:42,3,0,0
BRDA:42,3,1,0
BRF:8
BRH:0
end_of_record
TN:
SF:src\common\upload.module.ts
FNF:0
FNH:0
DA:1,0
DA:2,0
DA:3,0
DA:4,0
DA:16,0
LF:5
LH:0
BRF:0
BRH:0
end_of_record
TN:
SF:src\common\decorators\current-user.decorator.ts
FN:9,(anonymous_0)
FNF:1
FNH:0
FNDA:0,(anonymous_0)
DA:1,0
DA:8,0
DA:10,0
DA:11,0
LF:4
LH:0
BRF:0
BRH:0
end_of_record
TN:
SF:src\common\decorators\public.decorator.ts
FN:4,(anonymous_0)
FNF:1
FNH:0
FNDA:0,(anonymous_0)
DA:1,0
DA:3,0
DA:4,0
LF:3
LH:0
BRF:0
BRH:0
end_of_record
TN:
SF:src\common\decorators\require-permissions.decorator.ts
FN:4,(anonymous_0)
FNF:1
FNH:0
FNDA:0,(anonymous_0)
DA:1,0
DA:3,0
DA:4,0
DA:5,0
LF:4
LH:0
BRF:0
BRH:0
end_of_record
TN:
SF:src\common\guards\jwt-auth.guard.ts
FN:8,(anonymous_2)
FN:12,(anonymous_3)
FNF:2
FNH:0
FNDA:0,(anonymous_2)
FNDA:0,(anonymous_3)
DA:1,0
DA:2,0
DA:3,0
DA:4,0
DA:7,0
DA:8,0
DA:9,0
DA:13,0
DA:17,0
DA:18,0
LF:10
LH:0
BRDA:17,0,0,0
BRDA:17,0,1,0
BRDA:8,1,0,0
BRDA:8,1,1,0
BRDA:8,2,0,0
BRDA:8,2,1,0
BRF:6
BRH:0
end_of_record
TN:
SF:src\common\guards\permissions.guard.ts
FN:20,(anonymous_13)
FN:25,(anonymous_14)
FN:62,(anonymous_15)
FN:73,(anonymous_16)
FN:75,(anonymous_17)
FNF:5
FNH:0
FNDA:0,(anonymous_13)
FNDA:0,(anonymous_14)
FNDA:0,(anonymous_15)
FNDA:0,(anonymous_16)
FNDA:0,(anonymous_17)
DA:1,0
DA:8,0
DA:9,0
DA:10,0
DA:12,0
DA:13,0
DA:19,0
DA:21,0
DA:22,0
DA:26,0
DA:32,0
DA:34,0
DA:35,0
DA:36,0
DA:39,0
DA:52,0
DA:55,0
DA:60,0
DA:62,0
DA:64,0
DA:73,0
DA:75,0
DA:76,0
DA:78,0
LF:24
LH:0
BRDA:32,0,0,0
BRDA:32,0,1,0
BRDA:32,1,0,0
BRDA:32,1,1,0
BRDA:36,2,0,0
BRDA:36,2,1,0
BRDA:52,3,0,0
BRDA:52,3,1,0
BRDA:60,4,0,0
BRDA:60,4,1,0
BRDA:76,5,0,0
BRDA:76,5,1,0
BRDA:21,6,0,0
BRDA:21,6,1,0
BRDA:21,7,0,0
BRDA:21,7,1,0
BRDA:21,8,0,0
BRDA:21,8,1,0
BRDA:21,9,0,0
BRDA:21,9,1,0
BRF:20
BRH:0
end_of_record
TN:
SF:src\database\database.decorators.ts
FN:11,(anonymous_0)
FN:8,(anonymous_1)
FNF:2
FNH:0
FNDA:0,(anonymous_0)
FNDA:0,(anonymous_1)
DA:1,0
DA:2,0
DA:8,0
DA:11,0
LF:4
LH:0
BRF:0
BRH:0
end_of_record
TN:
SF:src\database\database.module.ts
FN:15,(anonymous_11)
FNF:1
FNH:0
FNDA:0,(anonymous_11)
DA:1,2
DA:2,2
DA:3,2
DA:4,2
DA:5,2
DA:7,2
DA:16,0
DA:24,0
DA:30,2
LF:9
LH:7
BRF:0
BRH:0
end_of_record
TN:
SF:src\database\schema.ts
FN:56,(anonymous_0)
FN:59,(anonymous_1)
FN:61,(anonymous_2)
FN:71,(anonymous_3)
FN:74,(anonymous_4)
FN:75,(anonymous_5)
FN:78,(anonymous_6)
FN:91,(anonymous_7)
FN:123,(anonymous_8)
FN:132,(anonymous_9)
FN:146,(anonymous_10)
FN:152,(anonymous_11)
FN:160,(anonymous_12)
FN:181,(anonymous_13)
FN:191,(anonymous_14)
FN:194,(anonymous_15)
FN:206,(anonymous_16)
FN:216,(anonymous_17)
FN:230,(anonymous_18)
FN:233,(anonymous_19)
FN:236,(anonymous_20)
FN:251,(anonymous_21)
FN:267,(anonymous_22)
FN:270,(anonymous_23)
FN:273,(anonymous_24)
FN:274,(anonymous_25)
FN:283,(anonymous_26)
FN:292,(anonymous_27)
FN:295,(anonymous_28)
FN:308,(anonymous_29)
FN:316,(anonymous_30)
FN:319,(anonymous_31)
FN:345,(anonymous_32)
FN:348,(anonymous_33)
FN:360,(anonymous_34)
FN:367,(anonymous_35)
FN:376,(anonymous_36)
FN:383,(anonymous_37)
FN:386,(anonymous_38)
FN:399,(anonymous_39)
FN:409,(anonymous_40)
FN:414,(anonymous_41)
FN:418,(anonymous_42)
FN:423,(anonymous_43)
FN:431,(anonymous_44)
FN:435,(anonymous_45)
FN:442,(anonymous_46)
FN:446,(anonymous_47)
FN:450,(anonymous_48)
FN:454,(anonymous_49)
FN:458,(anonymous_50)
FN:463,(anonymous_51)
FN:471,(anonymous_52)
FN:483,(anonymous_53)
FN:497,(anonymous_54)
FN:504,(anonymous_55)
FN:512,(anonymous_56)
FN:516,(anonymous_57)
FNF:58
FNH:0
FNDA:0,(anonymous_0)
FNDA:0,(anonymous_1)
FNDA:0,(anonymous_2)
FNDA:0,(anonymous_3)
FNDA:0,(anonymous_4)
FNDA:0,(anonymous_5)
FNDA:0,(anonymous_6)
FNDA:0,(anonymous_7)
FNDA:0,(anonymous_8)
FNDA:0,(anonymous_9)
FNDA:0,(anonymous_10)
FNDA:0,(anonymous_11)
FNDA:0,(anonymous_12)
FNDA:0,(anonymous_13)
FNDA:0,(anonymous_14)
FNDA:0,(anonymous_15)
FNDA:0,(anonymous_16)
FNDA:0,(anonymous_17)
FNDA:0,(anonymous_18)
FNDA:0,(anonymous_19)
FNDA:0,(anonymous_20)
FNDA:0,(anonymous_21)
FNDA:0,(anonymous_22)
FNDA:0,(anonymous_23)
FNDA:0,(anonymous_24)
FNDA:0,(anonymous_25)
FNDA:0,(anonymous_26)
FNDA:0,(anonymous_27)
FNDA:0,(anonymous_28)
FNDA:0,(anonymous_29)
FNDA:0,(anonymous_30)
FNDA:0,(anonymous_31)
FNDA:0,(anonymous_32)
FNDA:0,(anonymous_33)
FNDA:0,(anonymous_34)
FNDA:0,(anonymous_35)
FNDA:0,(anonymous_36)
FNDA:0,(anonymous_37)
FNDA:0,(anonymous_38)
FNDA:0,(anonymous_39)
FNDA:0,(anonymous_40)
FNDA:0,(anonymous_41)
FNDA:0,(anonymous_42)
FNDA:0,(anonymous_43)
FNDA:0,(anonymous_44)
FNDA:0,(anonymous_45)
FNDA:0,(anonymous_46)
FNDA:0,(anonymous_47)
FNDA:0,(anonymous_48)
FNDA:0,(anonymous_49)
FNDA:0,(anonymous_50)
FNDA:0,(anonymous_51)
FNDA:0,(anonymous_52)
FNDA:0,(anonymous_53)
FNDA:0,(anonymous_54)
FNDA:0,(anonymous_55)
FNDA:0,(anonymous_56)
FNDA:0,(anonymous_57)
DA:1,2
DA:15,2
DA:21,2
DA:36,2
DA:44,2
DA:51,2
DA:56,0
DA:59,0
DA:61,0
DA:66,2
DA:71,0
DA:74,0
DA:75,0
DA:78,0
DA:87,2
DA:91,0
DA:102,2
DA:115,2
DA:117,2
DA:123,0
DA:132,0
DA:142,2
DA:146,0
DA:152,0
DA:156,2
DA:160,0
DA:174,2
DA:181,0
DA:185,2
DA:191,0
DA:194,0
DA:206,0
DA:212,2
DA:216,0
DA:226,2
DA:230,0
DA:233,0
DA:236,0
DA:246,2
DA:251,0
DA:260,2
DA:267,0
DA:270,0
DA:273,0
DA:274,0
DA:283,0
DA:288,2
DA:292,0
DA:295,0
DA:302,2
DA:308,0
DA:312,2
DA:316,0
DA:319,0
DA:331,2
DA:341,2
DA:345,0
DA:348,0
DA:355,2
DA:360,0
DA:367,0
DA:371,2
DA:376,0
DA:379,2
DA:383,0
DA:386,0
DA:399,2
DA:409,2
DA:414,2
DA:418,2
DA:423,2
DA:431,2
DA:435,2
DA:442,2
DA:446,2
DA:450,2
DA:454,2
DA:458,2
DA:463,2
DA:471,2
DA:479,2
DA:483,0
DA:493,2
DA:497,0
DA:504,0
DA:512,2
DA:516,2
LF:87
LH:45
BRF:0
BRH:0
end_of_record
TN:
SF:src\database\seed.ts
FN:186,seed
FN:193,(anonymous_11)
FN:208,(anonymous_12)
FN:226,(anonymous_13)
FN:227,(anonymous_14)
FN:234,(anonymous_15)
FN:238,(anonymous_16)
FN:242,(anonymous_17)
FN:243,(anonymous_18)
FN:248,(anonymous_19)
FN:255,(anonymous_20)
FN:256,(anonymous_21)
FN:261,(anonymous_22)
FN:271,(anonymous_23)
FN:272,(anonymous_24)
FN:277,(anonymous_25)
FN:289,(anonymous_26)
FN:305,(anonymous_27)
FN:341,(anonymous_28)
FN:462,(anonymous_29)
FN:464,(anonymous_30)
FN:469,(anonymous_31)
FNF:22
FNH:0
FNDA:0,seed
FNDA:0,(anonymous_11)
FNDA:0,(anonymous_12)
FNDA:0,(anonymous_13)
FNDA:0,(anonymous_14)
FNDA:0,(anonymous_15)
FNDA:0,(anonymous_16)
FNDA:0,(anonymous_17)
FNDA:0,(anonymous_18)
FNDA:0,(anonymous_19)
FNDA:0,(anonymous_20)
FNDA:0,(anonymous_21)
FNDA:0,(anonymous_22)
FNDA:0,(anonymous_23)
FNDA:0,(anonymous_24)
FNDA:0,(anonymous_25)
FNDA:0,(anonymous_26)
FNDA:0,(anonymous_27)
FNDA:0,(anonymous_28)
FNDA:0,(anonymous_29)
FNDA:0,(anonymous_30)
FNDA:0,(anonymous_31)
DA:14,0
DA:15,0
DA:16,0
DA:17,0
DA:19,0
DA:27,0
DA:33,0
DA:41,0
DA:84,0
DA:89,0
DA:98,0
DA:113,0
DA:123,0
DA:129,0
DA:187,0
DA:190,0
DA:191,0
DA:193,0
DA:198,0
DA:199,0
DA:202,0
DA:205,0
DA:206,0
DA:208,0
DA:213,0
DA:214,0
DA:217,0
DA:220,0
DA:221,0
DA:224,0
DA:226,0
DA:227,0
DA:228,0
DA:229,0
DA:233,0
DA:234,0
DA:237,0
DA:238,0
DA:241,0
DA:242,0
DA:243,0
DA:245,0
DA:246,0
DA:248,0
DA:250,0
DA:254,0
DA:255,0
DA:256,0
DA:258,0
DA:259,0
DA:261,0
DA:263,0
DA:267,0
DA:268,0
DA:269,0
DA:270,0
DA:271,0
DA:272,0
DA:274,0
DA:275,0
DA:277,0
DA:279,0
DA:282,0
DA:286,0
DA:287,0
DA:289,0
DA:293,0
DA:296,0
DA:297,0
DA:300,0
DA:302,0
DA:304,0
DA:305,0
DA:306,0
DA:307,0
DA:316,0
DA:317,0
DA:320,0
DA:321,0
DA:325,0
DA:328,0
DA:332,0
DA:333,0
DA:336,0
DA:338,0
DA:340,0
DA:341,0
DA:342,0
DA:343,0
DA:352,0
DA:353,0
DA:356,0
DA:357,0
DA:358,0
DA:362,0
DA:365,0
DA:369,0
DA:370,0
DA:371,0
DA:375,0
DA:377,0
DA:384,0
DA:386,0
DA:391,0
DA:392,0
DA:394,0
DA:451,0
DA:456,0
DA:460,0
DA:461,0
DA:462,0
DA:463,0
DA:464,0
DA:466,0
DA:469,0
DA:470,0
DA:471,0
DA:472,0
LF:118
LH:0
BRDA:20,0,0,0
BRDA:20,0,1,0
BRDA:21,1,0,0
BRDA:21,1,1,0
BRDA:22,2,0,0
BRDA:22,2,1,0
BRDA:23,3,0,0
BRDA:23,3,1,0
BRDA:24,4,0,0
BRDA:24,4,1,0
BRDA:198,5,0,0
BRDA:198,5,1,0
BRDA:213,6,0,0
BRDA:213,6,1,0
BRDA:228,7,0,0
BRDA:228,7,1,0
BRDA:228,8,0,0
BRDA:228,8,1,0
BRDA:245,9,0,0
BRDA:245,9,1,0
BRDA:258,10,0,0
BRDA:258,10,1,0
BRDA:269,11,0,0
BRDA:269,11,1,0
BRDA:274,12,0,0
BRDA:274,12,1,0
BRDA:304,13,0,0
BRDA:304,13,1,0
BRDA:320,14,0,0
BRDA:320,14,1,0
BRDA:340,15,0,0
BRDA:340,15,1,0
BRDA:357,16,0,0
BRDA:357,16,1,0
BRDA:369,17,0,0
BRDA:369,17,1,0
BRDA:375,18,0,0
BRDA:375,18,1,0
BRDA:391,19,0,0
BRDA:391,19,1,0
BRDA:391,20,0,0
BRDA:391,20,1,0
BRF:42
BRH:0
end_of_record
TN:
SF:src\database\types.ts
FNF:0
FNH:0
DA:3,0
DA:7,0
LF:2
LH:0
BRF:0
BRH:0
end_of_record
TN:
SF:src\disputes\disputes-admin.controller.ts
FN:20,(anonymous_4)
FN:23,(anonymous_5)
FN:40,(anonymous_6)
FN:45,(anonymous_7)
FN:53,(anonymous_8)
FN:62,(anonymous_9)
FN:67,(anonymous_10)
FNF:7
FNH:0
FNDA:0,(anonymous_4)
FNDA:0,(anonymous_5)
FNDA:0,(anonymous_6)
FNDA:0,(anonymous_7)
FNDA:0,(anonymous_8)
FNDA:0,(anonymous_9)
FNDA:0,(anonymous_10)
DA:1,0
DA:12,0
DA:13,0
DA:14,0
DA:15,0
DA:19,0
DA:20,0
DA:23,0
DA:30,0
DA:40,0
DA:41,0
DA:45,0
DA:49,0
DA:53,0
DA:58,0
DA:62,0
DA:63,0
DA:67,0
DA:71,0
LF:19
LH:0
BRDA:32,0,0,0
BRDA:32,0,1,0
BRDA:33,1,0,0
BRDA:33,1,1,0
BRDA:34,2,0,0
BRDA:34,2,1,0
BRDA:35,3,0,0
BRDA:35,3,1,0
BRDA:55,4,0,0
BRDA:55,4,1,0
BRDA:55,5,0,0
BRDA:55,5,1,0
BRDA:68,6,0,0
BRDA:68,6,1,0
BRDA:68,7,0,0
BRDA:68,7,1,0
BRDA:20,8,0,0
BRDA:20,8,1,0
BRDA:20,9,0,0
BRDA:20,9,1,0
BRF:20
BRH:0
end_of_record
TN:
SF:src\disputes\disputes.controller.ts
FN:22,(anonymous_4)
FN:25,(anonymous_5)
FN:30,(anonymous_6)
FN:38,(anonymous_7)
FN:46,(anonymous_8)
FN:55,(anonymous_9)
FN:63,(anonymous_10)
FN:73,(anonymous_11)
FN:94,(anonymous_12)
FNF:9
FNH:0
FNDA:0,(anonymous_4)
FNDA:0,(anonymous_5)
FNDA:0,(anonymous_6)
FNDA:0,(anonymous_7)
FNDA:0,(anonymous_8)
FNDA:0,(anonymous_9)
FNDA:0,(anonymous_10)
FNDA:0,(anonymous_11)
FNDA:0,(anonymous_12)
DA:1,0
DA:14,0
DA:15,0
DA:16,0
DA:17,0
DA:21,0
DA:22,0
DA:25,0
DA:26,0
DA:30,0
DA:34,0
DA:38,0
DA:42,0
DA:46,0
DA:51,0
DA:55,0
DA:59,0
DA:63,0
DA:68,0
DA:73,0
DA:78,0
DA:79,0
DA:81,0
DA:94,0
DA:98,0
LF:25
LH:0
BRDA:78,0,0,0
BRDA:78,0,1,0
BRDA:25,1,0,0
BRDA:25,1,1,0
BRDA:25,2,0,0
BRDA:25,2,1,0
BRDA:48,3,0,0
BRDA:48,3,1,0
BRDA:48,4,0,0
BRDA:48,4,1,0
BRDA:65,5,0,0
BRDA:65,5,1,0
BRDA:65,6,0,0
BRDA:65,6,1,0
BRDA:75,7,0,0
BRDA:75,7,1,0
BRDA:75,8,0,0
BRDA:75,8,1,0
BRDA:75,8,2,0
BRDA:22,9,0,0
BRDA:22,9,1,0
BRDA:22,10,0,0
BRDA:22,10,1,0
BRF:23
BRH:0
end_of_record
TN:
SF:src\disputes\disputes.module.ts
FN:22,(anonymous_1)
FNF:1
FNH:0
FNDA:0,(anonymous_1)
DA:1,0
DA:2,0
DA:3,0
DA:4,0
DA:5,0
DA:6,0
DA:7,0
DA:8,0
DA:9,0
DA:10,0
DA:11,0
DA:23,0
DA:24,0
DA:36,0
LF:14
LH:0
BRF:0
BRH:0
end_of_record
TN:
SF:src\disputes\disputes.service.ts
FN:48,(anonymous_4)
FN:57,(anonymous_5)
FN:171,(anonymous_6)
FN:203,(anonymous_7)
FN:218,(anonymous_8)
FN:245,(anonymous_9)
FN:286,(anonymous_10)
FN:307,(anonymous_11)
FN:360,(anonymous_12)
FN:381,(anonymous_13)
FN:393,(anonymous_14)
FN:403,(anonymous_15)
FN:433,(anonymous_16)
FN:492,(anonymous_17)
FN:513,(anonymous_18)
FN:525,(anonymous_19)
FN:536,(anonymous_20)
FN:580,(anonymous_21)
FN:661,(anonymous_22)
FN:702,(anonymous_23)
FN:721,(anonymous_24)
FN:762,(anonymous_25)
FN:787,(anonymous_26)
FN:810,(anonymous_27)
FN:888,(anonymous_28)
FN:911,(anonymous_29)
FN:957,(anonymous_30)
FN:1021,(anonymous_31)
FNF:28
FNH:0
FNDA:0,(anonymous_4)
FNDA:0,(anonymous_5)
FNDA:0,(anonymous_6)
FNDA:0,(anonymous_7)
FNDA:0,(anonymous_8)
FNDA:0,(anonymous_9)
FNDA:0,(anonymous_10)
FNDA:0,(anonymous_11)
FNDA:0,(anonymous_12)
FNDA:0,(anonymous_13)
FNDA:0,(anonymous_14)
FNDA:0,(anonymous_15)
FNDA:0,(anonymous_16)
FNDA:0,(anonymous_17)
FNDA:0,(anonymous_18)
FNDA:0,(anonymous_19)
FNDA:0,(anonymous_20)
FNDA:0,(anonymous_21)
FNDA:0,(anonymous_22)
FNDA:0,(anonymous_23)
FNDA:0,(anonymous_24)
FNDA:0,(anonymous_25)
FNDA:0,(anonymous_26)
FNDA:0,(anonymous_27)
FNDA:0,(anonymous_28)
FNDA:0,(anonymous_29)
FNDA:0,(anonymous_30)
FNDA:0,(anonymous_31)
DA:1,0
DA:8,0
DA:9,0
DA:10,0
DA:22,0
DA:23,0
DA:24,0
DA:26,0
DA:29,0
DA:37,0
DA:47,0
DA:50,0
DA:51,0
DA:52,0
DA:54,0
DA:58,0
DA:61,0
DA:65,0
DA:66,0
DA:69,0
DA:70,0
DA:74,0
DA:75,0
DA:79,0
DA:80,0
DA:81,0
DA:82,0
DA:83,0
DA:88,0
DA:92,0
DA:93,0
DA:97,0
DA:98,0
DA:99,0
DA:102,0
DA:114,0
DA:115,0
DA:119,0
DA:126,0
DA:132,0
DA:146,0
DA:147,0
DA:157,0
DA:166,0
DA:168,0
DA:172,0
DA:188,0
DA:195,0
DA:196,0
DA:199,0
DA:203,0
DA:219,0
DA:228,0
DA:229,0
DA:234,0
DA:238,0
DA:245,0
DA:247,0
DA:248,0
DA:252,0
DA:259,0
DA:287,0
DA:291,0
DA:292,0
DA:297,0
DA:300,0
DA:307,0
DA:309,0
DA:310,0
DA:314,0
DA:315,0
DA:316,0
DA:317,0
DA:318,0
DA:320,0
DA:324,0
DA:333,0
DA:334,0
DA:338,0
DA:339,0
DA:347,0
DA:349,0
DA:357,0
DA:361,0
DA:365,0
DA:366,0
DA:371,0
DA:374,0
DA:381,0
DA:383,0
DA:384,0
DA:387,0
DA:393,0
DA:413,0
DA:417,0
DA:418,0
DA:423,0
DA:426,0
DA:433,0
DA:435,0
DA:436,0
DA:440,0
DA:441,0
DA:442,0
DA:446,0
DA:447,0
DA:451,0
DA:456,0
DA:457,0
DA:461,0
DA:474,0
DA:481,0
DA:482,0
DA:483,0
DA:489,0
DA:493,0
DA:497,0
DA:498,0
DA:503,0
DA:506,0
DA:513,0
DA:515,0
DA:516,0
DA:519,0
DA:525,0
DA:537,0
DA:541,0
DA:542,0
DA:545,0
DA:546,0
DA:549,0
DA:550,0
DA:554,0
DA:563,0
DA:569,0
DA:577,0
DA:581,0
DA:585,0
DA:586,0
DA:589,0
DA:590,0
DA:594,0
DA:598,0
DA:599,0
DA:603,0
DA:605,0
DA:612,0
DA:613,0
DA:620,0
DA:632,0
DA:641,0
DA:649,0
DA:657,0
DA:668,0
DA:669,0
DA:670,0
DA:672,0
DA:674,0
DA:675,0
DA:677,0
DA:678,0
DA:680,0
DA:681,0
DA:684,0
DA:693,0
DA:699,0
DA:701,0
DA:702,0
DA:722,0
DA:726,0
DA:731,0
DA:736,0
DA:741,0
DA:746,0
DA:751,0
DA:764,0
DA:768,0
DA:769,0
DA:774,0
DA:775,0
DA:784,0
DA:789,0
DA:805,0
DA:811,0
DA:815,0
DA:816,0
DA:820,0
DA:824,0
DA:825,0
DA:829,0
DA:831,0
DA:836,0
DA:838,0
DA:839,0
DA:846,0
DA:858,0
DA:867,0
DA:875,0
DA:883,0
DA:889,0
DA:896,0
DA:897,0
DA:901,0
DA:905,0
DA:907,0
DA:911,0
DA:913,0
DA:923,0
DA:933,0
DA:938,0
DA:945,0
DA:953,0
DA:958,0
DA:962,0
DA:963,0
DA:967,0
DA:977,0
DA:978,0
DA:982,0
DA:986,0
DA:987,0
DA:994,0
DA:1005,0
DA:1011,0
DA:1023,0
DA:1030,0
DA:1031,0
LF:227
LH:0
BRDA:65,0,0,0
BRDA:65,0,1,0
BRDA:69,1,0,0
BRDA:69,1,1,0
BRDA:74,2,0,0
BRDA:74,2,1,0
BRDA:80,3,0,0
BRDA:80,3,1,0
BRDA:82,4,0,0
BRDA:82,4,1,0
BRDA:92,5,0,0
BRDA:92,5,1,0
BRDA:98,6,0,0
BRDA:98,6,1,0
BRDA:114,7,0,0
BRDA:114,7,1,0
BRDA:195,8,0,0
BRDA:195,8,1,0
BRDA:228,9,0,0
BRDA:228,9,1,0
BRDA:234,10,0,0
BRDA:234,10,1,0
BRDA:245,11,0,0
BRDA:245,11,1,0
BRDA:247,12,0,0
BRDA:247,12,1,0
BRDA:247,13,0,0
BRDA:247,13,1,0
BRDA:274,14,0,0
BRDA:274,14,1,0
BRDA:291,15,0,0
BRDA:291,15,1,0
BRDA:297,16,0,0
BRDA:297,16,1,0
BRDA:307,17,0,0
BRDA:307,17,1,0
BRDA:309,18,0,0
BRDA:309,18,1,0
BRDA:309,19,0,0
BRDA:309,19,1,0
BRDA:315,20,0,0
BRDA:315,20,1,0
BRDA:317,21,0,0
BRDA:317,21,1,0
BRDA:333,22,0,0
BRDA:333,22,1,0
BRDA:338,23,0,0
BRDA:338,23,1,0
BRDA:347,24,0,0
BRDA:347,24,1,0
BRDA:365,25,0,0
BRDA:365,25,1,0
BRDA:371,26,0,0
BRDA:371,26,1,0
BRDA:381,27,0,0
BRDA:381,27,1,0
BRDA:383,28,0,0
BRDA:383,28,1,0
BRDA:383,29,0,0
BRDA:383,29,1,0
BRDA:417,30,0,0
BRDA:417,30,1,0
BRDA:423,31,0,0
BRDA:423,31,1,0
BRDA:433,32,0,0
BRDA:433,32,1,0
BRDA:435,33,0,0
BRDA:435,33,1,0
BRDA:435,34,0,0
BRDA:435,34,1,0
BRDA:441,35,0,0
BRDA:441,35,1,0
BRDA:446,36,0,0
BRDA:446,36,1,0
BRDA:456,37,0,0
BRDA:456,37,1,0
BRDA:481,38,0,0
BRDA:481,38,1,0
BRDA:481,39,0,0
BRDA:481,39,1,0
BRDA:482,40,0,0
BRDA:482,40,1,0
BRDA:497,41,0,0
BRDA:497,41,1,0
BRDA:503,42,0,0
BRDA:503,42,1,0
BRDA:513,43,0,0
BRDA:513,43,1,0
BRDA:515,44,0,0
BRDA:515,44,1,0
BRDA:515,45,0,0
BRDA:515,45,1,0
BRDA:541,46,0,0
BRDA:541,46,1,0
BRDA:545,47,0,0
BRDA:545,47,1,0
BRDA:549,48,0,0
BRDA:549,48,1,0
BRDA:585,49,0,0
BRDA:585,49,1,0
BRDA:589,50,0,0
BRDA:589,50,1,0
BRDA:598,51,0,0
BRDA:598,51,1,0
BRDA:603,52,0,0
BRDA:603,52,1,0
BRDA:625,53,0,0
BRDA:625,53,1,0
BRDA:635,54,0,0
BRDA:635,54,1,0
BRDA:636,55,0,0
BRDA:636,55,1,0
BRDA:645,56,0,0
BRDA:645,56,1,0
BRDA:653,57,0,0
BRDA:653,57,1,0
BRDA:668,58,0,0
BRDA:668,58,1,0
BRDA:669,59,0,0
BRDA:669,59,1,0
BRDA:674,60,0,0
BRDA:674,60,1,0
BRDA:677,61,0,0
BRDA:677,61,1,0
BRDA:680,62,0,0
BRDA:680,62,1,0
BRDA:688,63,0,0
BRDA:688,63,1,0
BRDA:697,64,0,0
BRDA:697,64,1,0
BRDA:699,65,0,0
BRDA:699,65,1,0
BRDA:752,66,0,0
BRDA:752,66,1,0
BRDA:753,67,0,0
BRDA:753,67,1,0
BRDA:754,68,0,0
BRDA:754,68,1,0
BRDA:755,69,0,0
BRDA:755,69,1,0
BRDA:756,70,0,0
BRDA:756,70,1,0
BRDA:757,71,0,0
BRDA:757,71,1,0
BRDA:774,72,0,0
BRDA:774,72,1,0
BRDA:774,73,0,0
BRDA:774,73,1,0
BRDA:815,74,0,0
BRDA:815,74,1,0
BRDA:824,75,0,0
BRDA:824,75,1,0
BRDA:829,76,0,0
BRDA:829,76,1,0
BRDA:836,77,0,0
BRDA:836,77,1,0
BRDA:851,78,0,0
BRDA:851,78,1,0
BRDA:861,79,0,0
BRDA:861,79,1,0
BRDA:862,80,0,0
BRDA:862,80,1,0
BRDA:871,81,0,0
BRDA:871,81,1,0
BRDA:879,82,0,0
BRDA:879,82,1,0
BRDA:896,83,0,0
BRDA:896,83,1,0
BRDA:905,84,0,0
BRDA:905,84,1,0
BRDA:962,85,0,0
BRDA:962,85,1,0
BRDA:962,86,0,0
BRDA:962,86,1,0
BRDA:977,87,0,0
BRDA:977,87,1,0
BRDA:986,88,0,0
BRDA:986,88,1,0
BRDA:51,89,0,0
BRDA:51,89,1,0
BRDA:51,90,0,0
BRDA:51,90,1,0
BRDA:51,91,0,0
BRDA:51,91,1,0
BRDA:51,92,0,0
BRDA:51,92,1,0
BRF:186
BRH:0
end_of_record
TN:
SF:src\disputes\dto\dispute.dto.ts
FNF:0
FNH:0
DA:1,0
DA:3,0
DA:6,0
DA:11,0
DA:17,0
DA:20,0
DA:25,0
DA:28,0
DA:32,0
DA:37,0
DA:40,0
DA:44,0
DA:47,0
DA:50,0
DA:54,0
LF:15
LH:0
BRF:0
BRH:0
end_of_record
TN:
SF:src\games\games.controller.ts
FN:22,(anonymous_4)
FN:26,(anonymous_5)
FN:35,(anonymous_6)
FN:42,(anonymous_7)
FN:53,(anonymous_8)
FN:64,(anonymous_9)
FN:75,(anonymous_10)
FNF:7
FNH:0
FNDA:0,(anonymous_4)
FNDA:0,(anonymous_5)
FNDA:0,(anonymous_6)
FNDA:0,(anonymous_7)
FNDA:0,(anonymous_8)
FNDA:0,(anonymous_9)
FNDA:0,(anonymous_10)
DA:1,0
DA:13,0
DA:14,0
DA:15,0
DA:16,0
DA:17,0
DA:18,0
DA:21,0
DA:22,0
DA:26,0
DA:29,0
DA:30,0
DA:35,0
DA:36,0
DA:42,0
DA:46,0
DA:47,0
DA:53,0
DA:57,0
DA:58,0
DA:64,0
DA:68,0
DA:69,0
DA:75,0
DA:76,0
LF:25
LH:0
BRDA:27,0,0,0
BRDA:27,0,1,0
BRDA:27,1,0,0
BRDA:27,1,1,0
BRDA:43,2,0,0
BRDA:43,2,1,0
BRDA:43,3,0,0
BRDA:43,3,1,0
BRDA:43,4,0,0
BRDA:43,4,1,0
BRDA:43,5,0,0
BRDA:43,5,1,0
BRDA:55,6,0,0
BRDA:55,6,1,0
BRDA:55,7,0,0
BRDA:55,7,1,0
BRDA:66,8,0,0
BRDA:66,8,1,0
BRDA:66,9,0,0
BRDA:66,9,1,0
BRDA:22,10,0,0
BRDA:22,10,1,0
BRDA:22,11,0,0
BRDA:22,11,1,0
BRF:24
BRH:0
end_of_record
TN:
SF:src\games\games.module.ts
FNF:0
FNH:0
DA:1,0
DA:2,0
DA:3,0
DA:10,0
LF:4
LH:0
BRF:0
BRH:0
end_of_record
TN:
SF:src\games\games.service.ts
FN:10,(anonymous_4)
FN:15,(anonymous_5)
FN:38,(anonymous_6)
FN:63,(anonymous_7)
FN:73,(anonymous_8)
FN:83,(anonymous_9)
FN:98,(anonymous_10)
FN:113,(anonymous_11)
FNF:8
FNH:0
FNDA:0,(anonymous_4)
FNDA:0,(anonymous_5)
FNDA:0,(anonymous_6)
FNDA:0,(anonymous_7)
FNDA:0,(anonymous_8)
FNDA:0,(anonymous_9)
FNDA:0,(anonymous_10)
FNDA:0,(anonymous_11)
DA:1,0
DA:2,0
DA:3,0
DA:4,0
DA:9,0
DA:12,0
DA:16,0
DA:19,0
DA:20,0
DA:23,0
DA:35,0
DA:39,0
DA:40,0
DA:42,0
DA:47,0
DA:54,0
DA:64,0
DA:67,0
DA:68,0
DA:70,0
DA:74,0
DA:77,0
DA:78,0
DA:80,0
DA:84,0
DA:85,0
DA:86,0
DA:89,0
DA:95,0
DA:99,0
DA:100,0
DA:101,0
DA:104,0
DA:110,0
DA:114,0
DA:115,0
DA:116,0
DA:119,0
DA:126,0
LF:39
LH:0
BRDA:19,0,0,0
BRDA:19,0,1,0
BRDA:28,1,0,0
BRDA:28,1,1,0
BRDA:29,2,0,0
BRDA:29,2,1,0
BRDA:56,3,0,0
BRDA:56,3,1,0
BRDA:59,4,0,0
BRDA:59,4,1,0
BRDA:67,5,0,0
BRDA:67,5,1,0
BRDA:77,6,0,0
BRDA:77,6,1,0
BRDA:85,7,0,0
BRDA:85,7,1,0
BRDA:100,8,0,0
BRDA:100,8,1,0
BRDA:115,9,0,0
BRDA:115,9,1,0
BRF:20
BRH:0
end_of_record
TN:
SF:src\games\dto\game.dto.ts
FNF:0
FNH:0
DA:1,0
DA:3,0
DA:16,0
DA:22,0
DA:32,0
LF:5
LH:0
BRF:0
BRH:0
end_of_record
TN:
SF:src\health\health.controller.ts
FN:6,(anonymous_2)
FN:10,(anonymous_3)
FN:13,(anonymous_4)
FNF:3
FNH:0
FNDA:0,(anonymous_2)
FNDA:0,(anonymous_3)
FNDA:0,(anonymous_4)
DA:1,0
DA:2,0
DA:5,0
DA:6,0
DA:10,0
DA:11,0
DA:13,0
LF:7
LH:0
BRDA:6,0,0,0
BRDA:6,0,1,0
BRDA:6,1,0,0
BRDA:6,1,1,0
BRF:4
BRH:0
end_of_record
TN:
SF:src\listings\listings.controller.ts
FN:22,(anonymous_4)
FN:26,(anonymous_5)
FN:33,(anonymous_6)
FN:39,(anonymous_7)
FN:46,(anonymous_8)
FN:57,(anonymous_9)
FN:69,(anonymous_10)
FNF:7
FNH:0
FNDA:0,(anonymous_4)
FNDA:0,(anonymous_5)
FNDA:0,(anonymous_6)
FNDA:0,(anonymous_7)
FNDA:0,(anonymous_8)
FNDA:0,(anonymous_9)
FNDA:0,(anonymous_10)
DA:1,0
DA:13,0
DA:14,0
DA:15,0
DA:16,0
DA:17,0
DA:18,0
DA:21,0
DA:22,0
DA:26,0
DA:27,0
DA:28,0
DA:33,0
DA:34,0
DA:39,0
DA:40,0
DA:46,0
DA:50,0
DA:51,0
DA:57,0
DA:62,0
DA:63,0
DA:69,0
DA:73,0
LF:24
LH:0
BRDA:26,0,0,0
BRDA:26,0,1,0
BRDA:26,1,0,0
BRDA:26,1,1,0
BRDA:33,2,0,0
BRDA:33,2,1,0
BRDA:33,3,0,0
BRDA:33,3,1,0
BRDA:48,4,0,0
BRDA:48,4,1,0
BRDA:48,5,0,0
BRDA:48,5,1,0
BRDA:60,6,0,0
BRDA:60,6,1,0
BRDA:60,7,0,0
BRDA:60,7,1,0
BRDA:71,8,0,0
BRDA:71,8,1,0
BRDA:71,9,0,0
BRDA:71,9,1,0
BRDA:22,10,0,0
BRDA:22,10,1,0
BRDA:22,11,0,0
BRDA:22,11,1,0
BRF:24
BRH:0
end_of_record
TN:
SF:src\listings\listings.module.ts
FNF:0
FNH:0
DA:1,0
DA:2,0
DA:3,0
DA:10,0
LF:4
LH:0
BRF:0
BRH:0
end_of_record
TN:
SF:src\listings\listings.service.ts
FN:10,(anonymous_4)
FN:15,(anonymous_5)
FN:37,(anonymous_6)
FN:48,(anonymous_7)
FN:96,(anonymous_8)
FN:130,(anonymous_9)
FN:162,(anonymous_10)
FN:178,(anonymous_11)
FN:211,(anonymous_12)
FN:234,(anonymous_13)
FN:266,(anonymous_14)
FN:274,(anonymous_15)
FNF:12
FNH:0
FNDA:0,(anonymous_4)
FNDA:0,(anonymous_5)
FNDA:0,(anonymous_6)
FNDA:0,(anonymous_7)
FNDA:0,(anonymous_8)
FNDA:0,(anonymous_9)
FNDA:0,(anonymous_10)
FNDA:0,(anonymous_11)
FNDA:0,(anonymous_12)
FNDA:0,(anonymous_13)
FNDA:0,(anonymous_14)
FNDA:0,(anonymous_15)
DA:1,1
DA:2,1
DA:3,1
DA:4,1
DA:9,1
DA:12,0
DA:16,0
DA:19,0
DA:20,0
DA:23,0
DA:36,0
DA:37,0
DA:42,0
DA:45,0
DA:49,0
DA:50,0
DA:52,0
DA:54,0
DA:55,0
DA:58,0
DA:59,0
DA:62,0
DA:63,0
DA:66,0
DA:68,0
DA:74,0
DA:76,0
DA:77,0
DA:79,0
DA:80,0
DA:82,0
DA:83,0
DA:85,0
DA:88,0
DA:95,0
DA:97,0
DA:100,0
DA:104,0
DA:121,0
DA:131,0
DA:135,0
DA:136,0
DA:140,0
DA:146,0
DA:151,0
DA:155,0
DA:160,0
DA:162,0
DA:179,0
DA:183,0
DA:184,0
DA:187,0
DA:188,0
DA:191,0
DA:192,0
DA:195,0
DA:196,0
DA:197,0
DA:198,0
DA:199,0
DA:200,0
DA:202,0
DA:208,0
DA:212,0
DA:216,0
DA:217,0
DA:220,0
DA:221,0
DA:224,0
DA:231,0
DA:235,0
DA:236,0
DA:237,0
DA:239,0
DA:249,0
DA:257,0
DA:267,0
DA:275,0
DA:284,0
LF:79
LH:5
BRDA:19,0,0,0
BRDA:19,0,1,0
BRDA:29,1,0,0
BRDA:29,1,1,0
BRDA:31,2,0,0
BRDA:31,2,1,0
BRDA:36,3,0,0
BRDA:36,3,1,0
BRDA:36,4,0,0
BRDA:36,4,1,0
BRDA:36,4,2,0
BRDA:54,5,0,0
BRDA:54,5,1,0
BRDA:58,6,0,0
BRDA:58,6,1,0
BRDA:62,7,0,0
BRDA:62,7,1,0
BRDA:74,8,0,0
BRDA:74,8,1,0
BRDA:74,8,2,0
BRDA:74,8,3,0
BRDA:106,9,0,0
BRDA:106,9,1,0
BRDA:111,10,0,0
BRDA:111,10,1,0
BRDA:123,11,0,0
BRDA:123,11,1,0
BRDA:126,12,0,0
BRDA:126,12,1,0
BRDA:135,13,0,0
BRDA:135,13,1,0
BRDA:163,14,0,0
BRDA:163,14,1,0
BRDA:168,15,0,0
BRDA:168,15,1,0
BRDA:183,16,0,0
BRDA:183,16,1,0
BRDA:187,17,0,0
BRDA:187,17,1,0
BRDA:191,18,0,0
BRDA:191,18,1,0
BRDA:191,19,0,0
BRDA:191,19,1,0
BRDA:196,20,0,0
BRDA:196,20,1,0
BRDA:197,21,0,0
BRDA:197,21,1,0
BRDA:198,22,0,0
BRDA:198,22,1,0
BRDA:199,23,0,0
BRDA:199,23,1,0
BRDA:200,24,0,0
BRDA:200,24,1,0
BRDA:216,25,0,0
BRDA:216,25,1,0
BRDA:220,26,0,0
BRDA:220,26,1,0
BRDA:235,27,0,0
BRDA:235,27,1,0
BRDA:236,28,0,0
BRDA:236,28,1,0
BRDA:259,29,0,0
BRDA:259,29,1,0
BRDA:262,30,0,0
BRDA:262,30,1,0
BRDA:274,31,0,0
BRF:66
BRH:0
end_of_record
TN:
SF:src\listings\dto\listing.dto.ts
FNF:0
FNH:0
DA:1,0
DA:3,0
DA:12,0
DA:20,0
DA:30,0
LF:5
LH:0
BRF:0
BRH:0
end_of_record
TN:
SF:src\notifications\notifications.controller.ts
FN:8,(anonymous_4)
FN:11,(anonymous_5)
FN:26,(anonymous_6)
FN:33,(anonymous_7)
FN:39,(anonymous_8)
FNF:5
FNH:0
FNDA:0,(anonymous_4)
FNDA:0,(anonymous_5)
FNDA:0,(anonymous_6)
FNDA:0,(anonymous_7)
FNDA:0,(anonymous_8)
DA:1,0
DA:2,0
DA:3,0
DA:7,0
DA:8,0
DA:11,0
DA:17,0
DA:18,0
DA:26,0
DA:27,0
DA:28,0
DA:29,0
DA:33,0
DA:34,0
DA:35,0
DA:39,0
DA:40,0
DA:41,0
LF:18
LH:0
BRDA:19,0,0,0
BRDA:19,0,1,0
BRDA:20,1,0,0
BRDA:20,1,1,0
BRDA:8,2,0,0
BRDA:8,2,1,0
BRDA:8,3,0,0
BRDA:8,3,1,0
BRF:8
BRH:0
end_of_record
TN:
SF:src\notifications\notifications.module.ts
FNF:0
FNH:0
DA:1,0
DA:2,0
DA:3,0
DA:10,0
LF:4
LH:0
BRF:0
BRH:0
end_of_record
TN:
SF:src\notifications\notifications.service.ts
FN:23,(anonymous_4)
FN:28,(anonymous_5)
FN:44,(anonymous_6)
FN:77,(anonymous_7)
FN:91,(anonymous_8)
FN:106,(anonymous_9)
FNF:6
FNH:0
FNDA:0,(anonymous_4)
FNDA:0,(anonymous_5)
FNDA:0,(anonymous_6)
FNDA:0,(anonymous_7)
FNDA:0,(anonymous_8)
FNDA:0,(anonymous_9)
DA:1,2
DA:2,2
DA:3,2
DA:4,2
DA:22,2
DA:25,0
DA:29,0
DA:41,0
DA:45,0
DA:46,0
DA:48,0
DA:49,0
DA:50,0
DA:53,0
DA:55,0
DA:60,0
DA:68,0
DA:78,0
DA:88,0
DA:92,0
DA:103,0
DA:107,0
DA:117,0
LF:23
LH:5
BRDA:35,0,0,0
BRDA:35,0,1,0
BRDA:36,1,0,0
BRDA:36,1,1,0
BRDA:44,2,0,0
BRDA:45,3,0,0
BRDA:45,4,0,0
BRDA:45,5,0,0
BRDA:49,6,0,0
BRDA:49,6,1,0
BRDA:70,7,0,0
BRDA:70,7,1,0
BRDA:73,8,0,0
BRDA:73,8,1,0
BRDA:88,9,0,0
BRDA:88,9,1,0
BRF:16
BRH:0
end_of_record
TN:
SF:src\orders\orders.controller.ts
FN:10,(anonymous_4)
FN:14,(anonymous_5)
FN:21,(anonymous_6)
FN:28,(anonymous_7)
FN:35,(anonymous_8)
FN:50,(anonymous_9)
FN:57,(anonymous_10)
FNF:7
FNH:0
FNDA:0,(anonymous_4)
FNDA:0,(anonymous_5)
FNDA:0,(anonymous_6)
FNDA:0,(anonymous_7)
FNDA:0,(anonymous_8)
FNDA:0,(anonymous_9)
FNDA:0,(anonymous_10)
DA:1,0
DA:2,0
DA:3,0
DA:4,0
DA:5,0
DA:9,0
DA:10,0
DA:14,0
DA:15,0
DA:16,0
DA:21,0
DA:22,0
DA:23,0
DA:28,0
DA:29,0
DA:30,0
DA:35,0
DA:40,0
DA:41,0
DA:50,0
DA:51,0
DA:52,0
DA:57,0
DA:58,0
DA:59,0
LF:25
LH:0
BRDA:10,0,0,0
BRDA:10,0,1,0
BRDA:10,1,0,0
BRDA:10,1,1,0
BRF:4
BRH:0
end_of_record
TN:
SF:src\orders\orders.module.ts
FNF:0
FNH:0
DA:1,0
DA:2,0
DA:3,0
DA:4,0
DA:5,0
DA:6,0
DA:14,0
LF:7
LH:0
BRF:0
BRH:0
end_of_record
TN:
SF:src\orders\orders.service.ts
FN:36,(anonymous_4)
FN:46,(anonymous_5)
FN:74,(anonymous_6)
FN:147,(anonymous_7)
FN:155,(anonymous_8)
FN:169,(anonymous_9)
FN:203,(anonymous_10)
FN:214,(anonymous_11)
FN:240,(anonymous_12)
FN:281,(anonymous_13)
FN:301,(anonymous_14)
FN:337,(anonymous_15)
FN:366,(anonymous_16)
FN:377,(anonymous_17)
FNF:14
FNH:0
FNDA:0,(anonymous_4)
FNDA:0,(anonymous_5)
FNDA:0,(anonymous_6)
FNDA:0,(anonymous_7)
FNDA:0,(anonymous_8)
FNDA:0,(anonymous_9)
FNDA:0,(anonymous_10)
FNDA:0,(anonymous_11)
FNDA:0,(anonymous_12)
FNDA:0,(anonymous_13)
FNDA:0,(anonymous_14)
FNDA:0,(anonymous_15)
FNDA:0,(anonymous_16)
FNDA:0,(anonymous_17)
DA:1,0
DA:2,0
DA:3,0
DA:4,0
DA:6,0
DA:7,0
DA:8,0
DA:9,0
DA:11,0
DA:13,0
DA:35,0
DA:38,0
DA:39,0
DA:40,0
DA:41,0
DA:43,0
DA:48,0
DA:52,0
DA:53,0
DA:56,0
DA:57,0
DA:60,0
DA:61,0
DA:64,0
DA:67,0
DA:68,0
DA:69,0
DA:74,0
DA:76,0
DA:79,0
DA:85,0
DA:98,0
DA:104,0
DA:112,0
DA:116,0
DA:130,0
DA:136,0
DA:144,0
DA:148,0
DA:155,0
DA:170,0
DA:177,0
DA:178,0
DA:182,0
DA:183,0
DA:187,0
DA:193,0
DA:203,0
DA:215,0
DA:219,0
DA:220,0
DA:223,0
DA:224,0
DA:227,0
DA:228,0
DA:232,0
DA:237,0
DA:240,0
DA:242,0
DA:250,0
DA:260,0
DA:270,0
DA:278,0
DA:282,0
DA:286,0
DA:287,0
DA:290,0
DA:291,0
DA:294,0
DA:295,0
DA:298,0
DA:301,0
DA:304,0
DA:307,0
DA:316,0
DA:326,0
DA:334,0
DA:338,0
DA:345,0
DA:346,0
DA:350,0
DA:351,0
DA:354,0
DA:355,0
DA:359,0
DA:361,0
DA:367,0
DA:371,0
DA:372,0
DA:375,0
DA:377,0
DA:379,0
DA:382,0
DA:391,0
DA:401,0
DA:409,0
LF:96
LH:0
BRDA:52,0,0,0
BRDA:52,0,1,0
BRDA:56,1,0,0
BRDA:56,1,1,0
BRDA:60,2,0,0
BRDA:60,2,1,0
BRDA:68,3,0,0
BRDA:68,3,1,0
BRDA:177,4,0,0
BRDA:177,4,1,0
BRDA:182,5,0,0
BRDA:182,5,1,0
BRDA:182,6,0,0
BRDA:182,6,1,0
BRDA:209,7,0,0
BRDA:209,7,1,0
BRDA:210,8,0,0
BRDA:210,8,1,0
BRDA:219,9,0,0
BRDA:219,9,1,0
BRDA:223,10,0,0
BRDA:223,10,1,0
BRDA:227,11,0,0
BRDA:227,11,1,0
BRDA:286,12,0,0
BRDA:286,12,1,0
BRDA:290,13,0,0
BRDA:290,13,1,0
BRDA:294,14,0,0
BRDA:294,14,1,0
BRDA:345,15,0,0
BRDA:345,15,1,0
BRDA:350,16,0,0
BRDA:350,16,1,0
BRDA:350,17,0,0
BRDA:350,17,1,0
BRDA:354,18,0,0
BRDA:354,18,1,0
BRDA:371,19,0,0
BRDA:371,19,1,0
BRDA:371,20,0,0
BRDA:371,20,1,0
BRDA:39,21,0,0
BRDA:39,21,1,0
BRDA:39,22,0,0
BRDA:39,22,1,0
BRDA:39,23,0,0
BRDA:39,23,1,0
BRDA:39,24,0,0
BRDA:39,24,1,0
BRDA:40,25,0,0
BRDA:40,25,1,0
BRDA:40,26,0,0
BRDA:40,26,1,0
BRF:54
BRH:0
end_of_record
TN:
SF:src\pin\pin.controller.ts
FN:21,(anonymous_4)
FN:27,(anonymous_5)
FN:33,(anonymous_6)
FN:42,(anonymous_7)
FN:51,(anonymous_8)
FN:60,(anonymous_9)
FN:68,(anonymous_10)
FNF:7
FNH:0
FNDA:0,(anonymous_4)
FNDA:0,(anonymous_5)
FNDA:0,(anonymous_6)
FNDA:0,(anonymous_7)
FNDA:0,(anonymous_8)
FNDA:0,(anonymous_9)
FNDA:0,(anonymous_10)
DA:1,0
DA:12,0
DA:13,0
DA:14,0
DA:15,0
DA:16,0
DA:17,0
DA:20,0
DA:21,0
DA:27,0
DA:28,0
DA:33,0
DA:37,0
DA:42,0
DA:46,0
DA:47,0
DA:51,0
DA:52,0
DA:60,0
DA:61,0
DA:62,0
DA:68,0
DA:69,0
DA:70,0
LF:24
LH:0
BRDA:62,0,0,0
BRDA:62,0,1,0
BRDA:44,1,0,0
BRDA:44,1,1,0
BRDA:44,2,0,0
BRDA:44,2,1,0
BRDA:68,3,0,0
BRDA:68,3,1,0
BRDA:68,4,0,0
BRDA:68,4,1,0
BRDA:21,5,0,0
BRDA:21,5,1,0
BRDA:21,6,0,0
BRDA:21,6,1,0
BRF:14
BRH:0
end_of_record
TN:
SF:src\pin\pin.module.ts
FNF:0
FNH:0
DA:1,0
DA:2,0
DA:3,0
DA:4,0
DA:5,0
DA:6,0
DA:7,0
DA:8,0
DA:9,0
DA:23,0
LF:10
LH:0
BRF:0
BRH:0
end_of_record
TN:
SF:src\pin\pin.service.ts
FN:33,(anonymous_13)
FN:43,(anonymous_14)
FN:51,(anonymous_15)
FN:79,(anonymous_16)
FN:125,(anonymous_17)
FN:185,(anonymous_18)
FN:219,(anonymous_19)
FN:241,(anonymous_20)
FN:251,(anonymous_21)
FN:263,(anonymous_22)
FN:279,(anonymous_23)
FNF:11
FNH:8
FNDA:14,(anonymous_13)
FNDA:11,(anonymous_14)
FNDA:2,(anonymous_15)
FNDA:5,(anonymous_16)
FNDA:3,(anonymous_17)
FNDA:0,(anonymous_18)
FNDA:0,(anonymous_19)
FNDA:0,(anonymous_20)
FNDA:1,(anonymous_21)
FNDA:2,(anonymous_22)
FNDA:1,(anonymous_23)
DA:1,1
DA:3,1
DA:4,1
DA:5,1
DA:6,1
DA:7,1
DA:8,1
DA:9,1
DA:10,1
DA:11,1
DA:32,1
DA:34,14
DA:35,14
DA:36,14
DA:37,14
DA:38,14
DA:44,11
DA:48,11
DA:52,2
DA:53,2
DA:54,1
DA:61,1
DA:62,0
DA:64,1
DA:66,1
DA:70,1
DA:71,0
DA:73,1
DA:81,5
DA:82,5
DA:83,0
DA:87,5
DA:90,5
DA:91,1
DA:93,4
DA:94,1
DA:98,3
DA:105,3
DA:106,3
DA:107,0
DA:111,3
DA:112,3
DA:115,3
DA:116,3
DA:117,0
DA:120,3
DA:121,3
DA:122,3
DA:125,3
DA:127,3
DA:137,2
DA:147,2
DA:148,0
DA:152,2
DA:160,2
DA:161,2
DA:168,2
DA:173,2
DA:180,2
DA:186,0
DA:190,0
DA:191,0
DA:192,0
DA:196,0
DA:201,0
DA:210,0
DA:211,0
DA:219,0
DA:220,0
DA:222,0
DA:223,0
DA:224,0
DA:231,0
DA:242,0
DA:252,1
DA:268,2
DA:269,2
DA:270,0
DA:273,2
DA:274,2
DA:276,2
DA:277,2
DA:279,2
DA:280,1
DA:285,1
DA:286,1
DA:289,2
DA:291,2
LF:88
LH:66
BRDA:53,0,0,1
BRDA:53,0,1,1
BRDA:56,1,0,1
BRDA:56,1,1,1
BRDA:57,2,0,1
BRDA:57,2,1,1
BRDA:61,3,0,0
BRDA:61,3,1,1
BRDA:67,4,0,1
BRDA:67,4,1,0
BRDA:68,5,0,1
BRDA:68,5,1,0
BRDA:70,6,0,0
BRDA:70,6,1,1
BRDA:82,7,0,0
BRDA:82,7,1,5
BRDA:90,8,0,1
BRDA:90,8,1,4
BRDA:93,9,0,1
BRDA:93,9,1,3
BRDA:105,10,0,3
BRDA:105,10,1,0
BRDA:106,11,0,0
BRDA:106,11,1,3
BRDA:116,12,0,0
BRDA:116,12,1,3
BRDA:147,13,0,0
BRDA:147,13,1,2
BRDA:190,14,0,0
BRDA:190,14,1,0
BRDA:210,15,0,0
BRDA:210,15,1,0
BRDA:223,16,0,0
BRDA:223,16,1,0
BRDA:269,17,0,0
BRDA:269,17,1,2
BRDA:277,18,0,1
BRDA:277,18,1,1
BRDA:34,19,0,0
BRDA:34,19,1,1
BRDA:34,20,0,1
BRDA:34,20,1,0
BRDA:34,21,0,1
BRDA:34,21,1,0
BRDA:34,22,0,1
BRDA:34,22,1,1
BRDA:35,23,0,1
BRDA:35,23,1,0
BRDA:35,24,0,1
BRDA:35,24,1,1
BRDA:36,25,0,1
BRDA:36,25,1,0
BRDA:36,26,0,1
BRDA:36,26,1,1
BRDA:37,27,0,0
BRDA:37,27,1,1
BRDA:37,28,0,1
BRDA:37,28,1,0
BRF:58
BRH:35
end_of_record
TN:
SF:src\queue\queue.module.ts
FN:19,(anonymous_1)
FNF:1
FNH:0
FNDA:0,(anonymous_1)
DA:1,0
DA:2,0
DA:3,0
DA:4,0
DA:5,0
DA:6,0
DA:7,0
DA:8,0
DA:9,0
DA:10,0
DA:11,0
DA:19,0
DA:43,0
LF:13
LH:0
BRF:0
BRH:0
end_of_record
TN:
SF:src\queue\processors\disputes.processor.ts
FN:8,(anonymous_2)
FN:11,(anonymous_3)
FN:23,(anonymous_4)
FNF:3
FNH:0
FNDA:0,(anonymous_2)
FNDA:0,(anonymous_3)
FNDA:0,(anonymous_4)
DA:1,0
DA:3,0
DA:4,0
DA:7,0
DA:8,0
DA:12,0
DA:14,0
DA:15,0
DA:17,0
DA:18,0
DA:24,0
DA:26,0
DA:29,0
DA:31,0
DA:32,0
LF:15
LH:0
BRDA:8,0,0,0
BRDA:8,0,1,0
BRDA:8,1,0,0
BRDA:8,1,1,0
BRF:4
BRH:0
end_of_record
TN:
SF:src\queue\processors\orders.processor.ts
FN:8,(anonymous_2)
FN:11,(anonymous_3)
FNF:2
FNH:0
FNDA:0,(anonymous_2)
FNDA:0,(anonymous_3)
DA:1,0
DA:3,0
DA:4,0
DA:7,0
DA:8,0
DA:12,0
DA:14,0
DA:15,0
DA:17,0
DA:18,0
LF:10
LH:0
BRDA:8,0,0,0
BRDA:8,0,1,0
BRDA:8,1,0,0
BRDA:8,1,1,0
BRF:4
BRH:0
end_of_record
TN:
SF:src\queue\processors\premium.processor.ts
FN:9,(anonymous_2)
FN:14,(anonymous_3)
FN:29,(anonymous_4)
FN:41,(anonymous_5)
FNF:4
FNH:0
FNDA:0,(anonymous_2)
FNDA:0,(anonymous_3)
FNDA:0,(anonymous_4)
FNDA:0,(anonymous_5)
DA:1,0
DA:3,0
DA:4,0
DA:5,0
DA:8,0
DA:10,0
DA:11,0
DA:15,0
DA:17,0
DA:19,0
DA:20,0
DA:22,0
DA:23,0
DA:25,0
DA:30,0
DA:31,0
DA:33,0
DA:34,0
DA:36,0
DA:37,0
DA:42,0
DA:43,0
DA:45,0
DA:46,0
DA:48,0
DA:49,0
LF:26
LH:0
BRDA:17,0,0,0
BRDA:17,0,1,0
BRDA:17,0,2,0
BRDA:10,1,0,0
BRDA:10,1,1,0
BRDA:10,2,0,0
BRDA:10,2,1,0
BRDA:10,3,0,0
BRDA:10,3,1,0
BRDA:10,4,0,0
BRDA:10,4,1,0
BRF:11
BRH:0
end_of_record
TN:
SF:src\users\users.controller.ts
FN:23,(anonymous_4)
FN:30,(anonymous_5)
FN:35,(anonymous_6)
FN:41,(anonymous_7)
FN:50,(anonymous_8)
FN:63,(anonymous_9)
FNF:6
FNH:0
FNDA:0,(anonymous_4)
FNDA:0,(anonymous_5)
FNDA:0,(anonymous_6)
FNDA:0,(anonymous_7)
FNDA:0,(anonymous_8)
FNDA:0,(anonymous_9)
DA:1,0
DA:10,0
DA:11,0
DA:12,0
DA:13,0
DA:14,0
DA:15,0
DA:16,0
DA:18,0
DA:22,0
DA:24,0
DA:25,0
DA:30,0
DA:31,0
DA:35,0
DA:36,0
DA:41,0
DA:45,0
DA:50,0
DA:55,0
DA:56,0
DA:57,0
DA:59,0
DA:63,0
DA:64,0
LF:25
LH:0
BRDA:56,0,0,0
BRDA:56,0,1,0
BRDA:35,1,0,0
BRDA:35,1,1,0
BRDA:35,2,0,0
BRDA:35,2,1,0
BRDA:42,3,0,0
BRDA:42,3,1,0
BRDA:42,4,0,0
BRDA:42,4,1,0
BRDA:42,5,0,0
BRDA:42,5,1,0
BRDA:42,6,0,0
BRDA:42,6,1,0
BRDA:51,7,0,0
BRDA:51,7,1,0
BRDA:51,8,0,0
BRDA:51,8,1,0
BRDA:51,9,0,0
BRDA:51,9,1,0
BRDA:51,10,0,0
BRDA:51,10,1,0
BRDA:63,11,0,0
BRDA:63,11,1,0
BRDA:63,12,0,0
BRDA:63,12,1,0
BRDA:24,13,0,0
BRDA:24,13,1,0
BRDA:24,14,0,0
BRDA:24,14,1,0
BRDA:24,15,0,0
BRDA:24,15,1,0
BRDA:24,16,0,0
BRDA:24,16,1,0
BRF:34
BRH:0
end_of_record
TN:
SF:src\users\users.module.ts
FNF:0
FNH:0
DA:1,0
DA:2,0
DA:3,0
DA:4,0
DA:12,0
LF:5
LH:0
BRF:0
BRH:0
end_of_record
TN:
SF:src\users\users.service.ts
FN:12,(anonymous_13)
FN:14,(anonymous_14)
FN:52,(anonymous_15)
FN:61,(anonymous_16)
FN:79,(anonymous_17)
FN:110,(anonymous_18)
FN:130,(anonymous_19)
FN:141,(anonymous_20)
FN:152,(anonymous_21)
FN:155,(anonymous_22)
FN:172,(anonymous_23)
FN:190,(anonymous_24)
FN:196,(anonymous_25)
FN:234,(anonymous_26)
FNF:14
FNH:0
FNDA:0,(anonymous_13)
FNDA:0,(anonymous_14)
FNDA:0,(anonymous_15)
FNDA:0,(anonymous_16)
FNDA:0,(anonymous_17)
FNDA:0,(anonymous_18)
FNDA:0,(anonymous_19)
FNDA:0,(anonymous_20)
FNDA:0,(anonymous_21)
FNDA:0,(anonymous_22)
FNDA:0,(anonymous_23)
FNDA:0,(anonymous_24)
FNDA:0,(anonymous_25)
FNDA:0,(anonymous_26)
DA:1,0
DA:3,0
DA:4,0
DA:5,0
DA:11,0
DA:12,0
DA:19,0
DA:25,0
DA:26,0
DA:29,0
DA:35,0
DA:36,0
DA:39,0
DA:48,0
DA:49,0
DA:53,0
DA:58,0
DA:62,0
DA:75,0
DA:76,0
DA:80,0
DA:81,0
DA:86,0
DA:87,0
DA:88,0
DA:92,0
DA:107,0
DA:112,0
DA:125,0
DA:127,0
DA:130,0
DA:134,0
DA:139,0
DA:141,0
DA:143,0
DA:152,0
DA:156,0
DA:174,0
DA:180,0
DA:182,0
DA:191,0
DA:202,0
DA:204,0
DA:205,0
DA:215,0
DA:216,0
DA:218,0
DA:220,0
DA:227,0
DA:228,0
DA:230,0
DA:238,0
DA:239,0
DA:241,0
LF:54
LH:0
BRDA:25,0,0,0
BRDA:25,0,1,0
BRDA:35,1,0,0
BRDA:35,1,1,0
BRDA:48,2,0,0
BRDA:48,2,1,0
BRDA:58,3,0,0
BRDA:58,3,1,0
BRDA:75,4,0,0
BRDA:75,4,1,0
BRDA:80,5,0,0
BRDA:80,5,1,0
BRDA:87,6,0,0
BRDA:87,6,1,0
BRDA:87,7,0,0
BRDA:87,7,1,0
BRDA:95,8,0,0
BRDA:95,8,1,0
BRDA:96,9,0,0
BRDA:96,9,1,0
BRDA:125,10,0,0
BRDA:125,10,1,0
BRDA:139,11,0,0
BRDA:139,11,1,0
BRDA:180,12,0,0
BRDA:180,12,1,0
BRDA:204,13,0,0
BRDA:204,13,1,0
BRDA:207,14,0,0
BRDA:207,14,1,0
BRDA:208,15,0,0
BRDA:208,15,1,0
BRDA:209,16,0,0
BRDA:209,16,1,0
BRDA:210,17,0,0
BRDA:210,17,1,0
BRDA:215,18,0,0
BRDA:215,18,1,0
BRDA:224,19,0,0
BRDA:224,19,1,0
BRDA:227,20,0,0
BRDA:227,20,1,0
BRDA:245,21,0,0
BRDA:245,21,1,0
BRDA:247,22,0,0
BRDA:247,22,1,0
BRDA:12,23,0,0
BRDA:12,23,1,0
BRDA:12,24,0,0
BRDA:12,24,1,0
BRF:50
BRH:0
end_of_record
TN:
SF:src\users\dto\update-profile.dto.ts
FNF:0
FNH:0
DA:1,0
DA:3,0
DA:7,0
DA:12,0
DA:15,0
DA:19,0
DA:24,0
DA:30,0
DA:35,0
LF:9
LH:0
BRF:0
BRH:0
end_of_record
TN:
SF:src\vip\vip.controller.ts
FN:22,(anonymous_4)
FN:27,(anonymous_5)
FN:32,(anonymous_6)
FN:44,(anonymous_7)
FN:52,(anonymous_8)
FN:65,(anonymous_9)
FN:73,(anonymous_10)
FN:84,(anonymous_11)
FN:92,(anonymous_12)
FNF:9
FNH:0
FNDA:0,(anonymous_4)
FNDA:0,(anonymous_5)
FNDA:0,(anonymous_6)
FNDA:0,(anonymous_7)
FNDA:0,(anonymous_8)
FNDA:0,(anonymous_9)
FNDA:0,(anonymous_10)
FNDA:0,(anonymous_11)
FNDA:0,(anonymous_12)
DA:1,0
DA:13,0
DA:14,0
DA:15,0
DA:16,0
DA:17,0
DA:18,0
DA:21,0
DA:22,0
DA:27,0
DA:28,0
DA:32,0
DA:33,0
DA:34,0
DA:35,0
DA:37,0
DA:44,0
DA:45,0
DA:46,0
DA:47,0
DA:52,0
DA:56,0
DA:57,0
DA:65,0
DA:66,0
DA:67,0
DA:73,0
DA:77,0
DA:78,0
DA:84,0
DA:85,0
DA:86,0
DA:92,0
DA:93,0
LF:34
LH:0
BRDA:34,0,0,0
BRDA:34,0,1,0
BRDA:54,1,0,0
BRDA:54,1,1,0
BRDA:54,2,0,0
BRDA:54,2,1,0
BRDA:65,3,0,0
BRDA:65,3,1,0
BRDA:65,4,0,0
BRDA:65,4,1,0
BRDA:75,5,0,0
BRDA:75,5,1,0
BRDA:75,6,0,0
BRDA:75,6,1,0
BRDA:22,7,0,0
BRDA:22,7,1,0
BRDA:22,8,0,0
BRDA:22,8,1,0
BRF:18
BRH:0
end_of_record
TN:
SF:src\vip\vip.module.ts
FNF:0
FNH:0
DA:1,0
DA:2,0
DA:3,0
DA:4,0
DA:5,0
DA:6,0
DA:7,0
DA:8,0
DA:21,0
LF:9
LH:0
BRF:0
BRH:0
end_of_record
TN:
SF:src\vip\vip.service.ts
FN:52,(anonymous_13)
FN:60,(anonymous_14)
FN:74,(anonymous_15)
FN:98,(anonymous_16)
FN:102,(anonymous_17)
FN:109,(anonymous_18)
FN:115,(anonymous_19)
FN:123,(anonymous_20)
FN:134,(anonymous_21)
FN:139,(anonymous_22)
FN:177,(anonymous_23)
FN:213,(anonymous_24)
FN:229,(anonymous_25)
FN:240,(anonymous_26)
FNF:14
FNH:11
FNDA:17,(anonymous_13)
FNDA:1,(anonymous_14)
FNDA:2,(anonymous_15)
FNDA:1,(anonymous_16)
FNDA:1,(anonymous_17)
FNDA:1,(anonymous_18)
FNDA:6,(anonymous_19)
FNDA:7,(anonymous_20)
FNDA:0,(anonymous_21)
FNDA:4,(anonymous_22)
FNDA:3,(anonymous_23)
FNDA:0,(anonymous_24)
FNDA:0,(anonymous_25)
FNDA:2,(anonymous_26)
DA:1,2
DA:3,2
DA:4,2
DA:5,2
DA:6,2
DA:7,2
DA:51,2
DA:53,17
DA:54,17
DA:55,17
DA:61,1
DA:68,1
DA:69,0
DA:71,1
DA:75,2
DA:78,2
DA:79,1
DA:82,1
DA:92,1
DA:93,0
DA:95,1
DA:99,1
DA:103,1
DA:109,1
DA:116,6
DA:124,7
DA:135,0
DA:136,0
DA:140,4
DA:141,4
DA:142,1
DA:146,3
DA:147,3
DA:150,3
DA:152,0
DA:153,0
DA:154,0
DA:156,0
DA:159,3
DA:163,3
DA:164,3
DA:165,0
DA:166,0
DA:167,0
DA:171,3
DA:172,3
DA:173,0
DA:177,3
DA:178,3
DA:187,2
DA:196,2
DA:197,0
DA:201,2
DA:208,2
DA:214,0
DA:219,0
DA:220,0
DA:230,0
DA:248,2
DA:249,2
DA:250,2
DA:253,0
DA:254,0
DA:256,0
LF:64
LH:44
BRDA:66,0,0,1
BRDA:66,0,1,0
BRDA:68,1,0,0
BRDA:68,1,1,1
BRDA:78,2,0,1
BRDA:78,2,1,1
BRDA:84,3,0,1
BRDA:84,3,1,1
BRDA:85,4,0,1
BRDA:85,4,1,1
BRDA:86,5,0,1
BRDA:86,5,1,0
BRDA:87,6,0,1
BRDA:87,6,1,0
BRDA:88,7,0,1
BRDA:88,7,1,0
BRDA:92,8,0,0
BRDA:92,8,1,1
BRDA:102,9,0,1
BRDA:104,10,0,1
BRDA:104,10,1,0
BRDA:111,11,0,1
BRDA:111,11,1,1
BRDA:141,12,0,1
BRDA:141,12,1,3
BRDA:141,13,0,4
BRDA:141,13,1,4
BRDA:150,14,0,0
BRDA:150,14,1,3
BRDA:153,15,0,0
BRDA:153,15,1,0
BRDA:164,16,0,0
BRDA:164,16,1,3
BRDA:166,17,0,0
BRDA:166,17,1,0
BRDA:172,18,0,0
BRDA:172,18,1,3
BRDA:196,19,0,0
BRDA:196,19,1,2
BRDA:219,20,0,0
BRDA:219,20,1,0
BRDA:249,21,0,2
BRDA:249,21,1,0
BRDA:254,22,0,0
BRDA:254,22,1,0
BRDA:260,23,0,0
BRDA:260,23,1,0
BRDA:53,24,0,0
BRDA:53,24,1,2
BRDA:53,25,0,2
BRDA:53,25,1,0
BRDA:53,26,0,2
BRDA:53,26,1,0
BRDA:53,27,0,2
BRDA:53,27,1,2
BRDA:54,28,0,2
BRDA:54,28,1,0
BRDA:54,29,0,2
BRDA:54,29,1,2
BRF:59
BRH:33
end_of_record
TN:
SF:src\wallet\admin-wallet.controller.ts
FN:20,(anonymous_4)
FN:24,(anonymous_5)
FN:31,(anonymous_6)
FNF:3
FNH:0
FNDA:0,(anonymous_4)
FNDA:0,(anonymous_5)
FNDA:0,(anonymous_6)
DA:1,0
DA:11,0
DA:12,0
DA:13,0
DA:14,0
DA:15,0
DA:19,0
DA:20,0
DA:24,0
DA:25,0
DA:31,0
DA:35,0
LF:12
LH:0
BRDA:33,0,0,0
BRDA:33,0,1,0
BRDA:33,1,0,0
BRDA:33,1,1,0
BRDA:20,2,0,0
BRDA:20,2,1,0
BRDA:20,3,0,0
BRDA:20,3,1,0
BRF:8
BRH:0
end_of_record
TN:
SF:src\wallet\insurance.service.ts
FN:13,(anonymous_13)
FN:18,(anonymous_14)
FN:44,(anonymous_15)
FNF:3
FNH:0
FNDA:0,(anonymous_13)
FNDA:0,(anonymous_14)
FNDA:0,(anonymous_15)
DA:1,0
DA:3,0
DA:4,0
DA:5,0
DA:6,0
DA:12,0
DA:14,0
DA:15,0
DA:20,0
DA:21,0
DA:22,0
DA:25,0
DA:33,0
DA:40,0
DA:41,0
DA:45,0
DA:46,0
DA:47,0
DA:52,0
DA:53,0
DA:55,0
DA:68,0
DA:69,0
DA:70,0
DA:76,0
DA:77,0
DA:79,0
DA:92,0
DA:93,0
DA:98,0
DA:105,0
LF:31
LH:0
BRDA:21,0,0,0
BRDA:21,0,1,0
BRDA:46,1,0,0
BRDA:46,1,1,0
BRDA:69,2,0,0
BRDA:69,2,1,0
BRDA:69,3,0,0
BRDA:69,3,1,0
BRDA:92,4,0,0
BRDA:92,4,1,0
BRDA:14,5,0,0
BRDA:14,5,1,0
BRDA:14,6,0,0
BRDA:14,6,1,0
BRDA:14,7,0,0
BRDA:14,7,1,0
BRDA:14,8,0,0
BRDA:14,8,1,0
BRF:18
BRH:0
end_of_record
TN:
SF:src\wallet\topup.service.ts
FN:14,(anonymous_13)
FN:19,(anonymous_14)
FN:47,(anonymous_15)
FN:77,(anonymous_16)
FN:99,(anonymous_17)
FN:131,(anonymous_18)
FNF:6
FNH:0
FNDA:0,(anonymous_13)
FNDA:0,(anonymous_14)
FNDA:0,(anonymous_15)
FNDA:0,(anonymous_16)
FNDA:0,(anonymous_17)
FNDA:0,(anonymous_18)
DA:1,0
DA:3,0
DA:4,0
DA:5,0
DA:6,0
DA:7,0
DA:13,0
DA:15,0
DA:16,0
DA:20,0
DA:21,0
DA:32,0
DA:34,0
DA:48,0
DA:54,0
DA:55,0
DA:56,0
DA:60,0
DA:69,0
DA:74,0
DA:78,0
DA:79,0
DA:90,0
DA:92,0
DA:100,0
DA:106,0
DA:108,0
DA:109,0
DA:117,0
DA:122,0
DA:128,0
DA:132,0
LF:32
LH:0
BRDA:32,0,0,0
BRDA:32,0,1,0
BRDA:39,1,0,0
BRDA:39,1,1,0
BRDA:40,2,0,0
BRDA:40,2,1,0
BRDA:41,3,0,0
BRDA:41,3,1,0
BRDA:54,4,0,0
BRDA:54,4,1,0
BRDA:55,5,0,0
BRDA:55,5,1,0
BRDA:66,6,0,0
BRDA:66,6,1,0
BRDA:90,7,0,0
BRDA:90,7,1,0
BRDA:106,8,0,0
BRDA:106,8,1,0
BRDA:106,9,0,0
BRDA:106,9,1,0
BRDA:108,10,0,0
BRDA:108,10,1,0
BRDA:115,11,0,0
BRDA:115,11,1,0
BRDA:15,12,0,0
BRDA:15,12,1,0
BRDA:15,13,0,0
BRDA:15,13,1,0
BRDA:15,14,0,0
BRDA:15,14,1,0
BRDA:15,15,0,0
BRDA:15,15,1,0
BRF:32
BRH:0
end_of_record
TN:
SF:src\wallet\wallet.controller.ts
FN:28,(anonymous_4)
FN:36,(anonymous_5)
FN:44,(anonymous_6)
FN:50,(anonymous_7)
FN:56,(anonymous_8)
FN:62,(anonymous_9)
FN:67,(anonymous_10)
FN:74,(anonymous_11)
FN:80,(anonymous_12)
FNF:9
FNH:0
FNDA:0,(anonymous_4)
FNDA:0,(anonymous_5)
FNDA:0,(anonymous_6)
FNDA:0,(anonymous_7)
FNDA:0,(anonymous_8)
FNDA:0,(anonymous_9)
FNDA:0,(anonymous_10)
FNDA:0,(anonymous_11)
FNDA:0,(anonymous_12)
DA:1,0
DA:10,0
DA:11,0
DA:12,0
DA:13,0
DA:14,0
DA:15,0
DA:16,0
DA:17,0
DA:27,0
DA:29,0
DA:30,0
DA:31,0
DA:32,0
DA:36,0
DA:37,0
DA:38,0
DA:39,0
DA:44,0
DA:45,0
DA:50,0
DA:51,0
DA:56,0
DA:57,0
DA:62,0
DA:63,0
DA:67,0
DA:68,0
DA:69,0
DA:74,0
DA:75,0
DA:80,0
DA:81,0
LF:33
LH:0
BRDA:36,0,0,0
BRDA:36,0,1,0
BRDA:36,1,0,0
BRDA:36,1,1,0
BRDA:44,2,0,0
BRDA:44,2,1,0
BRDA:44,3,0,0
BRDA:44,3,1,0
BRDA:44,4,0,0
BRDA:44,4,1,0
BRDA:44,5,0,0
BRDA:44,5,1,0
BRDA:50,6,0,0
BRDA:50,6,1,0
BRDA:50,7,0,0
BRDA:50,7,1,0
BRDA:50,8,0,0
BRDA:50,8,1,0
BRDA:50,9,0,0
BRDA:50,9,1,0
BRDA:62,10,0,0
BRDA:62,10,1,0
BRDA:62,11,0,0
BRDA:62,11,1,0
BRDA:62,12,0,0
BRDA:62,12,1,0
BRDA:62,13,0,0
BRDA:62,13,1,0
BRDA:67,14,0,0
BRDA:67,14,1,0
BRDA:67,15,0,0
BRDA:67,15,1,0
BRDA:74,16,0,0
BRDA:74,16,1,0
BRDA:74,17,0,0
BRDA:74,17,1,0
BRDA:74,18,0,0
BRDA:74,18,1,0
BRDA:74,19,0,0
BRDA:74,19,1,0
BRDA:80,20,0,0
BRDA:80,20,1,0
BRDA:80,21,0,0
BRDA:80,21,1,0
BRDA:80,22,0,0
BRDA:80,22,1,0
BRDA:80,23,0,0
BRDA:80,23,1,0
BRDA:29,24,0,0
BRDA:29,24,1,0
BRDA:29,25,0,0
BRDA:29,25,1,0
BRDA:29,26,0,0
BRDA:29,26,1,0
BRDA:29,27,0,0
BRDA:29,27,1,0
BRDA:30,28,0,0
BRDA:30,28,1,0
BRDA:30,29,0,0
BRDA:30,29,1,0
BRDA:31,30,0,0
BRDA:31,30,1,0
BRDA:31,31,0,0
BRDA:31,31,1,0
BRF:64
BRH:0
end_of_record
TN:
SF:src\wallet\wallet.module.ts
FNF:0
FNH:0
DA:1,0
DA:2,0
DA:3,0
DA:4,0
DA:5,0
DA:6,0
DA:7,0
DA:14,0
LF:8
LH:0
BRF:0
BRH:0
end_of_record
TN:
SF:src\wallet\wallet.service.ts
FN:11,(anonymous_13)
FN:13,(anonymous_14)
FN:26,(anonymous_15)
FN:43,(anonymous_16)
FN:61,(anonymous_17)
FN:88,(anonymous_18)
FN:121,(anonymous_19)
FN:154,(anonymous_20)
FN:197,(anonymous_21)
FN:221,(anonymous_22)
FN:263,(anonymous_23)
FNF:11
FNH:0
FNDA:0,(anonymous_13)
FNDA:0,(anonymous_14)
FNDA:0,(anonymous_15)
FNDA:0,(anonymous_16)
FNDA:0,(anonymous_17)
FNDA:0,(anonymous_18)
FNDA:0,(anonymous_19)
FNDA:0,(anonymous_20)
FNDA:0,(anonymous_21)
FNDA:0,(anonymous_22)
FNDA:0,(anonymous_23)
DA:1,2
DA:3,2
DA:4,2
DA:5,2
DA:10,2
DA:11,0
DA:14,0
DA:23,0
DA:27,0
DA:37,0
DA:44,0
DA:54,0
DA:72,0
DA:81,0
DA:100,0
DA:101,0
DA:102,0
DA:105,0
DA:114,0
DA:130,0
DA:131,0
DA:132,0
DA:134,0
DA:135,0
DA:138,0
DA:147,0
DA:162,0
DA:175,0
DA:176,0
DA:180,0
DA:181,0
DA:190,0
DA:205,0
DA:214,0
DA:227,0
DA:239,0
DA:240,0
DA:244,0
DA:257,0
DA:264,0
DA:265,0
DA:268,0
DA:273,0
DA:274,0
DA:277,0
LF:45
LH:5
BRDA:23,0,0,0
BRDA:23,0,1,0
BRDA:37,1,0,0
BRDA:37,1,1,0
BRDA:54,2,0,0
BRDA:54,2,1,0
BRDA:101,3,0,0
BRDA:101,3,1,0
BRDA:134,4,0,0
BRDA:134,4,1,0
BRDA:175,5,0,0
BRDA:175,5,1,0
BRDA:239,6,0,0
BRDA:239,6,1,0
BRDA:273,7,0,0
BRDA:273,7,1,0
BRDA:273,8,0,0
BRDA:273,8,1,0
BRDA:11,9,0,0
BRDA:11,9,1,2
BRDA:11,10,0,2
BRDA:11,10,1,0
BRF:22
BRH:2
end_of_record
TN:
SF:src\wallet\withdraw.service.ts
FN:13,(anonymous_13)
FN:18,(anonymous_14)
FNF:2
FNH:0
FNDA:0,(anonymous_13)
FNDA:0,(anonymous_14)
DA:1,0
DA:3,0
DA:4,0
DA:5,0
DA:6,0
DA:12,0
DA:14,0
DA:15,0
DA:19,0
DA:20,0
DA:21,0
DA:25,0
DA:33,0
DA:45,0
DA:46,0
DA:49,0
DA:50,0
DA:51,0
DA:57,0
DA:65,0
DA:71,0
LF:21
LH:0
BRDA:20,0,0,0
BRDA:20,0,1,0
BRDA:45,1,0,0
BRDA:45,1,1,0
BRDA:50,2,0,0
BRDA:50,2,1,0
BRDA:74,3,0,0
BRDA:74,3,1,0
BRDA:14,4,0,0
BRDA:14,4,1,0
BRDA:14,5,0,0
BRDA:14,5,1,0
BRDA:14,6,0,0
BRDA:14,6,1,0
BRDA:14,7,0,0
BRDA:14,7,1,0
BRF:16
BRH:0
end_of_record
TN:
SF:src\wallet\dto\wallet.dto.ts
FNF:0
FNH:0
DA:1,0
DA:3,0
DA:6,0
DA:9,0
DA:12,0
DA:15,0
DA:18,0
DA:21,0
DA:25,0
DA:29,0
DA:33,0
DA:36,0
DA:39,0
DA:42,0
DA:45,0
LF:15
LH:0
BRF:0
BRH:0
end_of_record
